[0.010s] Invoking command in '/home/atr-lab/Desktop/main_workstation/ROS_autonomous_delivery/build/turtlebot3_gazebo': CMAKE_PREFIX_PATH=${CMAKE_PREFIX_PATH}:/opt/ros/jazzy DEBUGINFOD_URLS=https://debuginfod.ubuntu.com /usr/bin/cmake /home/atr-lab/Desktop/main_workstation/ROS_autonomous_delivery/src/turtlebot3_simulations/turtlebot3_gazebo -DCMAKE_INSTALL_PREFIX=/home/atr-lab/Desktop/main_workstation/ROS_autonomous_delivery/install/turtlebot3_gazebo
[0.121s] -- The C compiler identification is GNU 13.3.0
[0.216s] -- The CXX compiler identification is GNU 13.3.0
[0.233s] -- Detecting C compiler ABI info
[0.312s] -- Detecting C compiler ABI info - done
[0.322s] -- Check for working C compiler: /usr/bin/cc - skipped
[0.322s] -- Detecting C compile features
[0.322s] -- Detecting C compile features - done
[0.330s] -- Detecting CXX compiler ABI info
[0.416s] -- Detecting CXX compiler ABI info - done
[0.425s] -- Check for working CXX compiler: /usr/bin/c++ - skipped
[0.425s] -- Detecting CXX compile features
[0.426s] -- Detecting CXX compile features - done
[0.431s] -- Found ament_cmake: 2.5.4 (/opt/ros/jazzy/share/ament_cmake/cmake)
[0.577s] -- Found Python3: /usr/bin/python3 (found version "3.12.3") found components: Interpreter 
[0.682s] -- Found ros_gz_sim: 1.0.22 (/opt/ros/jazzy/share/ros_gz_sim/cmake)
[0.730s] -- Found rosidl_generator_c: 4.6.5 (/opt/ros/jazzy/share/rosidl_generator_c/cmake)
[0.743s] -- Found rosidl_generator_cpp: 4.6.5 (/opt/ros/jazzy/share/rosidl_generator_cpp/cmake)
[0.759s] -- Using all available rosidl_typesupport_c: rosidl_typesupport_fastrtps_c;rosidl_typesupport_introspection_c
[0.776s] -- Using all available rosidl_typesupport_cpp: rosidl_typesupport_fastrtps_cpp;rosidl_typesupport_introspection_cpp
[0.864s] -- Found rmw_implementation_cmake: 7.3.2 (/opt/ros/jazzy/share/rmw_implementation_cmake/cmake)
[0.870s] -- Found rmw_fastrtps_cpp: 8.4.2 (/opt/ros/jazzy/share/rmw_fastrtps_cpp/cmake)
[0.970s] -- Found OpenSSL: /usr/lib/x86_64-linux-gnu/libcrypto.so (found version "3.0.13")  
[0.987s] -- Found FastRTPS: /opt/ros/jazzy/include (Required is at least version "2.13") 
[1.008s] -- Using RMW implementation 'rmw_fastrtps_cpp' as default
[1.229s] -- Found nav_msgs: 5.3.6 (/opt/ros/jazzy/share/nav_msgs/cmake)
[1.249s] -- Found sensor_msgs: 5.3.6 (/opt/ros/jazzy/share/sensor_msgs/cmake)
[1.268s] -- Found gz_math_vendor: 0.0.8 (/opt/ros/jazzy/share/gz_math_vendor/cmake)
[1.276s] -- Looking for gz-math7 -- found version 7.5.2
[1.284s] -- Searching for dependencies of gz-math7
[1.286s] -- Looking for gz-utils2 -- found version 2.2.1
[1.286s] -- Searching for dependencies of gz-utils2
[1.290s] -- Found gz_sim_vendor: 0.0.9 (/opt/ros/jazzy/share/gz_sim_vendor/cmake)
[1.343s] -- Looking for gz-sim8 -- found version 8.10.0
[1.343s] -- Searching for dependencies of gz-sim8
[1.345s] -- Looking for sdformat14 -- found version 14.8.0
[1.345s] -- Searching for dependencies of sdformat14
[1.349s] -- Checking for module 'tinyxml2'
[1.361s] --   Found tinyxml2, version 10.0.0
[1.387s] -- Looking for gz-math7 -- found version 7.5.2
[1.387s] -- Looking for gz-utils2 -- found version 2.2.1
[1.388s] -- Searching for dependencies of gz-utils2
[1.388s] -- Searching for <gz-utils2> component [cli]
[1.391s] -- Looking for gz-utils2-cli -- found version 2.2.1
[1.391s] -- Searching for dependencies of gz-utils2-cli
[1.394s] -- Looking for gz-plugin2 -- found version 2.0.4
[1.394s] -- Searching for dependencies of gz-plugin2
[1.394s] -- Looking for gz-utils2 -- found version 2.2.1
[1.394s] -- Searching for <gz-plugin2> component [loader]
[1.396s] -- Looking for gz-plugin2-loader -- found version 2.0.4
[1.396s] -- Searching for dependencies of gz-plugin2-loader
[1.396s] -- Searching for <gz-plugin2> component [register]
[1.398s] -- Looking for gz-plugin2-register -- found version 2.0.4
[1.398s] -- Searching for dependencies of gz-plugin2-register
[1.400s] -- Looking for gz-transport13 -- found version 13.5.0
[1.400s] -- Searching for dependencies of gz-transport13
[1.497s] -- Found Protobuf: /usr/lib/x86_64-linux-gnu/libprotobuf.so (found version "3.21.12") 
[1.507s] -- Config-file not installed for ZeroMQ -- checking for pkg-config
[1.512s] -- Checking for module 'libzmq >= 4'
[1.526s] --   Found libzmq, version 4.3.5
[1.561s] -- Found ZeroMQ: TRUE (Required is at least version "4") 
[1.567s] -- Checking for module 'uuid'
[1.580s] --   Found uuid, version 2.39.3
[1.606s] -- Found UUID: TRUE  
[1.607s] -- Looking for gz-utils2 -- found version 2.2.1
[1.609s] -- Looking for gz-msgs10 -- found version 10.3.2
[1.609s] -- Searching for dependencies of gz-msgs10
[1.626s] -- Looking for gz-utils2 -- found version 2.2.1
[1.627s] -- Looking for gz-math7 -- found version 7.5.2
[1.636s] -- Searching for <gz-transport13> component [log]
[1.638s] -- Looking for gz-transport13-log -- found version 13.5.0
[1.638s] -- Searching for dependencies of gz-transport13-log
[1.639s] -- Searching for <gz-transport13> component [parameters]
[1.641s] -- Looking for gz-transport13-parameters -- found version 13.5.0
[1.641s] -- Searching for dependencies of gz-transport13-parameters
[1.642s] -- Looking for gz-msgs10 -- found version 10.3.2
[1.644s] -- Looking for gz-common5 -- found version 5.7.1
[1.644s] -- Searching for dependencies of gz-common5
[1.645s] -- Looking for gz-utils2 -- found version 2.2.1
[1.645s] -- Looking for dlfcn.h - found
[1.646s] -- Looking for libdl - found
[1.647s] -- Found DL: TRUE  
[1.654s] -- Searching for <gz-common5> component [av]
[1.657s] -- Looking for gz-common5-av -- found version 5.7.1
[1.657s] -- Searching for dependencies of gz-common5-av
[1.662s] -- Checking for module 'libswscale'
[1.677s] --   Found libswscale, version 7.5.100
[1.704s] -- Found SWSCALE: TRUE  
[1.708s] -- Checking for module 'libavdevice >= 56.4.100'
[1.723s] --   Found libavdevice, version 60.3.100
[1.764s] -- Found AVDEVICE: TRUE (Required is at least version "56.4.100") 
[1.768s] -- Checking for module 'libavformat'
[1.783s] --   Found libavformat, version 60.16.100
[1.817s] -- Found AVFORMAT: TRUE  
[1.823s] -- Checking for module 'libavcodec'
[1.838s] --   Found libavcodec, version 60.31.102
[1.870s] -- Found AVCODEC: TRUE  
[1.876s] -- Checking for module 'libavutil'
[1.890s] --   Found libavutil, version 58.29.100
[1.921s] -- Found AVUTIL: TRUE  
[1.924s] -- Searching for <gz-common5> component [events]
[1.926s] -- Looking for gz-common5-events -- found version 5.7.1
[1.926s] -- Searching for dependencies of gz-common5-events
[1.927s] -- Looking for gz-math7 -- found version 7.5.2
[1.927s] -- Searching for <gz-common5> component [graphics]
[1.929s] -- Looking for gz-common5-graphics -- found version 5.7.1
[1.929s] -- Searching for dependencies of gz-common5-graphics
[1.929s] -- Looking for gz-math7 -- found version 7.5.2
[1.934s] -- Found GzAssimp: TRUE (found version "5.3.0") 
[1.935s] -- Searching for <gz-common5> component [io]
[1.937s] -- Looking for gz-common5-io -- found version 5.7.1
[1.937s] -- Searching for dependencies of gz-common5-io
[1.938s] -- Searching for <gz-common5> component [profiler]
[1.941s] -- Looking for gz-common5-profiler -- found version 5.7.1
[1.941s] -- Searching for dependencies of gz-common5-profiler
[1.945s] -- Looking for gz-fuel_tools9 -- found version 9.1.1
[1.945s] -- Searching for dependencies of gz-fuel_tools9
[2.032s] -- Found CURL: /usr/lib/x86_64-linux-gnu/libcurl.so (found version "8.5.0")  
[2.042s] -- Checking for module 'jsoncpp'
[2.057s] --   Found jsoncpp, version 1.9.5
[2.087s] -- Found JSONCPP: TRUE  
[2.102s] -- Checking for module 'yaml-0.1'
[2.118s] --   Found yaml-0.1, version 0.2.5
[2.148s] -- Found YAML: TRUE  
[2.153s] -- Checking for module 'libzip'
[2.167s] --   Found libzip, version 1.7.3
[2.196s] -- Found ZIP: TRUE  
[2.196s] -- Looking for gz-utils2 -- found version 2.2.1
[2.196s] -- Looking for gz-common5 -- found version 5.7.1
[2.197s] -- Searching for dependencies of gz-common5
[2.197s] -- Looking for gz-utils2 -- found version 2.2.1
[2.197s] -- Looking for dlfcn.h - found
[2.197s] -- Looking for libdl - found
[2.205s] -- Searching for <gz-common5> component [testing]
[2.208s] -- Looking for gz-common5-testing -- found version 5.7.1
[2.209s] -- Searching for dependencies of gz-common5-testing
[2.210s] -- Looking for gz-math7 -- found version 7.5.2
[2.211s] -- Looking for gz-msgs10 -- found version 10.3.2
[2.215s] -- Looking for gz-gui8 -- found version 8.4.0
[2.215s] -- Searching for dependencies of gz-gui8
[2.240s] -- Looking for gz-utils2 -- found version 2.2.1
[2.240s] -- Looking for gz-math7 -- found version 7.5.2
[2.241s] -- Looking for gz-common5 -- found version 5.7.1
[2.241s] -- Looking for gz-plugin2 -- found version 2.0.4
[2.242s] -- Looking for gz-transport13 -- found version 13.5.0
[2.246s] -- Looking for gz-rendering8 -- found version 8.2.3
[2.247s] -- Searching for dependencies of gz-rendering8
[2.247s] -- Looking for gz-math7 -- found version 7.5.2
[2.247s] -- Searching for dependencies of gz-math7
[2.247s] -- Looking for gz-utils2 -- found version 2.2.1
[2.247s] -- Searching for <gz-math7> component [eigen3]
[2.250s] -- Looking for gz-math7-eigen3 -- found version 7.5.2
[2.250s] -- Searching for dependencies of gz-math7-eigen3
[2.258s] -- Looking for gz-common5 -- found version 5.7.1
[2.258s] -- Searching for dependencies of gz-common5
[2.258s] -- Looking for gz-utils2 -- found version 2.2.1
[2.259s] -- Looking for dlfcn.h - found
[2.259s] -- Looking for libdl - found
[2.266s] -- Searching for <gz-common5> component [graphics]
[2.266s] -- Searching for <gz-common5> component [events]
[2.266s] -- Searching for <gz-common5> component [geospatial]
[2.269s] -- Looking for gz-common5-geospatial -- found version 5.7.1
[2.269s] -- Searching for dependencies of gz-common5-geospatial
[2.269s] -- Looking for gz-math7 -- found version 7.5.2
[2.270s] -- Looking for gz-common5 -- found version 5.7.1
[2.271s] -- Looking for gz-plugin2 -- found version 2.0.4
[2.271s] -- Searching for dependencies of gz-plugin2
[2.272s] -- Looking for gz-utils2 -- found version 2.2.1
[2.272s] -- Searching for <gz-plugin2> component [all]
[2.273s] -- Looking for all libraries of gz-plugin2 -- found version 2.0.4
[2.274s] -- Looking for gz-plugin2 -- found version 2.0.4
[2.275s] -- Looking for gz-utils2 -- found version 2.2.1
[2.285s] -- Found OpenGL: /usr/lib/x86_64-linux-gnu/libOpenGL.so  found components: OpenGL 
[2.286s] -- Looking for gz-msgs10 -- found version 10.3.2
[2.325s] -- Looking for gz-physics7 -- found version 7.6.0
[2.325s] -- Searching for dependencies of gz-physics7
[2.325s] -- Looking for gz-common5 -- found version 5.7.1
[2.325s] -- Looking for gz-math7 -- found version 7.5.2
[2.326s] -- Looking for gz-plugin2 -- found version 2.0.4
[2.326s] -- Looking for gz-utils2 -- found version 2.2.1
[2.327s] -- Searching for <gz-physics7> component [heightmap]
[2.329s] -- Looking for gz-physics7-heightmap -- found version 7.6.0
[2.329s] -- Searching for dependencies of gz-physics7-heightmap
[2.329s] -- Looking for gz-common5 -- found version 5.7.1
[2.330s] -- Searching for <gz-physics7> component [mesh]
[2.332s] -- Looking for gz-physics7-mesh -- found version 7.6.0
[2.332s] -- Searching for dependencies of gz-physics7-mesh
[2.332s] -- Looking for gz-common5 -- found version 5.7.1
[2.333s] -- Searching for <gz-physics7> component [sdf]
[2.335s] -- Looking for gz-physics7-sdf -- found version 7.6.0
[2.335s] -- Searching for dependencies of gz-physics7-sdf
[2.336s] -- Looking for sdformat14 -- found version 14.8.0
[2.340s] -- Looking for gz-sensors8 -- found version 8.2.2
[2.340s] -- Searching for dependencies of gz-sensors8
[2.356s] -- Looking for gz-math7 -- found version 7.5.2
[2.356s] -- Looking for gz-common5 -- found version 5.7.1
[2.357s] -- Looking for gz-transport13 -- found version 13.5.0
[2.357s] -- Looking for gz-rendering8 -- found version 8.2.3
[2.358s] -- Looking for gz-msgs10 -- found version 10.3.2
[2.358s] -- Looking for sdformat14 -- found version 14.8.0
[2.359s] -- Searching for <gz-sensors8> component [air_pressure]
[2.361s] -- Looking for gz-sensors8-air_pressure -- found version 8.2.2
[2.361s] -- Searching for dependencies of gz-sensors8-air_pressure
[2.362s] -- Searching for <gz-sensors8> component [air_speed]
[2.363s] -- Looking for gz-sensors8-air_speed -- found version 8.2.2
[2.363s] -- Searching for dependencies of gz-sensors8-air_speed
[2.364s] -- Searching for <gz-sensors8> component [altimeter]
[2.365s] -- Looking for gz-sensors8-altimeter -- found version 8.2.2
[2.365s] -- Searching for dependencies of gz-sensors8-altimeter
[2.366s] -- Searching for <gz-sensors8> component [imu]
[2.367s] -- Looking for gz-sensors8-imu -- found version 8.2.2
[2.367s] -- Searching for dependencies of gz-sensors8-imu
[2.368s] -- Searching for <gz-sensors8> component [force_torque]
[2.369s] -- Looking for gz-sensors8-force_torque -- found version 8.2.2
[2.369s] -- Searching for dependencies of gz-sensors8-force_torque
[2.370s] -- Searching for <gz-sensors8> component [logical_camera]
[2.371s] -- Looking for gz-sensors8-logical_camera -- found version 8.2.2
[2.371s] -- Searching for dependencies of gz-sensors8-logical_camera
[2.372s] -- Searching for <gz-sensors8> component [magnetometer]
[2.373s] -- Looking for gz-sensors8-magnetometer -- found version 8.2.2
[2.373s] -- Searching for dependencies of gz-sensors8-magnetometer
[2.374s] -- Searching for <gz-sensors8> component [navsat]
[2.375s] -- Looking for gz-sensors8-navsat -- found version 8.2.2
[2.375s] -- Searching for dependencies of gz-sensors8-navsat
[2.376s] -- Searching for <gz-sensors8> component [dvl]
[2.377s] -- Looking for gz-sensors8-dvl -- found version 8.2.2
[2.377s] -- Searching for dependencies of gz-sensors8-dvl
[2.378s] -- Looking for gz-sensors8 -- found version 8.2.2
[2.378s] -- Searching for dependencies of gz-sensors8
[2.393s] -- Looking for gz-math7 -- found version 7.5.2
[2.393s] -- Looking for gz-common5 -- found version 5.7.1
[2.394s] -- Looking for gz-transport13 -- found version 13.5.0
[2.394s] -- Looking for gz-rendering8 -- found version 8.2.3
[2.395s] -- Looking for gz-msgs10 -- found version 10.3.2
[2.395s] -- Looking for sdformat14 -- found version 14.8.0
[2.395s] -- Searching for <gz-sensors8> component [rendering]
[2.398s] -- Looking for gz-sensors8-rendering -- found version 8.2.2
[2.398s] -- Searching for dependencies of gz-sensors8-rendering
[2.400s] -- Searching for <gz-sensors8> component [rendering]
[2.400s] -- Searching for <gz-sensors8> component [lidar]
[2.402s] -- Looking for gz-sensors8-lidar -- found version 8.2.2
[2.402s] -- Searching for dependencies of gz-sensors8-lidar
[2.402s] -- Looking for gz-sensors8 -- found version 8.2.2
[2.403s] -- Searching for <gz-sensors8> component [gpu_lidar]
[2.405s] -- Looking for gz-sensors8-gpu_lidar -- found version 8.2.2
[2.406s] -- Searching for dependencies of gz-sensors8-gpu_lidar
[2.406s] -- Looking for gz-sensors8 -- found version 8.2.2
[2.407s] -- Searching for <gz-sensors8> component [camera]
[2.409s] -- Looking for gz-sensors8-camera -- found version 8.2.2
[2.409s] -- Searching for dependencies of gz-sensors8-camera
[2.410s] -- Looking for gz-sensors8 -- found version 8.2.2
[2.411s] -- Searching for <gz-sensors8> component [boundingbox_camera]
[2.413s] -- Looking for gz-sensors8-boundingbox_camera -- found version 8.2.2
[2.413s] -- Searching for dependencies of gz-sensors8-boundingbox_camera
[2.414s] -- Searching for <gz-sensors8> component [segmentation_camera]
[2.415s] -- Looking for gz-sensors8-segmentation_camera -- found version 8.2.2
[2.415s] -- Searching for dependencies of gz-sensors8-segmentation_camera
[2.416s] -- Searching for <gz-sensors8> component [depth_camera]
[2.417s] -- Looking for gz-sensors8-depth_camera -- found version 8.2.2
[2.418s] -- Searching for dependencies of gz-sensors8-depth_camera
[2.418s] -- Looking for gz-sensors8 -- found version 8.2.2
[2.419s] -- Searching for <gz-sensors8> component [rgbd_camera]
[2.421s] -- Looking for gz-sensors8-rgbd_camera -- found version 8.2.2
[2.421s] -- Searching for dependencies of gz-sensors8-rgbd_camera
[2.421s] -- Looking for gz-sensors8 -- found version 8.2.2
[2.422s] -- Searching for <gz-sensors8> component [thermal_camera]
[2.423s] -- Looking for gz-sensors8-thermal_camera -- found version 8.2.2
[2.423s] -- Searching for dependencies of gz-sensors8-thermal_camera
[2.423s] -- Looking for gz-sensors8 -- found version 8.2.2
[2.424s] -- Searching for <gz-sensors8> component [wide_angle_camera]
[2.425s] -- Looking for gz-sensors8-wide_angle_camera -- found version 8.2.2
[2.426s] -- Searching for dependencies of gz-sensors8-wide_angle_camera
[2.426s] -- Looking for gz-rendering8 -- found version 8.2.3
[2.427s] -- Looking for gz-math7 -- found version 7.5.2
[2.427s] -- Looking for gz-utils2 -- found version 2.2.1
[2.446s] -- Looking for gz-plugin2 -- found version 2.0.4
[2.517s] -- Configuring done (2.5s)
[2.545s] -- Generating done (0.0s)
[2.550s] -- Build files have been written to: /home/atr-lab/Desktop/main_workstation/ROS_autonomous_delivery/build/turtlebot3_gazebo
[2.563s] Invoked command in '/home/atr-lab/Desktop/main_workstation/ROS_autonomous_delivery/build/turtlebot3_gazebo' returned '0': CMAKE_PREFIX_PATH=${CMAKE_PREFIX_PATH}:/opt/ros/jazzy DEBUGINFOD_URLS=https://debuginfod.ubuntu.com /usr/bin/cmake /home/atr-lab/Desktop/main_workstation/ROS_autonomous_delivery/src/turtlebot3_simulations/turtlebot3_gazebo -DCMAKE_INSTALL_PREFIX=/home/atr-lab/Desktop/main_workstation/ROS_autonomous_delivery/install/turtlebot3_gazebo
[2.563s] Invoking command in '/home/atr-lab/Desktop/main_workstation/ROS_autonomous_delivery/build/turtlebot3_gazebo': CMAKE_PREFIX_PATH=${CMAKE_PREFIX_PATH}:/opt/ros/jazzy DEBUGINFOD_URLS=https://debuginfod.ubuntu.com /usr/bin/cmake --build /home/atr-lab/Desktop/main_workstation/ROS_autonomous_delivery/build/turtlebot3_gazebo -- -j8 -l8
[2.606s] [ 12%] [32mBuilding CXX object CMakeFiles/obstacle1.dir/src/obstacle1.cpp.o[0m
[2.611s] [ 25%] [32mBuilding CXX object CMakeFiles/obstacles.dir/src/obstacles.cpp.o[0m
[2.614s] [ 37%] [32mBuilding CXX object CMakeFiles/obstacle2.dir/src/obstacle2.cpp.o[0m
[2.617s] [ 50%] [32mBuilding CXX object CMakeFiles/turtlebot3_drive.dir/src/turtlebot3_drive.cpp.o[0m
[4.648s] [ 62%] [32m[1mLinking CXX shared library libobstacle2.so[0m
[4.867s] [ 62%] Built target obstacle2
[4.979s] [ 75%] [32m[1mLinking CXX shared library libobstacle1.so[0m
[4.999s] [ 87%] [32m[1mLinking CXX shared library libobstacles.so[0m
[5.125s] [ 87%] Built target obstacle1
[5.196s] [ 87%] Built target obstacles
[9.860s] [100%] [32m[1mLinking CXX executable turtlebot3_drive[0m
[10.111s] [100%] Built target turtlebot3_drive
[10.118s] Invoked command in '/home/atr-lab/Desktop/main_workstation/ROS_autonomous_delivery/build/turtlebot3_gazebo' returned '0': CMAKE_PREFIX_PATH=${CMAKE_PREFIX_PATH}:/opt/ros/jazzy DEBUGINFOD_URLS=https://debuginfod.ubuntu.com /usr/bin/cmake --build /home/atr-lab/Desktop/main_workstation/ROS_autonomous_delivery/build/turtlebot3_gazebo -- -j8 -l8
[10.119s] Invoking command in '/home/atr-lab/Desktop/main_workstation/ROS_autonomous_delivery/build/turtlebot3_gazebo': CMAKE_PREFIX_PATH=${CMAKE_PREFIX_PATH}:/opt/ros/jazzy DEBUGINFOD_URLS=https://debuginfod.ubuntu.com /usr/bin/cmake --install /home/atr-lab/Desktop/main_workstation/ROS_autonomous_delivery/build/turtlebot3_gazebo
[10.124s] -- Install configuration: ""
[10.124s] -- Installing: /home/atr-lab/Desktop/main_workstation/ROS_autonomous_delivery/install/turtlebot3_gazebo/lib/turtlebot3_gazebo/turtlebot3_drive
[10.127s] -- Set non-toolchain portion of runtime path of "/home/atr-lab/Desktop/main_workstation/ROS_autonomous_delivery/install/turtlebot3_gazebo/lib/turtlebot3_gazebo/turtlebot3_drive" to ""
[10.127s] -- Installing: /home/atr-lab/Desktop/main_workstation/ROS_autonomous_delivery/install/turtlebot3_gazebo/lib/turtlebot3_gazebo/libobstacles.so
[10.128s] -- Set non-toolchain portion of runtime path of "/home/atr-lab/Desktop/main_workstation/ROS_autonomous_delivery/install/turtlebot3_gazebo/lib/turtlebot3_gazebo/libobstacles.so" to ""
[10.128s] -- Installing: /home/atr-lab/Desktop/main_workstation/ROS_autonomous_delivery/install/turtlebot3_gazebo/lib/turtlebot3_gazebo/libobstacle1.so
[10.128s] -- Set non-toolchain portion of runtime path of "/home/atr-lab/Desktop/main_workstation/ROS_autonomous_delivery/install/turtlebot3_gazebo/lib/turtlebot3_gazebo/libobstacle1.so" to ""
[10.128s] -- Installing: /home/atr-lab/Desktop/main_workstation/ROS_autonomous_delivery/install/turtlebot3_gazebo/lib/turtlebot3_gazebo/libobstacle2.so
[10.129s] -- Set non-toolchain portion of runtime path of "/home/atr-lab/Desktop/main_workstation/ROS_autonomous_delivery/install/turtlebot3_gazebo/lib/turtlebot3_gazebo/libobstacle2.so" to ""
[10.129s] -- Installing: /home/atr-lab/Desktop/main_workstation/ROS_autonomous_delivery/install/turtlebot3_gazebo/share/turtlebot3_gazebo//launch
[10.129s] -- Installing: /home/atr-lab/Desktop/main_workstation/ROS_autonomous_delivery/install/turtlebot3_gazebo/share/turtlebot3_gazebo//launch/turtlebot3_dqn_stage4.launch.py
[10.129s] -- Installing: /home/atr-lab/Desktop/main_workstation/ROS_autonomous_delivery/install/turtlebot3_gazebo/share/turtlebot3_gazebo//launch/turtlebot3_house.launch.py
[10.129s] -- Installing: /home/atr-lab/Desktop/main_workstation/ROS_autonomous_delivery/install/turtlebot3_gazebo/share/turtlebot3_gazebo//launch/turtlebot3_dqn_stage2.launch.py
[10.129s] -- Installing: /home/atr-lab/Desktop/main_workstation/ROS_autonomous_delivery/install/turtlebot3_gazebo/share/turtlebot3_gazebo//launch/turtlebot3_dqn_stage1.launch.py
[10.130s] -- Installing: /home/atr-lab/Desktop/main_workstation/ROS_autonomous_delivery/install/turtlebot3_gazebo/share/turtlebot3_gazebo//launch/robot_state_publisher.launch.py
[10.130s] -- Installing: /home/atr-lab/Desktop/main_workstation/ROS_autonomous_delivery/install/turtlebot3_gazebo/share/turtlebot3_gazebo//launch/turtlebot3_dqn_stage3.launch.py
[10.130s] -- Installing: /home/atr-lab/Desktop/main_workstation/ROS_autonomous_delivery/install/turtlebot3_gazebo/share/turtlebot3_gazebo//launch/spawn_turtlebot3.launch.py
[10.130s] -- Installing: /home/atr-lab/Desktop/main_workstation/ROS_autonomous_delivery/install/turtlebot3_gazebo/share/turtlebot3_gazebo//launch/turtlebot3_world.launch.py
[10.130s] -- Installing: /home/atr-lab/Desktop/main_workstation/ROS_autonomous_delivery/install/turtlebot3_gazebo/share/turtlebot3_gazebo//launch/empty_world.launch.py
[10.130s] -- Installing: /home/atr-lab/Desktop/main_workstation/ROS_autonomous_delivery/install/turtlebot3_gazebo/share/turtlebot3_gazebo//models
[10.130s] -- Installing: /home/atr-lab/Desktop/main_workstation/ROS_autonomous_delivery/install/turtlebot3_gazebo/share/turtlebot3_gazebo//models/turtlebot3_dqn_world
[10.130s] -- Installing: /home/atr-lab/Desktop/main_workstation/ROS_autonomous_delivery/install/turtlebot3_gazebo/share/turtlebot3_gazebo//models/turtlebot3_dqn_world/model.sdf
[10.130s] -- Installing: /home/atr-lab/Desktop/main_workstation/ROS_autonomous_delivery/install/turtlebot3_gazebo/share/turtlebot3_gazebo//models/turtlebot3_dqn_world/textures
[10.130s] -- Installing: /home/atr-lab/Desktop/main_workstation/ROS_autonomous_delivery/install/turtlebot3_gazebo/share/turtlebot3_gazebo//models/turtlebot3_dqn_world/textures/wood.png
[10.131s] -- Installing: /home/atr-lab/Desktop/main_workstation/ROS_autonomous_delivery/install/turtlebot3_gazebo/share/turtlebot3_gazebo//models/turtlebot3_dqn_world/obstacle2
[10.131s] -- Installing: /home/atr-lab/Desktop/main_workstation/ROS_autonomous_delivery/install/turtlebot3_gazebo/share/turtlebot3_gazebo//models/turtlebot3_dqn_world/obstacle2/model.sdf
[10.131s] -- Installing: /home/atr-lab/Desktop/main_workstation/ROS_autonomous_delivery/install/turtlebot3_gazebo/share/turtlebot3_gazebo//models/turtlebot3_dqn_world/obstacle2/model.config
[10.131s] -- Installing: /home/atr-lab/Desktop/main_workstation/ROS_autonomous_delivery/install/turtlebot3_gazebo/share/turtlebot3_gazebo//models/turtlebot3_dqn_world/model.config
[10.131s] -- Installing: /home/atr-lab/Desktop/main_workstation/ROS_autonomous_delivery/install/turtlebot3_gazebo/share/turtlebot3_gazebo//models/turtlebot3_dqn_world/inner_walls
[10.131s] -- Installing: /home/atr-lab/Desktop/main_workstation/ROS_autonomous_delivery/install/turtlebot3_gazebo/share/turtlebot3_gazebo//models/turtlebot3_dqn_world/inner_walls/model.sdf
[10.131s] -- Installing: /home/atr-lab/Desktop/main_workstation/ROS_autonomous_delivery/install/turtlebot3_gazebo/share/turtlebot3_gazebo//models/turtlebot3_dqn_world/inner_walls/textures
[10.131s] -- Installing: /home/atr-lab/Desktop/main_workstation/ROS_autonomous_delivery/install/turtlebot3_gazebo/share/turtlebot3_gazebo//models/turtlebot3_dqn_world/inner_walls/textures/wood.png
[10.131s] -- Installing: /home/atr-lab/Desktop/main_workstation/ROS_autonomous_delivery/install/turtlebot3_gazebo/share/turtlebot3_gazebo//models/turtlebot3_dqn_world/inner_walls/model.config
[10.131s] -- Installing: /home/atr-lab/Desktop/main_workstation/ROS_autonomous_delivery/install/turtlebot3_gazebo/share/turtlebot3_gazebo//models/turtlebot3_dqn_world/obstacles
[10.132s] -- Installing: /home/atr-lab/Desktop/main_workstation/ROS_autonomous_delivery/install/turtlebot3_gazebo/share/turtlebot3_gazebo//models/turtlebot3_dqn_world/obstacles/model.sdf
[10.132s] -- Installing: /home/atr-lab/Desktop/main_workstation/ROS_autonomous_delivery/install/turtlebot3_gazebo/share/turtlebot3_gazebo//models/turtlebot3_dqn_world/obstacles/model.config
[10.132s] -- Installing: /home/atr-lab/Desktop/main_workstation/ROS_autonomous_delivery/install/turtlebot3_gazebo/share/turtlebot3_gazebo//models/turtlebot3_dqn_world/goal_box
[10.132s] -- Installing: /home/atr-lab/Desktop/main_workstation/ROS_autonomous_delivery/install/turtlebot3_gazebo/share/turtlebot3_gazebo//models/turtlebot3_dqn_world/goal_box/model.sdf
[10.132s] -- Installing: /home/atr-lab/Desktop/main_workstation/ROS_autonomous_delivery/install/turtlebot3_gazebo/share/turtlebot3_gazebo//models/turtlebot3_dqn_world/goal_box/model.config
[10.132s] -- Installing: /home/atr-lab/Desktop/main_workstation/ROS_autonomous_delivery/install/turtlebot3_gazebo/share/turtlebot3_gazebo//models/turtlebot3_dqn_world/obstacle1
[10.132s] -- Installing: /home/atr-lab/Desktop/main_workstation/ROS_autonomous_delivery/install/turtlebot3_gazebo/share/turtlebot3_gazebo//models/turtlebot3_dqn_world/obstacle1/model.sdf
[10.132s] -- Installing: /home/atr-lab/Desktop/main_workstation/ROS_autonomous_delivery/install/turtlebot3_gazebo/share/turtlebot3_gazebo//models/turtlebot3_dqn_world/obstacle1/model.config
[10.132s] -- Installing: /home/atr-lab/Desktop/main_workstation/ROS_autonomous_delivery/install/turtlebot3_gazebo/share/turtlebot3_gazebo//models/turtlebot3_burger
[10.132s] -- Installing: /home/atr-lab/Desktop/main_workstation/ROS_autonomous_delivery/install/turtlebot3_gazebo/share/turtlebot3_gazebo//models/turtlebot3_burger/model-1_4.sdf
[10.132s] -- Installing: /home/atr-lab/Desktop/main_workstation/ROS_autonomous_delivery/install/turtlebot3_gazebo/share/turtlebot3_gazebo//models/turtlebot3_burger/model.sdf
[10.133s] -- Installing: /home/atr-lab/Desktop/main_workstation/ROS_autonomous_delivery/install/turtlebot3_gazebo/share/turtlebot3_gazebo//models/turtlebot3_burger/model.config
[10.133s] -- Installing: /home/atr-lab/Desktop/main_workstation/ROS_autonomous_delivery/install/turtlebot3_gazebo/share/turtlebot3_gazebo//models/turtlebot3_house
[10.133s] -- Installing: /home/atr-lab/Desktop/main_workstation/ROS_autonomous_delivery/install/turtlebot3_gazebo/share/turtlebot3_gazebo//models/turtlebot3_house/mailbox
[10.133s] -- Installing: /home/atr-lab/Desktop/main_workstation/ROS_autonomous_delivery/install/turtlebot3_gazebo/share/turtlebot3_gazebo//models/turtlebot3_house/mailbox/materials
[10.133s] -- Installing: /home/atr-lab/Desktop/main_workstation/ROS_autonomous_delivery/install/turtlebot3_gazebo/share/turtlebot3_gazebo//models/turtlebot3_house/mailbox/materials/textures
[10.133s] -- Installing: /home/atr-lab/Desktop/main_workstation/ROS_autonomous_delivery/install/turtlebot3_gazebo/share/turtlebot3_gazebo//models/turtlebot3_house/mailbox/materials/textures/Mailbox_Diffuse.png
[10.133s] -- Installing: /home/atr-lab/Desktop/main_workstation/ROS_autonomous_delivery/install/turtlebot3_gazebo/share/turtlebot3_gazebo//models/turtlebot3_house/mailbox/materials/textures/Mailbox_Diffuse.tga.orig
[10.133s] -- Installing: /home/atr-lab/Desktop/main_workstation/ROS_autonomous_delivery/install/turtlebot3_gazebo/share/turtlebot3_gazebo//models/turtlebot3_house/mailbox/materials/textures/Mailbox_Spec.png
[10.133s] -- Installing: /home/atr-lab/Desktop/main_workstation/ROS_autonomous_delivery/install/turtlebot3_gazebo/share/turtlebot3_gazebo//models/turtlebot3_house/mailbox/materials/scripts
[10.133s] -- Installing: /home/atr-lab/Desktop/main_workstation/ROS_autonomous_delivery/install/turtlebot3_gazebo/share/turtlebot3_gazebo//models/turtlebot3_house/mailbox/materials/scripts/mailbox.material
[10.133s] -- Installing: /home/atr-lab/Desktop/main_workstation/ROS_autonomous_delivery/install/turtlebot3_gazebo/share/turtlebot3_gazebo//models/turtlebot3_house/mailbox/model-1_4.sdf
[10.134s] -- Installing: /home/atr-lab/Desktop/main_workstation/ROS_autonomous_delivery/install/turtlebot3_gazebo/share/turtlebot3_gazebo//models/turtlebot3_house/mailbox/model-1_3.sdf
[10.134s] -- Installing: /home/atr-lab/Desktop/main_workstation/ROS_autonomous_delivery/install/turtlebot3_gazebo/share/turtlebot3_gazebo//models/turtlebot3_house/mailbox/model.sdf
[10.134s] -- Installing: /home/atr-lab/Desktop/main_workstation/ROS_autonomous_delivery/install/turtlebot3_gazebo/share/turtlebot3_gazebo//models/turtlebot3_house/mailbox/model.config
[10.134s] -- Installing: /home/atr-lab/Desktop/main_workstation/ROS_autonomous_delivery/install/turtlebot3_gazebo/share/turtlebot3_gazebo//models/turtlebot3_house/mailbox/meshes
[10.134s] -- Installing: /home/atr-lab/Desktop/main_workstation/ROS_autonomous_delivery/install/turtlebot3_gazebo/share/turtlebot3_gazebo//models/turtlebot3_house/mailbox/meshes/mailbox.dae
[10.134s] -- Installing: /home/atr-lab/Desktop/main_workstation/ROS_autonomous_delivery/install/turtlebot3_gazebo/share/turtlebot3_gazebo//models/turtlebot3_house/first_2015_trash_can
[10.134s] -- Installing: /home/atr-lab/Desktop/main_workstation/ROS_autonomous_delivery/install/turtlebot3_gazebo/share/turtlebot3_gazebo//models/turtlebot3_house/first_2015_trash_can/model.sdf
[10.134s] -- Installing: /home/atr-lab/Desktop/main_workstation/ROS_autonomous_delivery/install/turtlebot3_gazebo/share/turtlebot3_gazebo//models/turtlebot3_house/first_2015_trash_can/model.config
[10.134s] -- Installing: /home/atr-lab/Desktop/main_workstation/ROS_autonomous_delivery/install/turtlebot3_gazebo/share/turtlebot3_gazebo//models/turtlebot3_house/first_2015_trash_can/meshes
[10.135s] -- Installing: /home/atr-lab/Desktop/main_workstation/ROS_autonomous_delivery/install/turtlebot3_gazebo/share/turtlebot3_gazebo//models/turtlebot3_house/first_2015_trash_can/meshes/trash_can.dae
[10.135s] -- Installing: /home/atr-lab/Desktop/main_workstation/ROS_autonomous_delivery/install/turtlebot3_gazebo/share/turtlebot3_gazebo//models/turtlebot3_house/model.sdf
[10.135s] -- Installing: /home/atr-lab/Desktop/main_workstation/ROS_autonomous_delivery/install/turtlebot3_gazebo/share/turtlebot3_gazebo//models/turtlebot3_house/textures
[10.135s] -- Installing: /home/atr-lab/Desktop/main_workstation/ROS_autonomous_delivery/install/turtlebot3_gazebo/share/turtlebot3_gazebo//models/turtlebot3_house/textures/bricks.png
[10.135s] -- Installing: /home/atr-lab/Desktop/main_workstation/ROS_autonomous_delivery/install/turtlebot3_gazebo/share/turtlebot3_gazebo//models/turtlebot3_house/textures/wood.png
[10.135s] -- Installing: /home/atr-lab/Desktop/main_workstation/ROS_autonomous_delivery/install/turtlebot3_gazebo/share/turtlebot3_gazebo//models/turtlebot3_house/cafe_table
[10.135s] -- Installing: /home/atr-lab/Desktop/main_workstation/ROS_autonomous_delivery/install/turtlebot3_gazebo/share/turtlebot3_gazebo//models/turtlebot3_house/cafe_table/materials
[10.135s] -- Installing: /home/atr-lab/Desktop/main_workstation/ROS_autonomous_delivery/install/turtlebot3_gazebo/share/turtlebot3_gazebo//models/turtlebot3_house/cafe_table/materials/textures
[10.135s] -- Installing: /home/atr-lab/Desktop/main_workstation/ROS_autonomous_delivery/install/turtlebot3_gazebo/share/turtlebot3_gazebo//models/turtlebot3_house/cafe_table/materials/textures/Maple.jpg
[10.135s] -- Installing: /home/atr-lab/Desktop/main_workstation/ROS_autonomous_delivery/install/turtlebot3_gazebo/share/turtlebot3_gazebo//models/turtlebot3_house/cafe_table/materials/textures/Wood_Floor_Dark.jpg
[10.135s] -- Installing: /home/atr-lab/Desktop/main_workstation/ROS_autonomous_delivery/install/turtlebot3_gazebo/share/turtlebot3_gazebo//models/turtlebot3_house/cafe_table/model-1_4.sdf
[10.136s] -- Installing: /home/atr-lab/Desktop/main_workstation/ROS_autonomous_delivery/install/turtlebot3_gazebo/share/turtlebot3_gazebo//models/turtlebot3_house/cafe_table/model.sdf
[10.136s] -- Installing: /home/atr-lab/Desktop/main_workstation/ROS_autonomous_delivery/install/turtlebot3_gazebo/share/turtlebot3_gazebo//models/turtlebot3_house/cafe_table/model.config
[10.136s] -- Installing: /home/atr-lab/Desktop/main_workstation/ROS_autonomous_delivery/install/turtlebot3_gazebo/share/turtlebot3_gazebo//models/turtlebot3_house/cafe_table/meshes
[10.136s] -- Installing: /home/atr-lab/Desktop/main_workstation/ROS_autonomous_delivery/install/turtlebot3_gazebo/share/turtlebot3_gazebo//models/turtlebot3_house/cafe_table/meshes/cafe_table.dae
[10.136s] -- Installing: /home/atr-lab/Desktop/main_workstation/ROS_autonomous_delivery/install/turtlebot3_gazebo/share/turtlebot3_gazebo//models/turtlebot3_house/model.config
[10.136s] -- Installing: /home/atr-lab/Desktop/main_workstation/ROS_autonomous_delivery/install/turtlebot3_gazebo/share/turtlebot3_gazebo//models/turtlebot3_house/table_marble
[10.136s] -- Installing: /home/atr-lab/Desktop/main_workstation/ROS_autonomous_delivery/install/turtlebot3_gazebo/share/turtlebot3_gazebo//models/turtlebot3_house/table_marble/materials
[10.136s] -- Installing: /home/atr-lab/Desktop/main_workstation/ROS_autonomous_delivery/install/turtlebot3_gazebo/share/turtlebot3_gazebo//models/turtlebot3_house/table_marble/materials/textures
[10.136s] -- Installing: /home/atr-lab/Desktop/main_workstation/ROS_autonomous_delivery/install/turtlebot3_gazebo/share/turtlebot3_gazebo//models/turtlebot3_house/table_marble/materials/textures/table_lightmap.png
[10.136s] -- Installing: /home/atr-lab/Desktop/main_workstation/ROS_autonomous_delivery/install/turtlebot3_gazebo/share/turtlebot3_gazebo//models/turtlebot3_house/table_marble/materials/textures/marble.png
[10.136s] -- Installing: /home/atr-lab/Desktop/main_workstation/ROS_autonomous_delivery/install/turtlebot3_gazebo/share/turtlebot3_gazebo//models/turtlebot3_house/table_marble/materials/scripts
[10.136s] -- Installing: /home/atr-lab/Desktop/main_workstation/ROS_autonomous_delivery/install/turtlebot3_gazebo/share/turtlebot3_gazebo//models/turtlebot3_house/table_marble/materials/scripts/table_lightmap.material
[10.137s] -- Installing: /home/atr-lab/Desktop/main_workstation/ROS_autonomous_delivery/install/turtlebot3_gazebo/share/turtlebot3_gazebo//models/turtlebot3_house/table_marble/model-1_4.sdf
[10.137s] -- Installing: /home/atr-lab/Desktop/main_workstation/ROS_autonomous_delivery/install/turtlebot3_gazebo/share/turtlebot3_gazebo//models/turtlebot3_house/table_marble/model.sdf
[10.137s] -- Installing: /home/atr-lab/Desktop/main_workstation/ROS_autonomous_delivery/install/turtlebot3_gazebo/share/turtlebot3_gazebo//models/turtlebot3_house/table_marble/model.config
[10.137s] -- Installing: /home/atr-lab/Desktop/main_workstation/ROS_autonomous_delivery/install/turtlebot3_gazebo/share/turtlebot3_gazebo//models/turtlebot3_house/table_marble/meshes
[10.137s] -- Installing: /home/atr-lab/Desktop/main_workstation/ROS_autonomous_delivery/install/turtlebot3_gazebo/share/turtlebot3_gazebo//models/turtlebot3_house/table_marble/meshes/table_lightmap.dae
[10.137s] -- Installing: /home/atr-lab/Desktop/main_workstation/ROS_autonomous_delivery/install/turtlebot3_gazebo/share/turtlebot3_gazebo//models/turtlebot3_world
[10.137s] -- Installing: /home/atr-lab/Desktop/main_workstation/ROS_autonomous_delivery/install/turtlebot3_gazebo/share/turtlebot3_gazebo//models/turtlebot3_world/model-1_4.sdf
[10.137s] -- Installing: /home/atr-lab/Desktop/main_workstation/ROS_autonomous_delivery/install/turtlebot3_gazebo/share/turtlebot3_gazebo//models/turtlebot3_world/model.sdf
[10.137s] -- Installing: /home/atr-lab/Desktop/main_workstation/ROS_autonomous_delivery/install/turtlebot3_gazebo/share/turtlebot3_gazebo//models/turtlebot3_world/model.config
[10.137s] -- Installing: /home/atr-lab/Desktop/main_workstation/ROS_autonomous_delivery/install/turtlebot3_gazebo/share/turtlebot3_gazebo//models/turtlebot3_world/meshes
[10.137s] -- Installing: /home/atr-lab/Desktop/main_workstation/ROS_autonomous_delivery/install/turtlebot3_gazebo/share/turtlebot3_gazebo//models/turtlebot3_world/meshes/hexagon.dae
[10.137s] -- Installing: /home/atr-lab/Desktop/main_workstation/ROS_autonomous_delivery/install/turtlebot3_gazebo/share/turtlebot3_gazebo//models/turtlebot3_world/meshes/wall.dae
[10.137s] -- Installing: /home/atr-lab/Desktop/main_workstation/ROS_autonomous_delivery/install/turtlebot3_gazebo/share/turtlebot3_gazebo//models/turtlebot3_waffle
[10.137s] -- Installing: /home/atr-lab/Desktop/main_workstation/ROS_autonomous_delivery/install/turtlebot3_gazebo/share/turtlebot3_gazebo//models/turtlebot3_waffle/model-1_4.sdf
[10.137s] -- Installing: /home/atr-lab/Desktop/main_workstation/ROS_autonomous_delivery/install/turtlebot3_gazebo/share/turtlebot3_gazebo//models/turtlebot3_waffle/model.sdf
[10.137s] -- Installing: /home/atr-lab/Desktop/main_workstation/ROS_autonomous_delivery/install/turtlebot3_gazebo/share/turtlebot3_gazebo//models/turtlebot3_waffle/model.config
[10.137s] -- Installing: /home/atr-lab/Desktop/main_workstation/ROS_autonomous_delivery/install/turtlebot3_gazebo/share/turtlebot3_gazebo//models/turtlebot3_common
[10.137s] -- Installing: /home/atr-lab/Desktop/main_workstation/ROS_autonomous_delivery/install/turtlebot3_gazebo/share/turtlebot3_gazebo//models/turtlebot3_common/model.config
[10.137s] -- Installing: /home/atr-lab/Desktop/main_workstation/ROS_autonomous_delivery/install/turtlebot3_gazebo/share/turtlebot3_gazebo//models/turtlebot3_common/meshes
[10.137s] -- Installing: /home/atr-lab/Desktop/main_workstation/ROS_autonomous_delivery/install/turtlebot3_gazebo/share/turtlebot3_gazebo//models/turtlebot3_common/meshes/lds.dae
[10.137s] -- Installing: /home/atr-lab/Desktop/main_workstation/ROS_autonomous_delivery/install/turtlebot3_gazebo/share/turtlebot3_gazebo//models/turtlebot3_common/meshes/wheels
[10.137s] -- Installing: /home/atr-lab/Desktop/main_workstation/ROS_autonomous_delivery/install/turtlebot3_gazebo/share/turtlebot3_gazebo//models/turtlebot3_common/meshes/wheels/right_tire.stl
[10.137s] -- Installing: /home/atr-lab/Desktop/main_workstation/ROS_autonomous_delivery/install/turtlebot3_gazebo/share/turtlebot3_gazebo//models/turtlebot3_common/meshes/wheels/left_tire.stl
[10.138s] -- Installing: /home/atr-lab/Desktop/main_workstation/ROS_autonomous_delivery/install/turtlebot3_gazebo/share/turtlebot3_gazebo//models/turtlebot3_common/meshes/bases
[10.138s] -- Installing: /home/atr-lab/Desktop/main_workstation/ROS_autonomous_delivery/install/turtlebot3_gazebo/share/turtlebot3_gazebo//models/turtlebot3_common/meshes/bases/waffle_pi_base.stl
[10.139s] -- Installing: /home/atr-lab/Desktop/main_workstation/ROS_autonomous_delivery/install/turtlebot3_gazebo/share/turtlebot3_gazebo//models/turtlebot3_common/meshes/bases/burger_base.stl
[10.141s] -- Installing: /home/atr-lab/Desktop/main_workstation/ROS_autonomous_delivery/install/turtlebot3_gazebo/share/turtlebot3_gazebo//models/turtlebot3_common/meshes/bases/waffle_base.stl
[10.147s] -- Installing: /home/atr-lab/Desktop/main_workstation/ROS_autonomous_delivery/install/turtlebot3_gazebo/share/turtlebot3_gazebo//models/turtlebot3_common/meshes/waffle_pi_base.dae
[10.147s] -- Installing: /home/atr-lab/Desktop/main_workstation/ROS_autonomous_delivery/install/turtlebot3_gazebo/share/turtlebot3_gazebo//models/turtlebot3_common/meshes/r200.dae
[10.147s] -- Installing: /home/atr-lab/Desktop/main_workstation/ROS_autonomous_delivery/install/turtlebot3_gazebo/share/turtlebot3_gazebo//models/turtlebot3_common/meshes/tire.dae
[10.147s] -- Installing: /home/atr-lab/Desktop/main_workstation/ROS_autonomous_delivery/install/turtlebot3_gazebo/share/turtlebot3_gazebo//models/turtlebot3_common/meshes/sensors
[10.147s] -- Installing: /home/atr-lab/Desktop/main_workstation/ROS_autonomous_delivery/install/turtlebot3_gazebo/share/turtlebot3_gazebo//models/turtlebot3_common/meshes/sensors/astra.dae
[10.151s] -- Installing: /home/atr-lab/Desktop/main_workstation/ROS_autonomous_delivery/install/turtlebot3_gazebo/share/turtlebot3_gazebo//models/turtlebot3_common/meshes/sensors/r200.jpg
[10.151s] -- Installing: /home/atr-lab/Desktop/main_workstation/ROS_autonomous_delivery/install/turtlebot3_gazebo/share/turtlebot3_gazebo//models/turtlebot3_common/meshes/sensors/astra.jpg
[10.151s] -- Installing: /home/atr-lab/Desktop/main_workstation/ROS_autonomous_delivery/install/turtlebot3_gazebo/share/turtlebot3_gazebo//models/turtlebot3_common/meshes/sensors/lds.stl
[10.151s] -- Installing: /home/atr-lab/Desktop/main_workstation/ROS_autonomous_delivery/install/turtlebot3_gazebo/share/turtlebot3_gazebo//models/turtlebot3_common/meshes/sensors/r200.dae
[10.151s] -- Installing: /home/atr-lab/Desktop/main_workstation/ROS_autonomous_delivery/install/turtlebot3_gazebo/share/turtlebot3_gazebo//models/turtlebot3_common/meshes/waffle_base.dae
[10.151s] -- Installing: /home/atr-lab/Desktop/main_workstation/ROS_autonomous_delivery/install/turtlebot3_gazebo/share/turtlebot3_gazebo//models/turtlebot3_common/meshes/burger_base.dae
[10.151s] -- Installing: /home/atr-lab/Desktop/main_workstation/ROS_autonomous_delivery/install/turtlebot3_gazebo/share/turtlebot3_gazebo//models/turtlebot3_burger_cam
[10.151s] -- Installing: /home/atr-lab/Desktop/main_workstation/ROS_autonomous_delivery/install/turtlebot3_gazebo/share/turtlebot3_gazebo//models/turtlebot3_burger_cam/model-1_4.sdf
[10.151s] -- Installing: /home/atr-lab/Desktop/main_workstation/ROS_autonomous_delivery/install/turtlebot3_gazebo/share/turtlebot3_gazebo//models/turtlebot3_burger_cam/model.sdf
[10.152s] -- Installing: /home/atr-lab/Desktop/main_workstation/ROS_autonomous_delivery/install/turtlebot3_gazebo/share/turtlebot3_gazebo//models/turtlebot3_burger_cam/model.config
[10.152s] -- Installing: /home/atr-lab/Desktop/main_workstation/ROS_autonomous_delivery/install/turtlebot3_gazebo/share/turtlebot3_gazebo//models/turtlebot3_waffle_pi
[10.152s] -- Installing: /home/atr-lab/Desktop/main_workstation/ROS_autonomous_delivery/install/turtlebot3_gazebo/share/turtlebot3_gazebo//models/turtlebot3_waffle_pi/model.sdf
[10.152s] -- Installing: /home/atr-lab/Desktop/main_workstation/ROS_autonomous_delivery/install/turtlebot3_gazebo/share/turtlebot3_gazebo//models/turtlebot3_waffle_pi/model-1_4_.sdf
[10.152s] -- Installing: /home/atr-lab/Desktop/main_workstation/ROS_autonomous_delivery/install/turtlebot3_gazebo/share/turtlebot3_gazebo//models/turtlebot3_waffle_pi/model.config
[10.152s] -- Installing: /home/atr-lab/Desktop/main_workstation/ROS_autonomous_delivery/install/turtlebot3_gazebo/share/turtlebot3_gazebo//params
[10.152s] -- Installing: /home/atr-lab/Desktop/main_workstation/ROS_autonomous_delivery/install/turtlebot3_gazebo/share/turtlebot3_gazebo//params/turtlebot3_waffle_pi_bridge.yaml
[10.152s] -- Installing: /home/atr-lab/Desktop/main_workstation/ROS_autonomous_delivery/install/turtlebot3_gazebo/share/turtlebot3_gazebo//params/turtlebot3_waffle_bridge.yaml
[10.152s] -- Installing: /home/atr-lab/Desktop/main_workstation/ROS_autonomous_delivery/install/turtlebot3_gazebo/share/turtlebot3_gazebo//params/turtlebot3_burger_bridge.yaml
[10.153s] -- Installing: /home/atr-lab/Desktop/main_workstation/ROS_autonomous_delivery/install/turtlebot3_gazebo/share/turtlebot3_gazebo//params/turtlebot3_burger_cam_bridge.yaml
[10.153s] -- Installing: /home/atr-lab/Desktop/main_workstation/ROS_autonomous_delivery/install/turtlebot3_gazebo/share/turtlebot3_gazebo//rviz
[10.153s] -- Installing: /home/atr-lab/Desktop/main_workstation/ROS_autonomous_delivery/install/turtlebot3_gazebo/share/turtlebot3_gazebo//rviz/tb3_gazebo.rviz
[10.153s] -- Installing: /home/atr-lab/Desktop/main_workstation/ROS_autonomous_delivery/install/turtlebot3_gazebo/share/turtlebot3_gazebo//urdf
[10.153s] -- Installing: /home/atr-lab/Desktop/main_workstation/ROS_autonomous_delivery/install/turtlebot3_gazebo/share/turtlebot3_gazebo//urdf/common_properties.urdf
[10.153s] -- Installing: /home/atr-lab/Desktop/main_workstation/ROS_autonomous_delivery/install/turtlebot3_gazebo/share/turtlebot3_gazebo//urdf/turtlebot3_waffle_pi.urdf
[10.153s] -- Installing: /home/atr-lab/Desktop/main_workstation/ROS_autonomous_delivery/install/turtlebot3_gazebo/share/turtlebot3_gazebo//urdf/turtlebot3_burger.urdf
[10.153s] -- Installing: /home/atr-lab/Desktop/main_workstation/ROS_autonomous_delivery/install/turtlebot3_gazebo/share/turtlebot3_gazebo//urdf/turtlebot3_burger_cam.urdf
[10.153s] -- Installing: /home/atr-lab/Desktop/main_workstation/ROS_autonomous_delivery/install/turtlebot3_gazebo/share/turtlebot3_gazebo//urdf/turtlebot3_waffle.urdf
[10.153s] -- Installing: /home/atr-lab/Desktop/main_workstation/ROS_autonomous_delivery/install/turtlebot3_gazebo/share/turtlebot3_gazebo//worlds
[10.153s] -- Installing: /home/atr-lab/Desktop/main_workstation/ROS_autonomous_delivery/install/turtlebot3_gazebo/share/turtlebot3_gazebo//worlds/turtlebot3_world.world
[10.154s] -- Installing: /home/atr-lab/Desktop/main_workstation/ROS_autonomous_delivery/install/turtlebot3_gazebo/share/turtlebot3_gazebo//worlds/turtlebot3_house.world
[10.154s] -- Installing: /home/atr-lab/Desktop/main_workstation/ROS_autonomous_delivery/install/turtlebot3_gazebo/share/turtlebot3_gazebo//worlds/turtlebot3_dqn_stage4.world
[10.154s] -- Installing: /home/atr-lab/Desktop/main_workstation/ROS_autonomous_delivery/install/turtlebot3_gazebo/share/turtlebot3_gazebo//worlds/turtlebot3_dqn_stage1.world
[10.154s] -- Installing: /home/atr-lab/Desktop/main_workstation/ROS_autonomous_delivery/install/turtlebot3_gazebo/share/turtlebot3_gazebo//worlds/empty_world.world
[10.154s] -- Installing: /home/atr-lab/Desktop/main_workstation/ROS_autonomous_delivery/install/turtlebot3_gazebo/share/turtlebot3_gazebo//worlds/turtlebot3_dqn_stage2.world
[10.154s] -- Installing: /home/atr-lab/Desktop/main_workstation/ROS_autonomous_delivery/install/turtlebot3_gazebo/share/turtlebot3_gazebo//worlds/turtlebot3_autorace_2020.world
[10.154s] -- Installing: /home/atr-lab/Desktop/main_workstation/ROS_autonomous_delivery/install/turtlebot3_gazebo/share/turtlebot3_gazebo//worlds/turtlebot3_dqn_stage3.world
[10.154s] -- Installing: /home/atr-lab/Desktop/main_workstation/ROS_autonomous_delivery/install/turtlebot3_gazebo/include/
[10.154s] -- Installing: /home/atr-lab/Desktop/main_workstation/ROS_autonomous_delivery/install/turtlebot3_gazebo/include//turtlebot3_gazebo
[10.155s] -- Installing: /home/atr-lab/Desktop/main_workstation/ROS_autonomous_delivery/install/turtlebot3_gazebo/include//turtlebot3_gazebo/turtlebot3_drive.hpp
[10.155s] -- Installing: /home/atr-lab/Desktop/main_workstation/ROS_autonomous_delivery/install/turtlebot3_gazebo/include//turtlebot3_gazebo/obstacles.hpp
[10.155s] -- Installing: /home/atr-lab/Desktop/main_workstation/ROS_autonomous_delivery/install/turtlebot3_gazebo/include//turtlebot3_gazebo/obstacle2.hpp
[10.155s] -- Installing: /home/atr-lab/Desktop/main_workstation/ROS_autonomous_delivery/install/turtlebot3_gazebo/include//turtlebot3_gazebo/traffic_bar_plugin.hpp
[10.156s] -- Installing: /home/atr-lab/Desktop/main_workstation/ROS_autonomous_delivery/install/turtlebot3_gazebo/include//turtlebot3_gazebo/traffic_light_plugin.hpp
[10.156s] -- Installing: /home/atr-lab/Desktop/main_workstation/ROS_autonomous_delivery/install/turtlebot3_gazebo/include//turtlebot3_gazebo/obstacle1.hpp
[10.156s] -- Installing: /home/atr-lab/Desktop/main_workstation/ROS_autonomous_delivery/install/turtlebot3_gazebo/share/ament_index/resource_index/package_run_dependencies/turtlebot3_gazebo
[10.156s] -- Installing: /home/atr-lab/Desktop/main_workstation/ROS_autonomous_delivery/install/turtlebot3_gazebo/share/ament_index/resource_index/parent_prefix_path/turtlebot3_gazebo
[10.156s] -- Installing: /home/atr-lab/Desktop/main_workstation/ROS_autonomous_delivery/install/turtlebot3_gazebo/share/turtlebot3_gazebo/environment/ament_prefix_path.sh
[10.156s] -- Installing: /home/atr-lab/Desktop/main_workstation/ROS_autonomous_delivery/install/turtlebot3_gazebo/share/turtlebot3_gazebo/environment/ament_prefix_path.dsv
[10.157s] -- Installing: /home/atr-lab/Desktop/main_workstation/ROS_autonomous_delivery/install/turtlebot3_gazebo/share/turtlebot3_gazebo/environment/path.sh
[10.157s] -- Installing: /home/atr-lab/Desktop/main_workstation/ROS_autonomous_delivery/install/turtlebot3_gazebo/share/turtlebot3_gazebo/environment/path.dsv
[10.157s] -- Installing: /home/atr-lab/Desktop/main_workstation/ROS_autonomous_delivery/install/turtlebot3_gazebo/share/turtlebot3_gazebo/local_setup.bash
[10.157s] -- Installing: /home/atr-lab/Desktop/main_workstation/ROS_autonomous_delivery/install/turtlebot3_gazebo/share/turtlebot3_gazebo/local_setup.sh
[10.157s] -- Installing: /home/atr-lab/Desktop/main_workstation/ROS_autonomous_delivery/install/turtlebot3_gazebo/share/turtlebot3_gazebo/local_setup.zsh
[10.157s] -- Installing: /home/atr-lab/Desktop/main_workstation/ROS_autonomous_delivery/install/turtlebot3_gazebo/share/turtlebot3_gazebo/local_setup.dsv
[10.157s] -- Installing: /home/atr-lab/Desktop/main_workstation/ROS_autonomous_delivery/install/turtlebot3_gazebo/share/turtlebot3_gazebo/package.dsv
[10.157s] -- Installing: /home/atr-lab/Desktop/main_workstation/ROS_autonomous_delivery/install/turtlebot3_gazebo/share/ament_index/resource_index/packages/turtlebot3_gazebo
[10.158s] -- Installing: /home/atr-lab/Desktop/main_workstation/ROS_autonomous_delivery/install/turtlebot3_gazebo/share/turtlebot3_gazebo/cmake/ament_cmake_export_include_directories-extras.cmake
[10.158s] -- Installing: /home/atr-lab/Desktop/main_workstation/ROS_autonomous_delivery/install/turtlebot3_gazebo/share/turtlebot3_gazebo/cmake/ament_cmake_export_dependencies-extras.cmake
[10.158s] -- Installing: /home/atr-lab/Desktop/main_workstation/ROS_autonomous_delivery/install/turtlebot3_gazebo/share/turtlebot3_gazebo/cmake/turtlebot3_gazeboConfig.cmake
[10.158s] -- Installing: /home/atr-lab/Desktop/main_workstation/ROS_autonomous_delivery/install/turtlebot3_gazebo/share/turtlebot3_gazebo/cmake/turtlebot3_gazeboConfig-version.cmake
[10.158s] -- Installing: /home/atr-lab/Desktop/main_workstation/ROS_autonomous_delivery/install/turtlebot3_gazebo/share/turtlebot3_gazebo/package.xml
[10.158s] Invoked command in '/home/atr-lab/Desktop/main_workstation/ROS_autonomous_delivery/build/turtlebot3_gazebo' returned '0': CMAKE_PREFIX_PATH=${CMAKE_PREFIX_PATH}:/opt/ros/jazzy DEBUGINFOD_URLS=https://debuginfod.ubuntu.com /usr/bin/cmake --install /home/atr-lab/Desktop/main_workstation/ROS_autonomous_delivery/build/turtlebot3_gazebo
