[0.110s] DEBUG:colcon:Command line arguments: ['/usr/bin/colcon', 'build', '--symlink-install']
[0.110s] DEBUG:colcon:Parsed command line arguments: Namespace(log_base=None, log_level=None, verb_name='build', build_base='build', install_base='install', merge_install=False, symlink_install=True, test_result_base=None, continue_on_error=False, executor='parallel', parallel_workers=12, event_handlers=None, ignore_user_meta=False, metas=['./colcon.meta'], base_paths=['.'], packages_ignore=None, packages_ignore_regex=None, paths=None, packages_up_to=None, packages_up_to_regex=None, packages_above=None, packages_above_and_dependencies=None, packages_above_depth=None, packages_select_by_dep=None, packages_skip_by_dep=None, packages_skip_up_to=None, packages_select_build_failed=False, packages_skip_build_finished=False, packages_select_test_failures=False, packages_skip_test_passed=False, packages_select=None, packages_skip=None, packages_select_regex=None, packages_skip_regex=None, packages_start=None, packages_end=None, allow_overriding=[], cmake_args=None, cmake_target=None, cmake_target_skip_unavailable=False, cmake_clean_cache=False, cmake_clean_first=False, cmake_force_configure=False, ament_cmake_args=None, catkin_cmake_args=None, catkin_skip_building_tests=False, mixin_files=None, mixin=None, verb_parser=<colcon_mixin.mixin.mixin_argument.MixinArgumentDecorator object at 0x74b40e1767e0>, verb_extension=<colcon_core.verb.build.BuildVerb object at 0x74b40e2c2720>, main=<bound method BuildVerb.main of <colcon_core.verb.build.BuildVerb object at 0x74b40e2c2720>>, mixin_verb=('build',))
[0.148s] Level 1:colcon.colcon_core.package_discovery:discover_packages(colcon_meta) check parameters
[0.148s] Level 1:colcon.colcon_core.package_discovery:discover_packages(recursive) check parameters
[0.148s] Level 1:colcon.colcon_core.package_discovery:discover_packages(ignore) check parameters
[0.148s] Level 1:colcon.colcon_core.package_discovery:discover_packages(path) check parameters
[0.148s] Level 1:colcon.colcon_core.package_discovery:discover_packages(colcon_meta) discover
[0.148s] Level 1:colcon.colcon_core.package_discovery:discover_packages(recursive) discover
[0.148s] INFO:colcon.colcon_core.package_discovery:Crawling recursively for packages in '/home/atr-lab/Desktop/mcp_approach'
[0.148s] Level 1:colcon.colcon_core.package_identification:_identify(.) by extensions ['ignore', 'ignore_ament_install']
[0.148s] Level 1:colcon.colcon_core.package_identification:_identify(.) by extension 'ignore'
[0.148s] Level 1:colcon.colcon_core.package_identification:_identify(.) by extension 'ignore_ament_install'
[0.148s] Level 1:colcon.colcon_core.package_identification:_identify(.) by extensions ['colcon_pkg']
[0.148s] Level 1:colcon.colcon_core.package_identification:_identify(.) by extension 'colcon_pkg'
[0.148s] Level 1:colcon.colcon_core.package_identification:_identify(.) by extensions ['colcon_meta']
[0.148s] Level 1:colcon.colcon_core.package_identification:_identify(.) by extension 'colcon_meta'
[0.148s] Level 1:colcon.colcon_core.package_identification:_identify(.) by extensions ['ros']
[0.148s] Level 1:colcon.colcon_core.package_identification:_identify(.) by extension 'ros'
[0.174s] Level 1:colcon.colcon_core.package_identification:_identify(.) by extensions ['cmake', 'python']
[0.174s] Level 1:colcon.colcon_core.package_identification:_identify(.) by extension 'cmake'
[0.174s] Level 1:colcon.colcon_core.package_identification:_identify(.) by extension 'python'
[0.174s] Level 1:colcon.colcon_core.package_identification:_identify(.) by extensions ['python_setup_py']
[0.174s] Level 1:colcon.colcon_core.package_identification:_identify(.) by extension 'python_setup_py'
[0.174s] Level 1:colcon.colcon_core.package_identification:_identify(build) by extensions ['ignore', 'ignore_ament_install']
[0.174s] Level 1:colcon.colcon_core.package_identification:_identify(build) by extension 'ignore'
[0.174s] Level 1:colcon.colcon_core.package_identification:_identify(build) ignored
[0.174s] Level 1:colcon.colcon_core.package_identification:_identify(install) by extensions ['ignore', 'ignore_ament_install']
[0.174s] Level 1:colcon.colcon_core.package_identification:_identify(install) by extension 'ignore'
[0.174s] Level 1:colcon.colcon_core.package_identification:_identify(install) ignored
[0.174s] Level 1:colcon.colcon_core.package_identification:_identify(log) by extensions ['ignore', 'ignore_ament_install']
[0.174s] Level 1:colcon.colcon_core.package_identification:_identify(log) by extension 'ignore'
[0.174s] Level 1:colcon.colcon_core.package_identification:_identify(log) ignored
[0.175s] Level 1:colcon.colcon_core.package_identification:_identify(previous_mcp_template) by extensions ['ignore', 'ignore_ament_install']
[0.175s] Level 1:colcon.colcon_core.package_identification:_identify(previous_mcp_template) by extension 'ignore'
[0.175s] Level 1:colcon.colcon_core.package_identification:_identify(previous_mcp_template) by extension 'ignore_ament_install'
[0.175s] Level 1:colcon.colcon_core.package_identification:_identify(previous_mcp_template) by extensions ['colcon_pkg']
[0.175s] Level 1:colcon.colcon_core.package_identification:_identify(previous_mcp_template) by extension 'colcon_pkg'
[0.175s] Level 1:colcon.colcon_core.package_identification:_identify(previous_mcp_template) by extensions ['colcon_meta']
[0.175s] Level 1:colcon.colcon_core.package_identification:_identify(previous_mcp_template) by extension 'colcon_meta'
[0.175s] Level 1:colcon.colcon_core.package_identification:_identify(previous_mcp_template) by extensions ['ros']
[0.175s] Level 1:colcon.colcon_core.package_identification:_identify(previous_mcp_template) by extension 'ros'
[0.175s] Level 1:colcon.colcon_core.package_identification:_identify(previous_mcp_template) by extensions ['cmake', 'python']
[0.175s] Level 1:colcon.colcon_core.package_identification:_identify(previous_mcp_template) by extension 'cmake'
[0.175s] Level 1:colcon.colcon_core.package_identification:_identify(previous_mcp_template) by extension 'python'
[0.175s] Level 1:colcon.colcon_core.package_identification:_identify(previous_mcp_template) by extensions ['python_setup_py']
[0.175s] Level 1:colcon.colcon_core.package_identification:_identify(previous_mcp_template) by extension 'python_setup_py'
[0.175s] Level 1:colcon.colcon_core.package_identification:_identify(src) by extensions ['ignore', 'ignore_ament_install']
[0.175s] Level 1:colcon.colcon_core.package_identification:_identify(src) by extension 'ignore'
[0.175s] Level 1:colcon.colcon_core.package_identification:_identify(src) by extension 'ignore_ament_install'
[0.175s] Level 1:colcon.colcon_core.package_identification:_identify(src) by extensions ['colcon_pkg']
[0.175s] Level 1:colcon.colcon_core.package_identification:_identify(src) by extension 'colcon_pkg'
[0.175s] Level 1:colcon.colcon_core.package_identification:_identify(src) by extensions ['colcon_meta']
[0.176s] Level 1:colcon.colcon_core.package_identification:_identify(src) by extension 'colcon_meta'
[0.176s] Level 1:colcon.colcon_core.package_identification:_identify(src) by extensions ['ros']
[0.176s] Level 1:colcon.colcon_core.package_identification:_identify(src) by extension 'ros'
[0.176s] Level 1:colcon.colcon_core.package_identification:_identify(src) by extensions ['cmake', 'python']
[0.176s] Level 1:colcon.colcon_core.package_identification:_identify(src) by extension 'cmake'
[0.176s] Level 1:colcon.colcon_core.package_identification:_identify(src) by extension 'python'
[0.176s] Level 1:colcon.colcon_core.package_identification:_identify(src) by extensions ['python_setup_py']
[0.176s] Level 1:colcon.colcon_core.package_identification:_identify(src) by extension 'python_setup_py'
[0.176s] Level 1:colcon.colcon_core.package_identification:_identify(src/turtlebot3_simulations) by extensions ['ignore', 'ignore_ament_install']
[0.176s] Level 1:colcon.colcon_core.package_identification:_identify(src/turtlebot3_simulations) by extension 'ignore'
[0.176s] Level 1:colcon.colcon_core.package_identification:_identify(src/turtlebot3_simulations) by extension 'ignore_ament_install'
[0.176s] Level 1:colcon.colcon_core.package_identification:_identify(src/turtlebot3_simulations) by extensions ['colcon_pkg']
[0.176s] Level 1:colcon.colcon_core.package_identification:_identify(src/turtlebot3_simulations) by extension 'colcon_pkg'
[0.176s] Level 1:colcon.colcon_core.package_identification:_identify(src/turtlebot3_simulations) by extensions ['colcon_meta']
[0.176s] Level 1:colcon.colcon_core.package_identification:_identify(src/turtlebot3_simulations) by extension 'colcon_meta'
[0.176s] Level 1:colcon.colcon_core.package_identification:_identify(src/turtlebot3_simulations) by extensions ['ros']
[0.176s] Level 1:colcon.colcon_core.package_identification:_identify(src/turtlebot3_simulations) by extension 'ros'
[0.176s] Level 1:colcon.colcon_core.package_identification:_identify(src/turtlebot3_simulations) by extensions ['cmake', 'python']
[0.176s] Level 1:colcon.colcon_core.package_identification:_identify(src/turtlebot3_simulations) by extension 'cmake'
[0.177s] Level 1:colcon.colcon_core.package_identification:_identify(src/turtlebot3_simulations) by extension 'python'
[0.177s] Level 1:colcon.colcon_core.package_identification:_identify(src/turtlebot3_simulations) by extensions ['python_setup_py']
[0.177s] Level 1:colcon.colcon_core.package_identification:_identify(src/turtlebot3_simulations) by extension 'python_setup_py'
[0.177s] Level 1:colcon.colcon_core.package_identification:_identify(src/turtlebot3_simulations/turtlebot3_fake_node) by extensions ['ignore', 'ignore_ament_install']
[0.177s] Level 1:colcon.colcon_core.package_identification:_identify(src/turtlebot3_simulations/turtlebot3_fake_node) by extension 'ignore'
[0.177s] Level 1:colcon.colcon_core.package_identification:_identify(src/turtlebot3_simulations/turtlebot3_fake_node) by extension 'ignore_ament_install'
[0.177s] Level 1:colcon.colcon_core.package_identification:_identify(src/turtlebot3_simulations/turtlebot3_fake_node) by extensions ['colcon_pkg']
[0.177s] Level 1:colcon.colcon_core.package_identification:_identify(src/turtlebot3_simulations/turtlebot3_fake_node) by extension 'colcon_pkg'
[0.177s] Level 1:colcon.colcon_core.package_identification:_identify(src/turtlebot3_simulations/turtlebot3_fake_node) by extensions ['colcon_meta']
[0.177s] Level 1:colcon.colcon_core.package_identification:_identify(src/turtlebot3_simulations/turtlebot3_fake_node) by extension 'colcon_meta'
[0.177s] Level 1:colcon.colcon_core.package_identification:_identify(src/turtlebot3_simulations/turtlebot3_fake_node) by extensions ['ros']
[0.177s] Level 1:colcon.colcon_core.package_identification:_identify(src/turtlebot3_simulations/turtlebot3_fake_node) by extension 'ros'
[0.180s] DEBUG:colcon.colcon_core.package_identification:Package 'src/turtlebot3_simulations/turtlebot3_fake_node' with type 'ros.ament_cmake' and name 'turtlebot3_fake_node'
[0.180s] Level 1:colcon.colcon_core.package_identification:_identify(src/turtlebot3_simulations/turtlebot3_gazebo) by extensions ['ignore', 'ignore_ament_install']
[0.180s] Level 1:colcon.colcon_core.package_identification:_identify(src/turtlebot3_simulations/turtlebot3_gazebo) by extension 'ignore'
[0.180s] Level 1:colcon.colcon_core.package_identification:_identify(src/turtlebot3_simulations/turtlebot3_gazebo) by extension 'ignore_ament_install'
[0.180s] Level 1:colcon.colcon_core.package_identification:_identify(src/turtlebot3_simulations/turtlebot3_gazebo) by extensions ['colcon_pkg']
[0.180s] Level 1:colcon.colcon_core.package_identification:_identify(src/turtlebot3_simulations/turtlebot3_gazebo) by extension 'colcon_pkg'
[0.180s] Level 1:colcon.colcon_core.package_identification:_identify(src/turtlebot3_simulations/turtlebot3_gazebo) by extensions ['colcon_meta']
[0.180s] Level 1:colcon.colcon_core.package_identification:_identify(src/turtlebot3_simulations/turtlebot3_gazebo) by extension 'colcon_meta'
[0.180s] Level 1:colcon.colcon_core.package_identification:_identify(src/turtlebot3_simulations/turtlebot3_gazebo) by extensions ['ros']
[0.180s] Level 1:colcon.colcon_core.package_identification:_identify(src/turtlebot3_simulations/turtlebot3_gazebo) by extension 'ros'
[0.181s] DEBUG:colcon.colcon_core.package_identification:Package 'src/turtlebot3_simulations/turtlebot3_gazebo' with type 'ros.ament_cmake' and name 'turtlebot3_gazebo'
[0.181s] Level 1:colcon.colcon_core.package_identification:_identify(src/turtlebot3_simulations/turtlebot3_simulations) by extensions ['ignore', 'ignore_ament_install']
[0.181s] Level 1:colcon.colcon_core.package_identification:_identify(src/turtlebot3_simulations/turtlebot3_simulations) by extension 'ignore'
[0.182s] Level 1:colcon.colcon_core.package_identification:_identify(src/turtlebot3_simulations/turtlebot3_simulations) by extension 'ignore_ament_install'
[0.182s] Level 1:colcon.colcon_core.package_identification:_identify(src/turtlebot3_simulations/turtlebot3_simulations) by extensions ['colcon_pkg']
[0.182s] Level 1:colcon.colcon_core.package_identification:_identify(src/turtlebot3_simulations/turtlebot3_simulations) by extension 'colcon_pkg'
[0.182s] Level 1:colcon.colcon_core.package_identification:_identify(src/turtlebot3_simulations/turtlebot3_simulations) by extensions ['colcon_meta']
[0.182s] Level 1:colcon.colcon_core.package_identification:_identify(src/turtlebot3_simulations/turtlebot3_simulations) by extension 'colcon_meta'
[0.182s] Level 1:colcon.colcon_core.package_identification:_identify(src/turtlebot3_simulations/turtlebot3_simulations) by extensions ['ros']
[0.182s] Level 1:colcon.colcon_core.package_identification:_identify(src/turtlebot3_simulations/turtlebot3_simulations) by extension 'ros'
[0.182s] DEBUG:colcon.colcon_core.package_identification:Package 'src/turtlebot3_simulations/turtlebot3_simulations' with type 'ros.ament_cmake' and name 'turtlebot3_simulations'
[0.182s] Level 1:colcon.colcon_core.package_discovery:discover_packages(recursive) using defaults
[0.182s] Level 1:colcon.colcon_core.package_discovery:discover_packages(ignore) discover
[0.182s] Level 1:colcon.colcon_core.package_discovery:discover_packages(ignore) using defaults
[0.182s] Level 1:colcon.colcon_core.package_discovery:discover_packages(path) discover
[0.182s] Level 1:colcon.colcon_core.package_discovery:discover_packages(path) using defaults
[0.200s] Level 1:colcon.colcon_core.package_discovery:discover_packages(prefix_path) check parameters
[0.200s] Level 1:colcon.colcon_core.package_discovery:discover_packages(prefix_path) discover
[0.204s] DEBUG:colcon.colcon_installed_package_information.package_discovery:Found 494 installed packages in /opt/ros/jazzy
[0.205s] Level 1:colcon.colcon_core.package_discovery:discover_packages(prefix_path) using defaults
[0.278s] Level 5:colcon.colcon_core.verb:set package 'turtlebot3_fake_node' build argument 'cmake_args' from command line to 'None'
[0.278s] Level 5:colcon.colcon_core.verb:set package 'turtlebot3_fake_node' build argument 'cmake_target' from command line to 'None'
[0.278s] Level 5:colcon.colcon_core.verb:set package 'turtlebot3_fake_node' build argument 'cmake_target_skip_unavailable' from command line to 'False'
[0.278s] Level 5:colcon.colcon_core.verb:set package 'turtlebot3_fake_node' build argument 'cmake_clean_cache' from command line to 'False'
[0.278s] Level 5:colcon.colcon_core.verb:set package 'turtlebot3_fake_node' build argument 'cmake_clean_first' from command line to 'False'
[0.278s] Level 5:colcon.colcon_core.verb:set package 'turtlebot3_fake_node' build argument 'cmake_force_configure' from command line to 'False'
[0.278s] Level 5:colcon.colcon_core.verb:set package 'turtlebot3_fake_node' build argument 'ament_cmake_args' from command line to 'None'
[0.278s] Level 5:colcon.colcon_core.verb:set package 'turtlebot3_fake_node' build argument 'catkin_cmake_args' from command line to 'None'
[0.278s] Level 5:colcon.colcon_core.verb:set package 'turtlebot3_fake_node' build argument 'catkin_skip_building_tests' from command line to 'False'
[0.278s] DEBUG:colcon.colcon_core.verb:Building package 'turtlebot3_fake_node' with the following arguments: {'ament_cmake_args': None, 'build_base': '/home/atr-lab/Desktop/mcp_approach/build/turtlebot3_fake_node', 'catkin_cmake_args': None, 'catkin_skip_building_tests': False, 'cmake_args': None, 'cmake_clean_cache': False, 'cmake_clean_first': False, 'cmake_force_configure': False, 'cmake_target': None, 'cmake_target_skip_unavailable': False, 'install_base': '/home/atr-lab/Desktop/mcp_approach/install/turtlebot3_fake_node', 'merge_install': False, 'path': '/home/atr-lab/Desktop/mcp_approach/src/turtlebot3_simulations/turtlebot3_fake_node', 'symlink_install': True, 'test_result_base': None}
[0.278s] Level 5:colcon.colcon_core.verb:set package 'turtlebot3_gazebo' build argument 'cmake_args' from command line to 'None'
[0.278s] Level 5:colcon.colcon_core.verb:set package 'turtlebot3_gazebo' build argument 'cmake_target' from command line to 'None'
[0.278s] Level 5:colcon.colcon_core.verb:set package 'turtlebot3_gazebo' build argument 'cmake_target_skip_unavailable' from command line to 'False'
[0.278s] Level 5:colcon.colcon_core.verb:set package 'turtlebot3_gazebo' build argument 'cmake_clean_cache' from command line to 'False'
[0.278s] Level 5:colcon.colcon_core.verb:set package 'turtlebot3_gazebo' build argument 'cmake_clean_first' from command line to 'False'
[0.278s] Level 5:colcon.colcon_core.verb:set package 'turtlebot3_gazebo' build argument 'cmake_force_configure' from command line to 'False'
[0.278s] Level 5:colcon.colcon_core.verb:set package 'turtlebot3_gazebo' build argument 'ament_cmake_args' from command line to 'None'
[0.278s] Level 5:colcon.colcon_core.verb:set package 'turtlebot3_gazebo' build argument 'catkin_cmake_args' from command line to 'None'
[0.278s] Level 5:colcon.colcon_core.verb:set package 'turtlebot3_gazebo' build argument 'catkin_skip_building_tests' from command line to 'False'
[0.279s] DEBUG:colcon.colcon_core.verb:Building package 'turtlebot3_gazebo' with the following arguments: {'ament_cmake_args': None, 'build_base': '/home/atr-lab/Desktop/mcp_approach/build/turtlebot3_gazebo', 'catkin_cmake_args': None, 'catkin_skip_building_tests': False, 'cmake_args': None, 'cmake_clean_cache': False, 'cmake_clean_first': False, 'cmake_force_configure': False, 'cmake_target': None, 'cmake_target_skip_unavailable': False, 'install_base': '/home/atr-lab/Desktop/mcp_approach/install/turtlebot3_gazebo', 'merge_install': False, 'path': '/home/atr-lab/Desktop/mcp_approach/src/turtlebot3_simulations/turtlebot3_gazebo', 'symlink_install': True, 'test_result_base': None}
[0.279s] Level 5:colcon.colcon_core.verb:set package 'turtlebot3_simulations' build argument 'cmake_args' from command line to 'None'
[0.279s] Level 5:colcon.colcon_core.verb:set package 'turtlebot3_simulations' build argument 'cmake_target' from command line to 'None'
[0.279s] Level 5:colcon.colcon_core.verb:set package 'turtlebot3_simulations' build argument 'cmake_target_skip_unavailable' from command line to 'False'
[0.279s] Level 5:colcon.colcon_core.verb:set package 'turtlebot3_simulations' build argument 'cmake_clean_cache' from command line to 'False'
[0.279s] Level 5:colcon.colcon_core.verb:set package 'turtlebot3_simulations' build argument 'cmake_clean_first' from command line to 'False'
[0.279s] Level 5:colcon.colcon_core.verb:set package 'turtlebot3_simulations' build argument 'cmake_force_configure' from command line to 'False'
[0.279s] Level 5:colcon.colcon_core.verb:set package 'turtlebot3_simulations' build argument 'ament_cmake_args' from command line to 'None'
[0.279s] Level 5:colcon.colcon_core.verb:set package 'turtlebot3_simulations' build argument 'catkin_cmake_args' from command line to 'None'
[0.279s] Level 5:colcon.colcon_core.verb:set package 'turtlebot3_simulations' build argument 'catkin_skip_building_tests' from command line to 'False'
[0.279s] DEBUG:colcon.colcon_core.verb:Building package 'turtlebot3_simulations' with the following arguments: {'ament_cmake_args': None, 'build_base': '/home/atr-lab/Desktop/mcp_approach/build/turtlebot3_simulations', 'catkin_cmake_args': None, 'catkin_skip_building_tests': False, 'cmake_args': None, 'cmake_clean_cache': False, 'cmake_clean_first': False, 'cmake_force_configure': False, 'cmake_target': None, 'cmake_target_skip_unavailable': False, 'install_base': '/home/atr-lab/Desktop/mcp_approach/install/turtlebot3_simulations', 'merge_install': False, 'path': '/home/atr-lab/Desktop/mcp_approach/src/turtlebot3_simulations/turtlebot3_simulations', 'symlink_install': True, 'test_result_base': None}
[0.279s] INFO:colcon.colcon_core.executor:Executing jobs using 'parallel' executor
[0.280s] DEBUG:colcon.colcon_parallel_executor.executor.parallel:run_until_complete
[0.280s] INFO:colcon.colcon_ros.task.ament_cmake.build:Building ROS package in '/home/atr-lab/Desktop/mcp_approach/src/turtlebot3_simulations/turtlebot3_fake_node' with build type 'ament_cmake'
[0.280s] INFO:colcon.colcon_cmake.task.cmake.build:Building CMake package in '/home/atr-lab/Desktop/mcp_approach/src/turtlebot3_simulations/turtlebot3_fake_node'
[0.282s] INFO:colcon.colcon_core.plugin_system:Skipping extension 'colcon_core.shell.bat': Not used on non-Windows systems
[0.282s] INFO:colcon.colcon_core.shell:Skip shell extension 'powershell' for command environment: Not usable outside of PowerShell
[0.282s] DEBUG:colcon.colcon_core.shell:Skip shell extension 'dsv' for command environment
[0.286s] INFO:colcon.colcon_ros.task.ament_cmake.build:Building ROS package in '/home/atr-lab/Desktop/mcp_approach/src/turtlebot3_simulations/turtlebot3_gazebo' with build type 'ament_cmake'
[0.286s] INFO:colcon.colcon_cmake.task.cmake.build:Building CMake package in '/home/atr-lab/Desktop/mcp_approach/src/turtlebot3_simulations/turtlebot3_gazebo'
[0.287s] INFO:colcon.colcon_core.shell:Skip shell extension 'powershell' for command environment: Not usable outside of PowerShell
[0.287s] DEBUG:colcon.colcon_core.shell:Skip shell extension 'dsv' for command environment
[0.295s] DEBUG:colcon.colcon_core.event_handler.log_command:Invoking command in '/home/atr-lab/Desktop/mcp_approach/build/turtlebot3_fake_node': CMAKE_PREFIX_PATH=${CMAKE_PREFIX_PATH}:/opt/ros/jazzy DEBUGINFOD_URLS=https://debuginfod.ubuntu.com /usr/bin/cmake /home/atr-lab/Desktop/mcp_approach/src/turtlebot3_simulations/turtlebot3_fake_node -DAMENT_CMAKE_SYMLINK_INSTALL=1 -DCMAKE_INSTALL_PREFIX=/home/atr-lab/Desktop/mcp_approach/install/turtlebot3_fake_node
[0.298s] DEBUG:colcon.colcon_core.event_handler.log_command:Invoking command in '/home/atr-lab/Desktop/mcp_approach/build/turtlebot3_gazebo': CMAKE_PREFIX_PATH=${CMAKE_PREFIX_PATH}:/opt/ros/jazzy DEBUGINFOD_URLS=https://debuginfod.ubuntu.com /usr/bin/cmake /home/atr-lab/Desktop/mcp_approach/src/turtlebot3_simulations/turtlebot3_gazebo -DAMENT_CMAKE_SYMLINK_INSTALL=1 -DCMAKE_INSTALL_PREFIX=/home/atr-lab/Desktop/mcp_approach/install/turtlebot3_gazebo
[2.309s] DEBUG:colcon.colcon_core.event_handler.log_command:Invoked command in '/home/atr-lab/Desktop/mcp_approach/build/turtlebot3_fake_node' returned '0': CMAKE_PREFIX_PATH=${CMAKE_PREFIX_PATH}:/opt/ros/jazzy DEBUGINFOD_URLS=https://debuginfod.ubuntu.com /usr/bin/cmake /home/atr-lab/Desktop/mcp_approach/src/turtlebot3_simulations/turtlebot3_fake_node -DAMENT_CMAKE_SYMLINK_INSTALL=1 -DCMAKE_INSTALL_PREFIX=/home/atr-lab/Desktop/mcp_approach/install/turtlebot3_fake_node
[2.311s] DEBUG:colcon.colcon_core.event_handler.log_command:Invoking command in '/home/atr-lab/Desktop/mcp_approach/build/turtlebot3_fake_node': CMAKE_PREFIX_PATH=${CMAKE_PREFIX_PATH}:/opt/ros/jazzy DEBUGINFOD_URLS=https://debuginfod.ubuntu.com /usr/bin/cmake --build /home/atr-lab/Desktop/mcp_approach/build/turtlebot3_fake_node -- -j12 -l12
[4.178s] DEBUG:colcon.colcon_core.event_handler.log_command:Invoked command in '/home/atr-lab/Desktop/mcp_approach/build/turtlebot3_gazebo' returned '0': CMAKE_PREFIX_PATH=${CMAKE_PREFIX_PATH}:/opt/ros/jazzy DEBUGINFOD_URLS=https://debuginfod.ubuntu.com /usr/bin/cmake /home/atr-lab/Desktop/mcp_approach/src/turtlebot3_simulations/turtlebot3_gazebo -DAMENT_CMAKE_SYMLINK_INSTALL=1 -DCMAKE_INSTALL_PREFIX=/home/atr-lab/Desktop/mcp_approach/install/turtlebot3_gazebo
[4.179s] DEBUG:colcon.colcon_core.event_handler.log_command:Invoking command in '/home/atr-lab/Desktop/mcp_approach/build/turtlebot3_gazebo': CMAKE_PREFIX_PATH=${CMAKE_PREFIX_PATH}:/opt/ros/jazzy DEBUGINFOD_URLS=https://debuginfod.ubuntu.com /usr/bin/cmake --build /home/atr-lab/Desktop/mcp_approach/build/turtlebot3_gazebo -- -j12 -l12
[13.387s] DEBUG:colcon.colcon_core.event_handler.log_command:Invoked command in '/home/atr-lab/Desktop/mcp_approach/build/turtlebot3_fake_node' returned '0': CMAKE_PREFIX_PATH=${CMAKE_PREFIX_PATH}:/opt/ros/jazzy DEBUGINFOD_URLS=https://debuginfod.ubuntu.com /usr/bin/cmake --build /home/atr-lab/Desktop/mcp_approach/build/turtlebot3_fake_node -- -j12 -l12
[13.398s] DEBUG:colcon.colcon_core.event_handler.log_command:Invoking command in '/home/atr-lab/Desktop/mcp_approach/build/turtlebot3_fake_node': CMAKE_PREFIX_PATH=${CMAKE_PREFIX_PATH}:/opt/ros/jazzy DEBUGINFOD_URLS=https://debuginfod.ubuntu.com /usr/bin/cmake --install /home/atr-lab/Desktop/mcp_approach/build/turtlebot3_fake_node
[13.662s] Level 1:colcon.colcon_core.environment:create_environment_scripts_only(turtlebot3_fake_node)
[13.663s] DEBUG:colcon.colcon_core.event_handler.log_command:Invoked command in '/home/atr-lab/Desktop/mcp_approach/build/turtlebot3_fake_node' returned '0': CMAKE_PREFIX_PATH=${CMAKE_PREFIX_PATH}:/opt/ros/jazzy DEBUGINFOD_URLS=https://debuginfod.ubuntu.com /usr/bin/cmake --install /home/atr-lab/Desktop/mcp_approach/build/turtlebot3_fake_node
[13.665s] Level 1:colcon.colcon_core.environment:checking '/home/atr-lab/Desktop/mcp_approach/install/turtlebot3_fake_node' for CMake module files
[13.665s] Level 1:colcon.colcon_core.environment:checking '/home/atr-lab/Desktop/mcp_approach/install/turtlebot3_fake_node' for CMake config files
[13.666s] Level 1:colcon.colcon_core.shell:create_environment_hook('turtlebot3_fake_node', 'cmake_prefix_path')
[13.666s] INFO:colcon.colcon_core.shell:Creating environment hook '/home/atr-lab/Desktop/mcp_approach/install/turtlebot3_fake_node/share/turtlebot3_fake_node/hook/cmake_prefix_path.ps1'
[13.667s] INFO:colcon.colcon_core.shell:Creating environment descriptor '/home/atr-lab/Desktop/mcp_approach/install/turtlebot3_fake_node/share/turtlebot3_fake_node/hook/cmake_prefix_path.dsv'
[13.667s] INFO:colcon.colcon_core.shell:Creating environment hook '/home/atr-lab/Desktop/mcp_approach/install/turtlebot3_fake_node/share/turtlebot3_fake_node/hook/cmake_prefix_path.sh'
[13.668s] Level 1:colcon.colcon_core.environment:checking '/home/atr-lab/Desktop/mcp_approach/install/turtlebot3_fake_node/lib'
[13.668s] Level 1:colcon.colcon_core.environment:checking '/home/atr-lab/Desktop/mcp_approach/install/turtlebot3_fake_node/bin'
[13.668s] Level 1:colcon.colcon_core.environment:checking '/home/atr-lab/Desktop/mcp_approach/install/turtlebot3_fake_node/lib/pkgconfig/turtlebot3_fake_node.pc'
[13.668s] Level 1:colcon.colcon_core.environment:checking '/home/atr-lab/Desktop/mcp_approach/install/turtlebot3_fake_node/lib/python3.12/site-packages'
[13.668s] Level 1:colcon.colcon_core.environment:checking '/home/atr-lab/Desktop/mcp_approach/install/turtlebot3_fake_node/bin'
[13.669s] INFO:colcon.colcon_core.shell:Creating package script '/home/atr-lab/Desktop/mcp_approach/install/turtlebot3_fake_node/share/turtlebot3_fake_node/package.ps1'
[13.670s] INFO:colcon.colcon_core.shell:Creating package descriptor '/home/atr-lab/Desktop/mcp_approach/install/turtlebot3_fake_node/share/turtlebot3_fake_node/package.dsv'
[13.670s] INFO:colcon.colcon_core.shell:Creating package script '/home/atr-lab/Desktop/mcp_approach/install/turtlebot3_fake_node/share/turtlebot3_fake_node/package.sh'
[13.671s] INFO:colcon.colcon_core.shell:Creating package script '/home/atr-lab/Desktop/mcp_approach/install/turtlebot3_fake_node/share/turtlebot3_fake_node/package.bash'
[13.671s] INFO:colcon.colcon_core.shell:Creating package script '/home/atr-lab/Desktop/mcp_approach/install/turtlebot3_fake_node/share/turtlebot3_fake_node/package.zsh'
[13.672s] Level 1:colcon.colcon_core.environment:create_file_with_runtime_dependencies(/home/atr-lab/Desktop/mcp_approach/install/turtlebot3_fake_node/share/colcon-core/packages/turtlebot3_fake_node)
[13.672s] Level 1:colcon.colcon_core.environment:create_environment_scripts_only(turtlebot3_fake_node)
[13.672s] Level 1:colcon.colcon_core.environment:checking '/home/atr-lab/Desktop/mcp_approach/install/turtlebot3_fake_node' for CMake module files
[13.673s] Level 1:colcon.colcon_core.environment:checking '/home/atr-lab/Desktop/mcp_approach/install/turtlebot3_fake_node' for CMake config files
[13.673s] Level 1:colcon.colcon_core.shell:create_environment_hook('turtlebot3_fake_node', 'cmake_prefix_path')
[13.674s] INFO:colcon.colcon_core.shell:Creating environment hook '/home/atr-lab/Desktop/mcp_approach/install/turtlebot3_fake_node/share/turtlebot3_fake_node/hook/cmake_prefix_path.ps1'
[13.674s] INFO:colcon.colcon_core.shell:Creating environment descriptor '/home/atr-lab/Desktop/mcp_approach/install/turtlebot3_fake_node/share/turtlebot3_fake_node/hook/cmake_prefix_path.dsv'
[13.674s] INFO:colcon.colcon_core.shell:Creating environment hook '/home/atr-lab/Desktop/mcp_approach/install/turtlebot3_fake_node/share/turtlebot3_fake_node/hook/cmake_prefix_path.sh'
[13.675s] Level 1:colcon.colcon_core.environment:checking '/home/atr-lab/Desktop/mcp_approach/install/turtlebot3_fake_node/lib'
[13.675s] Level 1:colcon.colcon_core.environment:checking '/home/atr-lab/Desktop/mcp_approach/install/turtlebot3_fake_node/bin'
[13.675s] Level 1:colcon.colcon_core.environment:checking '/home/atr-lab/Desktop/mcp_approach/install/turtlebot3_fake_node/lib/pkgconfig/turtlebot3_fake_node.pc'
[13.675s] Level 1:colcon.colcon_core.environment:checking '/home/atr-lab/Desktop/mcp_approach/install/turtlebot3_fake_node/lib/python3.12/site-packages'
[13.675s] Level 1:colcon.colcon_core.environment:checking '/home/atr-lab/Desktop/mcp_approach/install/turtlebot3_fake_node/bin'
[13.676s] INFO:colcon.colcon_core.shell:Creating package script '/home/atr-lab/Desktop/mcp_approach/install/turtlebot3_fake_node/share/turtlebot3_fake_node/package.ps1'
[13.676s] INFO:colcon.colcon_core.shell:Creating package descriptor '/home/atr-lab/Desktop/mcp_approach/install/turtlebot3_fake_node/share/turtlebot3_fake_node/package.dsv'
[13.676s] INFO:colcon.colcon_core.shell:Creating package script '/home/atr-lab/Desktop/mcp_approach/install/turtlebot3_fake_node/share/turtlebot3_fake_node/package.sh'
[13.677s] INFO:colcon.colcon_core.shell:Creating package script '/home/atr-lab/Desktop/mcp_approach/install/turtlebot3_fake_node/share/turtlebot3_fake_node/package.bash'
[13.677s] INFO:colcon.colcon_core.shell:Creating package script '/home/atr-lab/Desktop/mcp_approach/install/turtlebot3_fake_node/share/turtlebot3_fake_node/package.zsh'
[13.677s] Level 1:colcon.colcon_core.environment:create_file_with_runtime_dependencies(/home/atr-lab/Desktop/mcp_approach/install/turtlebot3_fake_node/share/colcon-core/packages/turtlebot3_fake_node)
[15.433s] DEBUG:colcon.colcon_core.event_handler.log_command:Invoked command in '/home/atr-lab/Desktop/mcp_approach/build/turtlebot3_gazebo' returned '0': CMAKE_PREFIX_PATH=${CMAKE_PREFIX_PATH}:/opt/ros/jazzy DEBUGINFOD_URLS=https://debuginfod.ubuntu.com /usr/bin/cmake --build /home/atr-lab/Desktop/mcp_approach/build/turtlebot3_gazebo -- -j12 -l12
[15.435s] DEBUG:colcon.colcon_core.event_handler.log_command:Invoking command in '/home/atr-lab/Desktop/mcp_approach/build/turtlebot3_gazebo': CMAKE_PREFIX_PATH=${CMAKE_PREFIX_PATH}:/opt/ros/jazzy DEBUGINFOD_URLS=https://debuginfod.ubuntu.com /usr/bin/cmake --install /home/atr-lab/Desktop/mcp_approach/build/turtlebot3_gazebo
[16.711s] Level 1:colcon.colcon_core.environment:create_environment_scripts_only(turtlebot3_gazebo)
[16.712s] Level 1:colcon.colcon_core.environment:checking '/home/atr-lab/Desktop/mcp_approach/install/turtlebot3_gazebo' for CMake module files
[16.712s] DEBUG:colcon.colcon_core.event_handler.log_command:Invoked command in '/home/atr-lab/Desktop/mcp_approach/build/turtlebot3_gazebo' returned '0': CMAKE_PREFIX_PATH=${CMAKE_PREFIX_PATH}:/opt/ros/jazzy DEBUGINFOD_URLS=https://debuginfod.ubuntu.com /usr/bin/cmake --install /home/atr-lab/Desktop/mcp_approach/build/turtlebot3_gazebo
[16.713s] Level 1:colcon.colcon_core.environment:checking '/home/atr-lab/Desktop/mcp_approach/install/turtlebot3_gazebo' for CMake config files
[16.714s] Level 1:colcon.colcon_core.shell:create_environment_hook('turtlebot3_gazebo', 'cmake_prefix_path')
[16.714s] INFO:colcon.colcon_core.shell:Creating environment hook '/home/atr-lab/Desktop/mcp_approach/install/turtlebot3_gazebo/share/turtlebot3_gazebo/hook/cmake_prefix_path.ps1'
[16.715s] INFO:colcon.colcon_core.shell:Creating environment descriptor '/home/atr-lab/Desktop/mcp_approach/install/turtlebot3_gazebo/share/turtlebot3_gazebo/hook/cmake_prefix_path.dsv'
[16.715s] INFO:colcon.colcon_core.shell:Creating environment hook '/home/atr-lab/Desktop/mcp_approach/install/turtlebot3_gazebo/share/turtlebot3_gazebo/hook/cmake_prefix_path.sh'
[16.716s] Level 1:colcon.colcon_core.environment:checking '/home/atr-lab/Desktop/mcp_approach/install/turtlebot3_gazebo/lib'
[16.716s] Level 1:colcon.colcon_core.environment:checking '/home/atr-lab/Desktop/mcp_approach/install/turtlebot3_gazebo/bin'
[16.716s] Level 1:colcon.colcon_core.environment:checking '/home/atr-lab/Desktop/mcp_approach/install/turtlebot3_gazebo/lib/pkgconfig/turtlebot3_gazebo.pc'
[16.716s] Level 1:colcon.colcon_core.environment:checking '/home/atr-lab/Desktop/mcp_approach/install/turtlebot3_gazebo/lib/python3.12/site-packages'
[16.717s] Level 1:colcon.colcon_core.environment:checking '/home/atr-lab/Desktop/mcp_approach/install/turtlebot3_gazebo/bin'
[16.717s] INFO:colcon.colcon_core.shell:Creating package script '/home/atr-lab/Desktop/mcp_approach/install/turtlebot3_gazebo/share/turtlebot3_gazebo/package.ps1'
[16.717s] INFO:colcon.colcon_core.shell:Creating package descriptor '/home/atr-lab/Desktop/mcp_approach/install/turtlebot3_gazebo/share/turtlebot3_gazebo/package.dsv'
[16.718s] INFO:colcon.colcon_core.shell:Creating package script '/home/atr-lab/Desktop/mcp_approach/install/turtlebot3_gazebo/share/turtlebot3_gazebo/package.sh'
[16.718s] INFO:colcon.colcon_core.shell:Creating package script '/home/atr-lab/Desktop/mcp_approach/install/turtlebot3_gazebo/share/turtlebot3_gazebo/package.bash'
[16.718s] INFO:colcon.colcon_core.shell:Creating package script '/home/atr-lab/Desktop/mcp_approach/install/turtlebot3_gazebo/share/turtlebot3_gazebo/package.zsh'
[16.719s] Level 1:colcon.colcon_core.environment:create_file_with_runtime_dependencies(/home/atr-lab/Desktop/mcp_approach/install/turtlebot3_gazebo/share/colcon-core/packages/turtlebot3_gazebo)
[16.719s] Level 1:colcon.colcon_core.environment:create_environment_scripts_only(turtlebot3_gazebo)
[16.719s] Level 1:colcon.colcon_core.environment:checking '/home/atr-lab/Desktop/mcp_approach/install/turtlebot3_gazebo' for CMake module files
[16.720s] Level 1:colcon.colcon_core.environment:checking '/home/atr-lab/Desktop/mcp_approach/install/turtlebot3_gazebo' for CMake config files
[16.721s] Level 1:colcon.colcon_core.shell:create_environment_hook('turtlebot3_gazebo', 'cmake_prefix_path')
[16.722s] INFO:colcon.colcon_core.shell:Creating environment hook '/home/atr-lab/Desktop/mcp_approach/install/turtlebot3_gazebo/share/turtlebot3_gazebo/hook/cmake_prefix_path.ps1'
[16.722s] INFO:colcon.colcon_core.shell:Creating environment descriptor '/home/atr-lab/Desktop/mcp_approach/install/turtlebot3_gazebo/share/turtlebot3_gazebo/hook/cmake_prefix_path.dsv'
[16.722s] INFO:colcon.colcon_core.shell:Creating environment hook '/home/atr-lab/Desktop/mcp_approach/install/turtlebot3_gazebo/share/turtlebot3_gazebo/hook/cmake_prefix_path.sh'
[16.723s] Level 1:colcon.colcon_core.environment:checking '/home/atr-lab/Desktop/mcp_approach/install/turtlebot3_gazebo/lib'
[16.723s] Level 1:colcon.colcon_core.environment:checking '/home/atr-lab/Desktop/mcp_approach/install/turtlebot3_gazebo/bin'
[16.723s] Level 1:colcon.colcon_core.environment:checking '/home/atr-lab/Desktop/mcp_approach/install/turtlebot3_gazebo/lib/pkgconfig/turtlebot3_gazebo.pc'
[16.723s] Level 1:colcon.colcon_core.environment:checking '/home/atr-lab/Desktop/mcp_approach/install/turtlebot3_gazebo/lib/python3.12/site-packages'
[16.724s] Level 1:colcon.colcon_core.environment:checking '/home/atr-lab/Desktop/mcp_approach/install/turtlebot3_gazebo/bin'
[16.724s] INFO:colcon.colcon_core.shell:Creating package script '/home/atr-lab/Desktop/mcp_approach/install/turtlebot3_gazebo/share/turtlebot3_gazebo/package.ps1'
[16.725s] INFO:colcon.colcon_core.shell:Creating package descriptor '/home/atr-lab/Desktop/mcp_approach/install/turtlebot3_gazebo/share/turtlebot3_gazebo/package.dsv'
[16.725s] INFO:colcon.colcon_core.shell:Creating package script '/home/atr-lab/Desktop/mcp_approach/install/turtlebot3_gazebo/share/turtlebot3_gazebo/package.sh'
[16.726s] INFO:colcon.colcon_core.shell:Creating package script '/home/atr-lab/Desktop/mcp_approach/install/turtlebot3_gazebo/share/turtlebot3_gazebo/package.bash'
[16.726s] INFO:colcon.colcon_core.shell:Creating package script '/home/atr-lab/Desktop/mcp_approach/install/turtlebot3_gazebo/share/turtlebot3_gazebo/package.zsh'
[16.726s] Level 1:colcon.colcon_core.environment:create_file_with_runtime_dependencies(/home/atr-lab/Desktop/mcp_approach/install/turtlebot3_gazebo/share/colcon-core/packages/turtlebot3_gazebo)
[16.727s] INFO:colcon.colcon_ros.task.ament_cmake.build:Building ROS package in '/home/atr-lab/Desktop/mcp_approach/src/turtlebot3_simulations/turtlebot3_simulations' with build type 'ament_cmake'
[16.727s] INFO:colcon.colcon_cmake.task.cmake.build:Building CMake package in '/home/atr-lab/Desktop/mcp_approach/src/turtlebot3_simulations/turtlebot3_simulations'
[16.727s] INFO:colcon.colcon_core.shell:Skip shell extension 'powershell' for command environment: Not usable outside of PowerShell
[16.727s] DEBUG:colcon.colcon_core.shell:Skip shell extension 'dsv' for command environment
[16.737s] DEBUG:colcon.colcon_core.event_handler.log_command:Invoking command in '/home/atr-lab/Desktop/mcp_approach/build/turtlebot3_simulations': AMENT_PREFIX_PATH=/home/atr-lab/Desktop/mcp_approach/install/turtlebot3_gazebo:/home/atr-lab/Desktop/mcp_approach/install/turtlebot3_fake_node:${AMENT_PREFIX_PATH} CMAKE_PREFIX_PATH=/home/atr-lab/Desktop/mcp_approach/install/turtlebot3_gazebo:/home/atr-lab/Desktop/mcp_approach/install/turtlebot3_fake_node:/opt/ros/jazzy/opt/gz_sim_vendor:/opt/ros/jazzy/opt/gz_sensors_vendor:/opt/ros/jazzy/opt/gz_physics_vendor:/opt/ros/jazzy/opt/sdformat_vendor:/opt/ros/jazzy/opt/gz_gui_vendor:/opt/ros/jazzy/opt/gz_transport_vendor:/opt/ros/jazzy/opt/gz_rendering_vendor:/opt/ros/jazzy/opt/gz_plugin_vendor:/opt/ros/jazzy/opt/gz_fuel_tools_vendor:/opt/ros/jazzy/opt/gz_msgs_vendor:/opt/ros/jazzy/opt/gz_common_vendor:/opt/ros/jazzy/opt/gz_math_vendor:/opt/ros/jazzy/opt/gz_utils_vendor:/opt/ros/jazzy/opt/gz_tools_vendor:/opt/ros/jazzy/opt/gz_ogre_next_vendor:/opt/ros/jazzy/opt/gz_dartsim_vendor:/opt/ros/jazzy/opt/gz_cmake_vendor:/opt/ros/jazzy DEBUGINFOD_URLS=https://debuginfod.ubuntu.com /usr/bin/cmake /home/atr-lab/Desktop/mcp_approach/src/turtlebot3_simulations/turtlebot3_simulations -DAMENT_CMAKE_SYMLINK_INSTALL=1 -DCMAKE_INSTALL_PREFIX=/home/atr-lab/Desktop/mcp_approach/install/turtlebot3_simulations
[17.539s] DEBUG:colcon.colcon_core.event_handler.log_command:Invoked command in '/home/atr-lab/Desktop/mcp_approach/build/turtlebot3_simulations' returned '0': AMENT_PREFIX_PATH=/home/atr-lab/Desktop/mcp_approach/install/turtlebot3_gazebo:/home/atr-lab/Desktop/mcp_approach/install/turtlebot3_fake_node:${AMENT_PREFIX_PATH} CMAKE_PREFIX_PATH=/home/atr-lab/Desktop/mcp_approach/install/turtlebot3_gazebo:/home/atr-lab/Desktop/mcp_approach/install/turtlebot3_fake_node:/opt/ros/jazzy/opt/gz_sim_vendor:/opt/ros/jazzy/opt/gz_sensors_vendor:/opt/ros/jazzy/opt/gz_physics_vendor:/opt/ros/jazzy/opt/sdformat_vendor:/opt/ros/jazzy/opt/gz_gui_vendor:/opt/ros/jazzy/opt/gz_transport_vendor:/opt/ros/jazzy/opt/gz_rendering_vendor:/opt/ros/jazzy/opt/gz_plugin_vendor:/opt/ros/jazzy/opt/gz_fuel_tools_vendor:/opt/ros/jazzy/opt/gz_msgs_vendor:/opt/ros/jazzy/opt/gz_common_vendor:/opt/ros/jazzy/opt/gz_math_vendor:/opt/ros/jazzy/opt/gz_utils_vendor:/opt/ros/jazzy/opt/gz_tools_vendor:/opt/ros/jazzy/opt/gz_ogre_next_vendor:/opt/ros/jazzy/opt/gz_dartsim_vendor:/opt/ros/jazzy/opt/gz_cmake_vendor:/opt/ros/jazzy DEBUGINFOD_URLS=https://debuginfod.ubuntu.com /usr/bin/cmake /home/atr-lab/Desktop/mcp_approach/src/turtlebot3_simulations/turtlebot3_simulations -DAMENT_CMAKE_SYMLINK_INSTALL=1 -DCMAKE_INSTALL_PREFIX=/home/atr-lab/Desktop/mcp_approach/install/turtlebot3_simulations
[17.540s] DEBUG:colcon.colcon_core.event_handler.log_command:Invoking command in '/home/atr-lab/Desktop/mcp_approach/build/turtlebot3_simulations': AMENT_PREFIX_PATH=/home/atr-lab/Desktop/mcp_approach/install/turtlebot3_gazebo:/home/atr-lab/Desktop/mcp_approach/install/turtlebot3_fake_node:${AMENT_PREFIX_PATH} CMAKE_PREFIX_PATH=/home/atr-lab/Desktop/mcp_approach/install/turtlebot3_gazebo:/home/atr-lab/Desktop/mcp_approach/install/turtlebot3_fake_node:/opt/ros/jazzy/opt/gz_sim_vendor:/opt/ros/jazzy/opt/gz_sensors_vendor:/opt/ros/jazzy/opt/gz_physics_vendor:/opt/ros/jazzy/opt/sdformat_vendor:/opt/ros/jazzy/opt/gz_gui_vendor:/opt/ros/jazzy/opt/gz_transport_vendor:/opt/ros/jazzy/opt/gz_rendering_vendor:/opt/ros/jazzy/opt/gz_plugin_vendor:/opt/ros/jazzy/opt/gz_fuel_tools_vendor:/opt/ros/jazzy/opt/gz_msgs_vendor:/opt/ros/jazzy/opt/gz_common_vendor:/opt/ros/jazzy/opt/gz_math_vendor:/opt/ros/jazzy/opt/gz_utils_vendor:/opt/ros/jazzy/opt/gz_tools_vendor:/opt/ros/jazzy/opt/gz_ogre_next_vendor:/opt/ros/jazzy/opt/gz_dartsim_vendor:/opt/ros/jazzy/opt/gz_cmake_vendor:/opt/ros/jazzy DEBUGINFOD_URLS=https://debuginfod.ubuntu.com /usr/bin/cmake --build /home/atr-lab/Desktop/mcp_approach/build/turtlebot3_simulations -- -j12 -l12
[17.580s] DEBUG:colcon.colcon_core.event_handler.log_command:Invoked command in '/home/atr-lab/Desktop/mcp_approach/build/turtlebot3_simulations' returned '0': AMENT_PREFIX_PATH=/home/atr-lab/Desktop/mcp_approach/install/turtlebot3_gazebo:/home/atr-lab/Desktop/mcp_approach/install/turtlebot3_fake_node:${AMENT_PREFIX_PATH} CMAKE_PREFIX_PATH=/home/atr-lab/Desktop/mcp_approach/install/turtlebot3_gazebo:/home/atr-lab/Desktop/mcp_approach/install/turtlebot3_fake_node:/opt/ros/jazzy/opt/gz_sim_vendor:/opt/ros/jazzy/opt/gz_sensors_vendor:/opt/ros/jazzy/opt/gz_physics_vendor:/opt/ros/jazzy/opt/sdformat_vendor:/opt/ros/jazzy/opt/gz_gui_vendor:/opt/ros/jazzy/opt/gz_transport_vendor:/opt/ros/jazzy/opt/gz_rendering_vendor:/opt/ros/jazzy/opt/gz_plugin_vendor:/opt/ros/jazzy/opt/gz_fuel_tools_vendor:/opt/ros/jazzy/opt/gz_msgs_vendor:/opt/ros/jazzy/opt/gz_common_vendor:/opt/ros/jazzy/opt/gz_math_vendor:/opt/ros/jazzy/opt/gz_utils_vendor:/opt/ros/jazzy/opt/gz_tools_vendor:/opt/ros/jazzy/opt/gz_ogre_next_vendor:/opt/ros/jazzy/opt/gz_dartsim_vendor:/opt/ros/jazzy/opt/gz_cmake_vendor:/opt/ros/jazzy DEBUGINFOD_URLS=https://debuginfod.ubuntu.com /usr/bin/cmake --build /home/atr-lab/Desktop/mcp_approach/build/turtlebot3_simulations -- -j12 -l12
[17.581s] DEBUG:colcon.colcon_core.event_handler.log_command:Invoking command in '/home/atr-lab/Desktop/mcp_approach/build/turtlebot3_simulations': AMENT_PREFIX_PATH=/home/atr-lab/Desktop/mcp_approach/install/turtlebot3_gazebo:/home/atr-lab/Desktop/mcp_approach/install/turtlebot3_fake_node:${AMENT_PREFIX_PATH} CMAKE_PREFIX_PATH=/home/atr-lab/Desktop/mcp_approach/install/turtlebot3_gazebo:/home/atr-lab/Desktop/mcp_approach/install/turtlebot3_fake_node:/opt/ros/jazzy/opt/gz_sim_vendor:/opt/ros/jazzy/opt/gz_sensors_vendor:/opt/ros/jazzy/opt/gz_physics_vendor:/opt/ros/jazzy/opt/sdformat_vendor:/opt/ros/jazzy/opt/gz_gui_vendor:/opt/ros/jazzy/opt/gz_transport_vendor:/opt/ros/jazzy/opt/gz_rendering_vendor:/opt/ros/jazzy/opt/gz_plugin_vendor:/opt/ros/jazzy/opt/gz_fuel_tools_vendor:/opt/ros/jazzy/opt/gz_msgs_vendor:/opt/ros/jazzy/opt/gz_common_vendor:/opt/ros/jazzy/opt/gz_math_vendor:/opt/ros/jazzy/opt/gz_utils_vendor:/opt/ros/jazzy/opt/gz_tools_vendor:/opt/ros/jazzy/opt/gz_ogre_next_vendor:/opt/ros/jazzy/opt/gz_dartsim_vendor:/opt/ros/jazzy/opt/gz_cmake_vendor:/opt/ros/jazzy DEBUGINFOD_URLS=https://debuginfod.ubuntu.com /usr/bin/cmake --install /home/atr-lab/Desktop/mcp_approach/build/turtlebot3_simulations
[17.741s] Level 1:colcon.colcon_core.environment:create_environment_scripts_only(turtlebot3_simulations)
[17.742s] Level 1:colcon.colcon_core.environment:checking '/home/atr-lab/Desktop/mcp_approach/install/turtlebot3_simulations' for CMake module files
[17.742s] DEBUG:colcon.colcon_core.event_handler.log_command:Invoked command in '/home/atr-lab/Desktop/mcp_approach/build/turtlebot3_simulations' returned '0': AMENT_PREFIX_PATH=/home/atr-lab/Desktop/mcp_approach/install/turtlebot3_gazebo:/home/atr-lab/Desktop/mcp_approach/install/turtlebot3_fake_node:${AMENT_PREFIX_PATH} CMAKE_PREFIX_PATH=/home/atr-lab/Desktop/mcp_approach/install/turtlebot3_gazebo:/home/atr-lab/Desktop/mcp_approach/install/turtlebot3_fake_node:/opt/ros/jazzy/opt/gz_sim_vendor:/opt/ros/jazzy/opt/gz_sensors_vendor:/opt/ros/jazzy/opt/gz_physics_vendor:/opt/ros/jazzy/opt/sdformat_vendor:/opt/ros/jazzy/opt/gz_gui_vendor:/opt/ros/jazzy/opt/gz_transport_vendor:/opt/ros/jazzy/opt/gz_rendering_vendor:/opt/ros/jazzy/opt/gz_plugin_vendor:/opt/ros/jazzy/opt/gz_fuel_tools_vendor:/opt/ros/jazzy/opt/gz_msgs_vendor:/opt/ros/jazzy/opt/gz_common_vendor:/opt/ros/jazzy/opt/gz_math_vendor:/opt/ros/jazzy/opt/gz_utils_vendor:/opt/ros/jazzy/opt/gz_tools_vendor:/opt/ros/jazzy/opt/gz_ogre_next_vendor:/opt/ros/jazzy/opt/gz_dartsim_vendor:/opt/ros/jazzy/opt/gz_cmake_vendor:/opt/ros/jazzy DEBUGINFOD_URLS=https://debuginfod.ubuntu.com /usr/bin/cmake --install /home/atr-lab/Desktop/mcp_approach/build/turtlebot3_simulations
[17.742s] Level 1:colcon.colcon_core.environment:checking '/home/atr-lab/Desktop/mcp_approach/install/turtlebot3_simulations' for CMake config files
[17.742s] Level 1:colcon.colcon_core.shell:create_environment_hook('turtlebot3_simulations', 'cmake_prefix_path')
[17.743s] INFO:colcon.colcon_core.shell:Creating environment hook '/home/atr-lab/Desktop/mcp_approach/install/turtlebot3_simulations/share/turtlebot3_simulations/hook/cmake_prefix_path.ps1'
[17.743s] INFO:colcon.colcon_core.shell:Creating environment descriptor '/home/atr-lab/Desktop/mcp_approach/install/turtlebot3_simulations/share/turtlebot3_simulations/hook/cmake_prefix_path.dsv'
[17.744s] INFO:colcon.colcon_core.shell:Creating environment hook '/home/atr-lab/Desktop/mcp_approach/install/turtlebot3_simulations/share/turtlebot3_simulations/hook/cmake_prefix_path.sh'
[17.744s] Level 1:colcon.colcon_core.environment:checking '/home/atr-lab/Desktop/mcp_approach/install/turtlebot3_simulations/bin'
[17.744s] Level 1:colcon.colcon_core.environment:checking '/home/atr-lab/Desktop/mcp_approach/install/turtlebot3_simulations/lib/pkgconfig/turtlebot3_simulations.pc'
[17.745s] Level 1:colcon.colcon_core.environment:checking '/home/atr-lab/Desktop/mcp_approach/install/turtlebot3_simulations/lib/python3.12/site-packages'
[17.745s] Level 1:colcon.colcon_core.environment:checking '/home/atr-lab/Desktop/mcp_approach/install/turtlebot3_simulations/bin'
[17.746s] INFO:colcon.colcon_core.shell:Creating package script '/home/atr-lab/Desktop/mcp_approach/install/turtlebot3_simulations/share/turtlebot3_simulations/package.ps1'
[17.746s] INFO:colcon.colcon_core.shell:Creating package descriptor '/home/atr-lab/Desktop/mcp_approach/install/turtlebot3_simulations/share/turtlebot3_simulations/package.dsv'
[17.747s] INFO:colcon.colcon_core.shell:Creating package script '/home/atr-lab/Desktop/mcp_approach/install/turtlebot3_simulations/share/turtlebot3_simulations/package.sh'
[17.747s] INFO:colcon.colcon_core.shell:Creating package script '/home/atr-lab/Desktop/mcp_approach/install/turtlebot3_simulations/share/turtlebot3_simulations/package.bash'
[17.748s] INFO:colcon.colcon_core.shell:Creating package script '/home/atr-lab/Desktop/mcp_approach/install/turtlebot3_simulations/share/turtlebot3_simulations/package.zsh'
[17.748s] Level 1:colcon.colcon_core.environment:create_file_with_runtime_dependencies(/home/atr-lab/Desktop/mcp_approach/install/turtlebot3_simulations/share/colcon-core/packages/turtlebot3_simulations)
[17.749s] Level 1:colcon.colcon_core.environment:create_environment_scripts_only(turtlebot3_simulations)
[17.749s] Level 1:colcon.colcon_core.environment:checking '/home/atr-lab/Desktop/mcp_approach/install/turtlebot3_simulations' for CMake module files
[17.750s] Level 1:colcon.colcon_core.environment:checking '/home/atr-lab/Desktop/mcp_approach/install/turtlebot3_simulations' for CMake config files
[17.750s] Level 1:colcon.colcon_core.shell:create_environment_hook('turtlebot3_simulations', 'cmake_prefix_path')
[17.750s] INFO:colcon.colcon_core.shell:Creating environment hook '/home/atr-lab/Desktop/mcp_approach/install/turtlebot3_simulations/share/turtlebot3_simulations/hook/cmake_prefix_path.ps1'
[17.751s] INFO:colcon.colcon_core.shell:Creating environment descriptor '/home/atr-lab/Desktop/mcp_approach/install/turtlebot3_simulations/share/turtlebot3_simulations/hook/cmake_prefix_path.dsv'
[17.751s] INFO:colcon.colcon_core.shell:Creating environment hook '/home/atr-lab/Desktop/mcp_approach/install/turtlebot3_simulations/share/turtlebot3_simulations/hook/cmake_prefix_path.sh'
[17.752s] Level 1:colcon.colcon_core.environment:checking '/home/atr-lab/Desktop/mcp_approach/install/turtlebot3_simulations/bin'
[17.752s] Level 1:colcon.colcon_core.environment:checking '/home/atr-lab/Desktop/mcp_approach/install/turtlebot3_simulations/lib/pkgconfig/turtlebot3_simulations.pc'
[17.752s] Level 1:colcon.colcon_core.environment:checking '/home/atr-lab/Desktop/mcp_approach/install/turtlebot3_simulations/lib/python3.12/site-packages'
[17.753s] Level 1:colcon.colcon_core.environment:checking '/home/atr-lab/Desktop/mcp_approach/install/turtlebot3_simulations/bin'
[17.753s] INFO:colcon.colcon_core.shell:Creating package script '/home/atr-lab/Desktop/mcp_approach/install/turtlebot3_simulations/share/turtlebot3_simulations/package.ps1'
[17.754s] INFO:colcon.colcon_core.shell:Creating package descriptor '/home/atr-lab/Desktop/mcp_approach/install/turtlebot3_simulations/share/turtlebot3_simulations/package.dsv'
[17.754s] INFO:colcon.colcon_core.shell:Creating package script '/home/atr-lab/Desktop/mcp_approach/install/turtlebot3_simulations/share/turtlebot3_simulations/package.sh'
[17.755s] INFO:colcon.colcon_core.shell:Creating package script '/home/atr-lab/Desktop/mcp_approach/install/turtlebot3_simulations/share/turtlebot3_simulations/package.bash'
[17.755s] INFO:colcon.colcon_core.shell:Creating package script '/home/atr-lab/Desktop/mcp_approach/install/turtlebot3_simulations/share/turtlebot3_simulations/package.zsh'
[17.756s] Level 1:colcon.colcon_core.environment:create_file_with_runtime_dependencies(/home/atr-lab/Desktop/mcp_approach/install/turtlebot3_simulations/share/colcon-core/packages/turtlebot3_simulations)
[17.756s] DEBUG:colcon.colcon_parallel_executor.executor.parallel:closing loop
[17.757s] DEBUG:colcon.colcon_parallel_executor.executor.parallel:loop closed
[17.757s] DEBUG:colcon.colcon_parallel_executor.executor.parallel:run_until_complete finished with '0'
[17.757s] DEBUG:colcon.colcon_core.event_reactor:joining thread
[17.762s] INFO:colcon.colcon_core.plugin_system:Skipping extension 'colcon_notification.desktop_notification.terminal_notifier': Not used on non-Darwin systems
[17.762s] INFO:colcon.colcon_core.plugin_system:Skipping extension 'colcon_notification.desktop_notification.win32': Not used on non-Windows systems
[17.762s] INFO:colcon.colcon_notification.desktop_notification:Sending desktop notification using 'notify2'
[17.779s] DEBUG:colcon.colcon_core.event_reactor:joined thread
[17.779s] INFO:colcon.colcon_core.shell:Creating prefix script '/home/atr-lab/Desktop/mcp_approach/install/local_setup.ps1'
[17.781s] INFO:colcon.colcon_core.shell:Creating prefix util module '/home/atr-lab/Desktop/mcp_approach/install/_local_setup_util_ps1.py'
[17.783s] INFO:colcon.colcon_core.shell:Creating prefix chain script '/home/atr-lab/Desktop/mcp_approach/install/setup.ps1'
[17.785s] INFO:colcon.colcon_core.shell:Creating prefix script '/home/atr-lab/Desktop/mcp_approach/install/local_setup.sh'
[17.785s] INFO:colcon.colcon_core.shell:Creating prefix util module '/home/atr-lab/Desktop/mcp_approach/install/_local_setup_util_sh.py'
[17.786s] INFO:colcon.colcon_core.shell:Creating prefix chain script '/home/atr-lab/Desktop/mcp_approach/install/setup.sh'
[17.787s] INFO:colcon.colcon_core.shell:Creating prefix script '/home/atr-lab/Desktop/mcp_approach/install/local_setup.bash'
[17.788s] INFO:colcon.colcon_core.shell:Creating prefix chain script '/home/atr-lab/Desktop/mcp_approach/install/setup.bash'
[17.789s] INFO:colcon.colcon_core.shell:Creating prefix script '/home/atr-lab/Desktop/mcp_approach/install/local_setup.zsh'
[17.790s] INFO:colcon.colcon_core.shell:Creating prefix chain script '/home/atr-lab/Desktop/mcp_approach/install/setup.zsh'
