[0.014s] Invoking command in '/home/atr-lab/Desktop/mcp_approach/build/turtlebot3_fake_node': CMAKE_PREFIX_PATH=${CMAKE_PREFIX_PATH}:/opt/ros/jazzy DEBUGINFOD_URLS=https://debuginfod.ubuntu.com /usr/bin/cmake /home/atr-lab/Desktop/mcp_approach/src/turtlebot3_simulations/turtlebot3_fake_node -DAMENT_CMAKE_SYMLINK_INSTALL=1 -DCMAKE_INSTALL_PREFIX=/home/atr-lab/Desktop/mcp_approach/install/turtlebot3_fake_node
[0.241s] -- The C compiler identification is GNU 13.3.0
[0.410s] -- The CXX compiler identification is GNU 13.3.0
[0.441s] -- Detecting C compiler ABI info
[0.548s] -- Detecting C compiler ABI info - done
[0.558s] -- Check for working C compiler: /usr/bin/cc - skipped
[0.558s] -- Detecting C compile features
[0.559s] -- Detecting C compile features - done
[0.570s] -- Detecting CXX compiler ABI info
[0.675s] -- Detecting CXX compiler ABI info - done
[0.686s] -- Check for working CXX compiler: /usr/bin/c++ - skipped
[0.687s] -- Detecting CXX compile features
[0.687s] -- Detecting CXX compile features - done
[0.700s] -- Found ament_cmake: 2.5.6 (/opt/ros/jazzy/share/ament_cmake/cmake)
[0.863s] -- Found Python3: /usr/bin/python3 (found version "3.12.3") found components: Interpreter 
[0.954s] -- Override CMake install command with custom implementation using symlinks instead of copying resources
[1.044s] -- Found geometry_msgs: 5.3.7 (/opt/ros/jazzy/share/geometry_msgs/cmake)
[1.139s] -- Found rosidl_generator_c: 4.6.7 (/opt/ros/jazzy/share/rosidl_generator_c/cmake)
[1.170s] -- Found rosidl_generator_cpp: 4.6.7 (/opt/ros/jazzy/share/rosidl_generator_cpp/cmake)
[1.204s] -- Using all available rosidl_typesupport_c: rosidl_typesupport_fastrtps_c;rosidl_typesupport_introspection_c
[1.239s] -- Using all available rosidl_typesupport_cpp: rosidl_typesupport_fastrtps_cpp;rosidl_typesupport_introspection_cpp
[1.318s] -- Found nav_msgs: 5.3.7 (/opt/ros/jazzy/share/nav_msgs/cmake)
[1.371s] -- Found rclcpp: 28.1.18 (/opt/ros/jazzy/share/rclcpp/cmake)
[1.438s] -- Found rmw_implementation_cmake: 7.3.3 (/opt/ros/jazzy/share/rmw_implementation_cmake/cmake)
[1.443s] -- Found rmw_fastrtps_cpp: 8.4.3 (/opt/ros/jazzy/share/rmw_fastrtps_cpp/cmake)
[1.542s] -- Found OpenSSL: /usr/lib/x86_64-linux-gnu/libcrypto.so (found version "3.0.13")  
[1.575s] -- Found FastRTPS: /opt/ros/jazzy/include (Required is at least version "2.13") 
[1.599s] -- Using RMW implementation 'rmw_fastrtps_cpp' as default
[1.705s] -- Found sensor_msgs: 5.3.7 (/opt/ros/jazzy/share/sensor_msgs/cmake)
[1.740s] -- Found tf2: 0.36.20 (/opt/ros/jazzy/share/tf2/cmake)
[1.750s] -- Found tf2_msgs: 0.36.20 (/opt/ros/jazzy/share/tf2_msgs/cmake)
[1.843s] -- Found turtlebot3_msgs: 2.4.0 (/opt/ros/jazzy/share/turtlebot3_msgs/cmake)
[1.983s] -- Configuring done (2.0s)
[2.007s] -- Generating done (0.0s)
[2.016s] -- Build files have been written to: /home/atr-lab/Desktop/mcp_approach/build/turtlebot3_fake_node
[2.029s] Invoked command in '/home/atr-lab/Desktop/mcp_approach/build/turtlebot3_fake_node' returned '0': CMAKE_PREFIX_PATH=${CMAKE_PREFIX_PATH}:/opt/ros/jazzy DEBUGINFOD_URLS=https://debuginfod.ubuntu.com /usr/bin/cmake /home/atr-lab/Desktop/mcp_approach/src/turtlebot3_simulations/turtlebot3_fake_node -DAMENT_CMAKE_SYMLINK_INSTALL=1 -DCMAKE_INSTALL_PREFIX=/home/atr-lab/Desktop/mcp_approach/install/turtlebot3_fake_node
[2.030s] Invoking command in '/home/atr-lab/Desktop/mcp_approach/build/turtlebot3_fake_node': CMAKE_PREFIX_PATH=${CMAKE_PREFIX_PATH}:/opt/ros/jazzy DEBUGINFOD_URLS=https://debuginfod.ubuntu.com /usr/bin/cmake --build /home/atr-lab/Desktop/mcp_approach/build/turtlebot3_fake_node -- -j12 -l12
[2.085s] [ 50%] [32mBuilding CXX object CMakeFiles/turtlebot3_fake_node.dir/src/turtlebot3_fake_node.cpp.o[0m
[12.617s] [100%] [32m[1mLinking CXX executable turtlebot3_fake_node[0m
[13.095s] [100%] Built target turtlebot3_fake_node
[13.107s] Invoked command in '/home/atr-lab/Desktop/mcp_approach/build/turtlebot3_fake_node' returned '0': CMAKE_PREFIX_PATH=${CMAKE_PREFIX_PATH}:/opt/ros/jazzy DEBUGINFOD_URLS=https://debuginfod.ubuntu.com /usr/bin/cmake --build /home/atr-lab/Desktop/mcp_approach/build/turtlebot3_fake_node -- -j12 -l12
[13.118s] Invoking command in '/home/atr-lab/Desktop/mcp_approach/build/turtlebot3_fake_node': CMAKE_PREFIX_PATH=${CMAKE_PREFIX_PATH}:/opt/ros/jazzy DEBUGINFOD_URLS=https://debuginfod.ubuntu.com /usr/bin/cmake --install /home/atr-lab/Desktop/mcp_approach/build/turtlebot3_fake_node
[13.126s] -- Install configuration: ""
[13.127s] -- Execute custom install script
[13.127s] -- Symlinking: /home/atr-lab/Desktop/mcp_approach/install/turtlebot3_fake_node/lib/turtlebot3_fake_node/turtlebot3_fake_node
[13.138s] -- Symlinking: /home/atr-lab/Desktop/mcp_approach/install/turtlebot3_fake_node/share/turtlebot3_fake_node/launch/rviz2.launch.py
[13.148s] -- Symlinking: /home/atr-lab/Desktop/mcp_approach/install/turtlebot3_fake_node/share/turtlebot3_fake_node/launch/turtlebot3_fake_node.launch.py
[13.158s] -- Symlinking: /home/atr-lab/Desktop/mcp_approach/install/turtlebot3_fake_node/share/turtlebot3_fake_node/param/burger.yaml
[13.168s] -- Symlinking: /home/atr-lab/Desktop/mcp_approach/install/turtlebot3_fake_node/share/turtlebot3_fake_node/param/waffle.yaml
[13.178s] -- Symlinking: /home/atr-lab/Desktop/mcp_approach/install/turtlebot3_fake_node/share/turtlebot3_fake_node/param/waffle_pi.yaml
[13.189s] -- Symlinking: /home/atr-lab/Desktop/mcp_approach/install/turtlebot3_fake_node/include//turtlebot3_fake_node/turtlebot3_fake_node.hpp
[13.199s] -- Symlinking: /home/atr-lab/Desktop/mcp_approach/install/turtlebot3_fake_node/share/ament_index/resource_index/package_run_dependencies/turtlebot3_fake_node
[13.209s] -- Symlinking: /home/atr-lab/Desktop/mcp_approach/install/turtlebot3_fake_node/share/ament_index/resource_index/parent_prefix_path/turtlebot3_fake_node
[13.219s] -- Symlinking: /home/atr-lab/Desktop/mcp_approach/install/turtlebot3_fake_node/share/turtlebot3_fake_node/environment/ament_prefix_path.sh
[13.229s] -- Symlinking: /home/atr-lab/Desktop/mcp_approach/install/turtlebot3_fake_node/share/turtlebot3_fake_node/environment/ament_prefix_path.dsv
[13.239s] -- Symlinking: /home/atr-lab/Desktop/mcp_approach/install/turtlebot3_fake_node/share/turtlebot3_fake_node/environment/path.sh
[13.251s] -- Symlinking: /home/atr-lab/Desktop/mcp_approach/install/turtlebot3_fake_node/share/turtlebot3_fake_node/environment/path.dsv
[13.262s] -- Symlinking: /home/atr-lab/Desktop/mcp_approach/install/turtlebot3_fake_node/share/turtlebot3_fake_node/local_setup.bash
[13.273s] -- Symlinking: /home/atr-lab/Desktop/mcp_approach/install/turtlebot3_fake_node/share/turtlebot3_fake_node/local_setup.sh
[13.282s] -- Symlinking: /home/atr-lab/Desktop/mcp_approach/install/turtlebot3_fake_node/share/turtlebot3_fake_node/local_setup.zsh
[13.292s] -- Symlinking: /home/atr-lab/Desktop/mcp_approach/install/turtlebot3_fake_node/share/turtlebot3_fake_node/local_setup.dsv
[13.302s] -- Symlinking: /home/atr-lab/Desktop/mcp_approach/install/turtlebot3_fake_node/share/turtlebot3_fake_node/package.dsv
[13.313s] -- Symlinking: /home/atr-lab/Desktop/mcp_approach/install/turtlebot3_fake_node/share/ament_index/resource_index/packages/turtlebot3_fake_node
[13.323s] -- Symlinking: /home/atr-lab/Desktop/mcp_approach/install/turtlebot3_fake_node/share/turtlebot3_fake_node/cmake/ament_cmake_export_include_directories-extras.cmake
[13.333s] -- Symlinking: /home/atr-lab/Desktop/mcp_approach/install/turtlebot3_fake_node/share/turtlebot3_fake_node/cmake/ament_cmake_export_dependencies-extras.cmake
[13.344s] -- Symlinking: /home/atr-lab/Desktop/mcp_approach/install/turtlebot3_fake_node/share/turtlebot3_fake_node/cmake/turtlebot3_fake_nodeConfig.cmake
[13.361s] -- Symlinking: /home/atr-lab/Desktop/mcp_approach/install/turtlebot3_fake_node/share/turtlebot3_fake_node/cmake/turtlebot3_fake_nodeConfig-version.cmake
[13.371s] -- Symlinking: /home/atr-lab/Desktop/mcp_approach/install/turtlebot3_fake_node/share/turtlebot3_fake_node/package.xml
[13.382s] Invoked command in '/home/atr-lab/Desktop/mcp_approach/build/turtlebot3_fake_node' returned '0': CMAKE_PREFIX_PATH=${CMAKE_PREFIX_PATH}:/opt/ros/jazzy DEBUGINFOD_URLS=https://debuginfod.ubuntu.com /usr/bin/cmake --install /home/atr-lab/Desktop/mcp_approach/build/turtlebot3_fake_node
