[0.012s] Invoking command in '/home/atr-lab/Desktop/mcp_approach/build/turtlebot3_gazebo': CMAKE_PREFIX_PATH=${CMAKE_PREFIX_PATH}:/opt/ros/jazzy DEBUGINFOD_URLS=https://debuginfod.ubuntu.com /usr/bin/cmake /home/atr-lab/Desktop/mcp_approach/src/turtlebot3_simulations/turtlebot3_gazebo -DAMENT_CMAKE_SYMLINK_INSTALL=1 -DCMAKE_INSTALL_PREFIX=/home/atr-lab/Desktop/mcp_approach/install/turtlebot3_gazebo
[0.233s] -- The C compiler identification is GNU 13.3.0
[0.405s] -- The CXX compiler identification is GNU 13.3.0
[0.435s] -- Detecting C compiler ABI info
[0.541s] -- Detecting C compiler ABI info - done
[0.554s] -- Check for working C compiler: /usr/bin/cc - skipped
[0.554s] -- Detecting C compile features
[0.555s] -- Detecting C compile features - done
[0.564s] -- Detecting CXX compiler ABI info
[0.675s] -- Detecting CXX compiler ABI info - done
[0.689s] -- Check for working CXX compiler: /usr/bin/c++ - skipped
[0.689s] -- Detecting CXX compile features
[0.689s] -- Detecting CXX compile features - done
[0.694s] -- Found ament_cmake: 2.5.6 (/opt/ros/jazzy/share/ament_cmake/cmake)
[0.857s] -- Found Python3: /usr/bin/python3 (found version "3.12.3") found components: Interpreter 
[0.948s] -- Override CMake install command with custom implementation using symlinks instead of copying resources
[1.039s] -- Found ros_gz_sim: 1.0.22 (/opt/ros/jazzy/share/ros_gz_sim/cmake)
[1.134s] -- Found rosidl_generator_c: 4.6.7 (/opt/ros/jazzy/share/rosidl_generator_c/cmake)
[1.165s] -- Found rosidl_generator_cpp: 4.6.7 (/opt/ros/jazzy/share/rosidl_generator_cpp/cmake)
[1.198s] -- Using all available rosidl_typesupport_c: rosidl_typesupport_fastrtps_c;rosidl_typesupport_introspection_c
[1.233s] -- Using all available rosidl_typesupport_cpp: rosidl_typesupport_fastrtps_cpp;rosidl_typesupport_introspection_cpp
[1.371s] -- Found rmw_implementation_cmake: 7.3.3 (/opt/ros/jazzy/share/rmw_implementation_cmake/cmake)
[1.378s] -- Found rmw_fastrtps_cpp: 8.4.3 (/opt/ros/jazzy/share/rmw_fastrtps_cpp/cmake)
[1.509s] -- Found OpenSSL: /usr/lib/x86_64-linux-gnu/libcrypto.so (found version "3.0.13")  
[1.540s] -- Found FastRTPS: /opt/ros/jazzy/include (Required is at least version "2.13") 
[1.573s] -- Using RMW implementation 'rmw_fastrtps_cpp' as default
[1.948s] -- Found nav_msgs: 5.3.7 (/opt/ros/jazzy/share/nav_msgs/cmake)
[1.988s] -- Found sensor_msgs: 5.3.7 (/opt/ros/jazzy/share/sensor_msgs/cmake)
[2.019s] -- Found gz_math_vendor: 0.0.8 (/opt/ros/jazzy/share/gz_math_vendor/cmake)
[2.040s] -- Looking for gz-math7 -- found version 7.5.2
[2.060s] -- Searching for dependencies of gz-math7
[2.063s] -- Looking for gz-utils2 -- found version 2.2.1
[2.063s] -- Searching for dependencies of gz-utils2
[2.073s] -- Found gz_sim_vendor: 0.0.10 (/opt/ros/jazzy/share/gz_sim_vendor/cmake)
[2.194s] -- Looking for gz-sim8 -- found version 8.11.0
[2.195s] -- Searching for dependencies of gz-sim8
[2.198s] -- Looking for sdformat14 -- found version 14.9.0
[2.199s] -- Searching for dependencies of sdformat14
[2.204s] -- Checking for module 'tinyxml2'
[2.222s] --   Found tinyxml2, version 10.0.0
[2.255s] -- Looking for gz-math7 -- found version 7.5.2
[2.255s] -- Looking for gz-utils2 -- found version 2.2.1
[2.255s] -- Searching for dependencies of gz-utils2
[2.255s] -- Searching for <gz-utils2> component [cli]
[2.260s] -- Looking for gz-utils2-cli -- found version 2.2.1
[2.260s] -- Searching for dependencies of gz-utils2-cli
[2.267s] -- Looking for gz-plugin2 -- found version 2.0.4
[2.267s] -- Searching for dependencies of gz-plugin2
[2.267s] -- Looking for gz-utils2 -- found version 2.2.1
[2.269s] -- Searching for <gz-plugin2> component [loader]
[2.272s] -- Looking for gz-plugin2-loader -- found version 2.0.4
[2.272s] -- Searching for dependencies of gz-plugin2-loader
[2.273s] -- Searching for <gz-plugin2> component [register]
[2.277s] -- Looking for gz-plugin2-register -- found version 2.0.4
[2.277s] -- Searching for dependencies of gz-plugin2-register
[2.282s] -- Looking for gz-transport13 -- found version 13.5.0
[2.283s] -- Searching for dependencies of gz-transport13
[2.445s] -- Found Protobuf: /usr/lib/x86_64-linux-gnu/libprotobuf.so (found version "3.21.12") 
[2.462s] -- Config-file not installed for ZeroMQ -- checking for pkg-config
[2.468s] -- Checking for module 'libzmq >= 4'
[2.483s] --   Found libzmq, version 4.3.5
[2.529s] -- Found ZeroMQ: TRUE (Required is at least version "4") 
[2.536s] -- Checking for module 'uuid'
[2.552s] --   Found uuid, version 2.39.3
[2.585s] -- Found UUID: TRUE  
[2.585s] -- Looking for gz-utils2 -- found version 2.2.1
[2.590s] -- Looking for gz-msgs10 -- found version 10.3.2
[2.590s] -- Searching for dependencies of gz-msgs10
[2.617s] -- Looking for gz-utils2 -- found version 2.2.1
[2.618s] -- Looking for gz-math7 -- found version 7.5.2
[2.633s] -- Searching for <gz-transport13> component [log]
[2.637s] -- Looking for gz-transport13-log -- found version 13.5.0
[2.638s] -- Searching for dependencies of gz-transport13-log
[2.639s] -- Searching for <gz-transport13> component [parameters]
[2.643s] -- Looking for gz-transport13-parameters -- found version 13.5.0
[2.644s] -- Searching for dependencies of gz-transport13-parameters
[2.646s] -- Looking for gz-msgs10 -- found version 10.3.2
[2.651s] -- Looking for gz-common5 -- found version 5.8.0
[2.651s] -- Searching for dependencies of gz-common5
[2.652s] -- Looking for gz-utils2 -- found version 2.2.1
[2.653s] -- Looking for dlfcn.h - found
[2.656s] -- Looking for libdl - found
[2.658s] -- Found DL: TRUE  
[2.668s] -- Searching for <gz-common5> component [av]
[2.673s] -- Looking for gz-common5-av -- found version 5.8.0
[2.673s] -- Searching for dependencies of gz-common5-av
[2.680s] -- Checking for module 'libswscale'
[2.701s] --   Found libswscale, version 7.5.100
[2.736s] -- Found SWSCALE: TRUE  
[2.742s] -- Checking for module 'libavdevice >= 56.4.100'
[2.759s] --   Found libavdevice, version 60.3.100
[2.809s] -- Found AVDEVICE: TRUE (Required is at least version "56.4.100") 
[2.815s] -- Checking for module 'libavformat'
[2.834s] --   Found libavformat, version 60.16.100
[2.874s] -- Found AVFORMAT: TRUE  
[2.879s] -- Checking for module 'libavcodec'
[2.896s] --   Found libavcodec, version 60.31.102
[2.936s] -- Found AVCODEC: TRUE  
[2.946s] -- Checking for module 'libavutil'
[2.963s] --   Found libavutil, version 58.29.100
[2.998s] -- Found AVUTIL: TRUE  
[3.000s] -- Searching for <gz-common5> component [events]
[3.004s] -- Looking for gz-common5-events -- found version 5.8.0
[3.004s] -- Searching for dependencies of gz-common5-events
[3.004s] -- Looking for gz-math7 -- found version 7.5.2
[3.006s] -- Searching for <gz-common5> component [graphics]
[3.010s] -- Looking for gz-common5-graphics -- found version 5.8.0
[3.010s] -- Searching for dependencies of gz-common5-graphics
[3.010s] -- Looking for gz-math7 -- found version 7.5.2
[3.021s] -- Found GzAssimp: TRUE (found version "5.3.0") 
[3.022s] -- Searching for <gz-common5> component [io]
[3.026s] -- Looking for gz-common5-io -- found version 5.8.0
[3.026s] -- Searching for dependencies of gz-common5-io
[3.028s] -- Searching for <gz-common5> component [profiler]
[3.033s] -- Looking for gz-common5-profiler -- found version 5.8.0
[3.033s] -- Searching for dependencies of gz-common5-profiler
[3.038s] -- Looking for gz-fuel_tools9 -- found version 9.1.1
[3.038s] -- Searching for dependencies of gz-fuel_tools9
[3.133s] -- Found CURL: /usr/lib/x86_64-linux-gnu/libcurl.so (found version "8.5.0")  
[3.149s] -- Checking for module 'jsoncpp'
[3.166s] --   Found jsoncpp, version 1.9.5
[3.201s] -- Found JSONCPP: TRUE  
[3.224s] -- Checking for module 'yaml-0.1'
[3.242s] --   Found yaml-0.1, version 0.2.5
[3.278s] -- Found YAML: TRUE  
[3.284s] -- Checking for module 'libzip'
[3.301s] --   Found libzip, version 1.7.3
[3.339s] -- Found ZIP: TRUE  
[3.339s] -- Looking for gz-utils2 -- found version 2.2.1
[3.340s] -- Looking for gz-common5 -- found version 5.8.0
[3.340s] -- Searching for dependencies of gz-common5
[3.340s] -- Looking for gz-utils2 -- found version 2.2.1
[3.341s] -- Looking for dlfcn.h - found
[3.341s] -- Looking for libdl - found
[3.349s] -- Searching for <gz-common5> component [testing]
[3.357s] -- Looking for gz-common5-testing -- found version 5.8.0
[3.357s] -- Searching for dependencies of gz-common5-testing
[3.359s] -- Looking for gz-math7 -- found version 7.5.2
[3.359s] -- Looking for gz-msgs10 -- found version 10.3.2
[3.364s] -- Looking for gz-gui8 -- found version 8.4.0
[3.364s] -- Searching for dependencies of gz-gui8
[3.394s] -- Looking for gz-utils2 -- found version 2.2.1
[3.395s] -- Looking for gz-math7 -- found version 7.5.2
[3.395s] -- Looking for gz-common5 -- found version 5.8.0
[3.396s] -- Looking for gz-plugin2 -- found version 2.0.4
[3.396s] -- Looking for gz-transport13 -- found version 13.5.0
[3.400s] -- Looking for gz-rendering8 -- found version 8.2.3
[3.400s] -- Searching for dependencies of gz-rendering8
[3.401s] -- Looking for gz-math7 -- found version 7.5.2
[3.401s] -- Searching for dependencies of gz-math7
[3.401s] -- Looking for gz-utils2 -- found version 2.2.1
[3.402s] -- Searching for <gz-math7> component [eigen3]
[3.406s] -- Looking for gz-math7-eigen3 -- found version 7.5.2
[3.406s] -- Searching for dependencies of gz-math7-eigen3
[3.421s] -- Looking for gz-common5 -- found version 5.8.0
[3.421s] -- Searching for dependencies of gz-common5
[3.421s] -- Looking for gz-utils2 -- found version 2.2.1
[3.421s] -- Looking for dlfcn.h - found
[3.422s] -- Looking for libdl - found
[3.430s] -- Searching for <gz-common5> component [graphics]
[3.431s] -- Searching for <gz-common5> component [events]
[3.431s] -- Searching for <gz-common5> component [geospatial]
[3.434s] -- Looking for gz-common5-geospatial -- found version 5.8.0
[3.434s] -- Searching for dependencies of gz-common5-geospatial
[3.435s] -- Looking for gz-math7 -- found version 7.5.2
[3.435s] -- Looking for gz-common5 -- found version 5.8.0
[3.437s] -- Looking for gz-plugin2 -- found version 2.0.4
[3.437s] -- Searching for dependencies of gz-plugin2
[3.438s] -- Looking for gz-utils2 -- found version 2.2.1
[3.438s] -- Searching for <gz-plugin2> component [all]
[3.441s] -- Looking for all libraries of gz-plugin2 -- found version 2.0.4
[3.442s] -- Looking for gz-plugin2 -- found version 2.0.4
[3.443s] -- Looking for gz-utils2 -- found version 2.2.1
[3.461s] -- Found OpenGL: /usr/lib/x86_64-linux-gnu/libOpenGL.so  found components: OpenGL 
[3.463s] -- Looking for gz-msgs10 -- found version 10.3.2
[3.524s] -- Looking for gz-physics7 -- found version 7.6.0
[3.524s] -- Searching for dependencies of gz-physics7
[3.524s] -- Looking for gz-common5 -- found version 5.8.0
[3.525s] -- Looking for gz-math7 -- found version 7.5.2
[3.525s] -- Looking for gz-plugin2 -- found version 2.0.4
[3.525s] -- Looking for gz-utils2 -- found version 2.2.1
[3.527s] -- Searching for <gz-physics7> component [heightmap]
[3.531s] -- Looking for gz-physics7-heightmap -- found version 7.6.0
[3.531s] -- Searching for dependencies of gz-physics7-heightmap
[3.531s] -- Looking for gz-common5 -- found version 5.8.0
[3.532s] -- Searching for <gz-physics7> component [mesh]
[3.535s] -- Looking for gz-physics7-mesh -- found version 7.6.0
[3.536s] -- Searching for dependencies of gz-physics7-mesh
[3.536s] -- Looking for gz-common5 -- found version 5.8.0
[3.537s] -- Searching for <gz-physics7> component [sdf]
[3.540s] -- Looking for gz-physics7-sdf -- found version 7.6.0
[3.540s] -- Searching for dependencies of gz-physics7-sdf
[3.540s] -- Looking for sdformat14 -- found version 14.9.0
[3.547s] -- Looking for gz-sensors8 -- found version 8.2.2
[3.547s] -- Searching for dependencies of gz-sensors8
[3.572s] -- Looking for gz-math7 -- found version 7.5.2
[3.572s] -- Looking for gz-common5 -- found version 5.8.0
[3.572s] -- Looking for gz-transport13 -- found version 13.5.0
[3.573s] -- Looking for gz-rendering8 -- found version 8.2.3
[3.573s] -- Looking for gz-msgs10 -- found version 10.3.2
[3.574s] -- Looking for sdformat14 -- found version 14.9.0
[3.575s] -- Searching for <gz-sensors8> component [air_pressure]
[3.578s] -- Looking for gz-sensors8-air_pressure -- found version 8.2.2
[3.578s] -- Searching for dependencies of gz-sensors8-air_pressure
[3.579s] -- Searching for <gz-sensors8> component [air_speed]
[3.582s] -- Looking for gz-sensors8-air_speed -- found version 8.2.2
[3.582s] -- Searching for dependencies of gz-sensors8-air_speed
[3.583s] -- Searching for <gz-sensors8> component [altimeter]
[3.585s] -- Looking for gz-sensors8-altimeter -- found version 8.2.2
[3.585s] -- Searching for dependencies of gz-sensors8-altimeter
[3.586s] -- Searching for <gz-sensors8> component [imu]
[3.589s] -- Looking for gz-sensors8-imu -- found version 8.2.2
[3.589s] -- Searching for dependencies of gz-sensors8-imu
[3.590s] -- Searching for <gz-sensors8> component [force_torque]
[3.593s] -- Looking for gz-sensors8-force_torque -- found version 8.2.2
[3.593s] -- Searching for dependencies of gz-sensors8-force_torque
[3.594s] -- Searching for <gz-sensors8> component [logical_camera]
[3.597s] -- Looking for gz-sensors8-logical_camera -- found version 8.2.2
[3.597s] -- Searching for dependencies of gz-sensors8-logical_camera
[3.598s] -- Searching for <gz-sensors8> component [magnetometer]
[3.601s] -- Looking for gz-sensors8-magnetometer -- found version 8.2.2
[3.601s] -- Searching for dependencies of gz-sensors8-magnetometer
[3.602s] -- Searching for <gz-sensors8> component [navsat]
[3.605s] -- Looking for gz-sensors8-navsat -- found version 8.2.2
[3.606s] -- Searching for dependencies of gz-sensors8-navsat
[3.607s] -- Searching for <gz-sensors8> component [dvl]
[3.610s] -- Looking for gz-sensors8-dvl -- found version 8.2.2
[3.610s] -- Searching for dependencies of gz-sensors8-dvl
[3.610s] -- Looking for gz-sensors8 -- found version 8.2.2
[3.611s] -- Searching for dependencies of gz-sensors8
[3.635s] -- Looking for gz-math7 -- found version 7.5.2
[3.636s] -- Looking for gz-common5 -- found version 5.8.0
[3.636s] -- Looking for gz-transport13 -- found version 13.5.0
[3.636s] -- Looking for gz-rendering8 -- found version 8.2.3
[3.637s] -- Looking for gz-msgs10 -- found version 10.3.2
[3.637s] -- Looking for sdformat14 -- found version 14.9.0
[3.638s] -- Searching for <gz-sensors8> component [rendering]
[3.641s] -- Looking for gz-sensors8-rendering -- found version 8.2.2
[3.641s] -- Searching for dependencies of gz-sensors8-rendering
[3.643s] -- Searching for <gz-sensors8> component [rendering]
[3.644s] -- Searching for <gz-sensors8> component [lidar]
[3.646s] -- Looking for gz-sensors8-lidar -- found version 8.2.2
[3.647s] -- Searching for dependencies of gz-sensors8-lidar
[3.647s] -- Looking for gz-sensors8 -- found version 8.2.2
[3.648s] -- Searching for <gz-sensors8> component [gpu_lidar]
[3.651s] -- Looking for gz-sensors8-gpu_lidar -- found version 8.2.2
[3.651s] -- Searching for dependencies of gz-sensors8-gpu_lidar
[3.652s] -- Looking for gz-sensors8 -- found version 8.2.2
[3.653s] -- Searching for <gz-sensors8> component [camera]
[3.656s] -- Looking for gz-sensors8-camera -- found version 8.2.2
[3.656s] -- Searching for dependencies of gz-sensors8-camera
[3.657s] -- Looking for gz-sensors8 -- found version 8.2.2
[3.658s] -- Searching for <gz-sensors8> component [boundingbox_camera]
[3.661s] -- Looking for gz-sensors8-boundingbox_camera -- found version 8.2.2
[3.661s] -- Searching for dependencies of gz-sensors8-boundingbox_camera
[3.662s] -- Searching for <gz-sensors8> component [segmentation_camera]
[3.666s] -- Looking for gz-sensors8-segmentation_camera -- found version 8.2.2
[3.666s] -- Searching for dependencies of gz-sensors8-segmentation_camera
[3.667s] -- Searching for <gz-sensors8> component [depth_camera]
[3.670s] -- Looking for gz-sensors8-depth_camera -- found version 8.2.2
[3.670s] -- Searching for dependencies of gz-sensors8-depth_camera
[3.671s] -- Looking for gz-sensors8 -- found version 8.2.2
[3.672s] -- Searching for <gz-sensors8> component [rgbd_camera]
[3.675s] -- Looking for gz-sensors8-rgbd_camera -- found version 8.2.2
[3.675s] -- Searching for dependencies of gz-sensors8-rgbd_camera
[3.676s] -- Looking for gz-sensors8 -- found version 8.2.2
[3.677s] -- Searching for <gz-sensors8> component [thermal_camera]
[3.680s] -- Looking for gz-sensors8-thermal_camera -- found version 8.2.2
[3.680s] -- Searching for dependencies of gz-sensors8-thermal_camera
[3.680s] -- Looking for gz-sensors8 -- found version 8.2.2
[3.681s] -- Searching for <gz-sensors8> component [wide_angle_camera]
[3.684s] -- Looking for gz-sensors8-wide_angle_camera -- found version 8.2.2
[3.684s] -- Searching for dependencies of gz-sensors8-wide_angle_camera
[3.686s] -- Looking for gz-rendering8 -- found version 8.2.3
[3.686s] -- Looking for gz-math7 -- found version 7.5.2
[3.687s] -- Looking for gz-utils2 -- found version 2.2.1
[3.716s] -- Looking for gz-plugin2 -- found version 2.0.4
[3.816s] -- Configuring done (3.8s)
[3.862s] -- Generating done (0.0s)
[3.871s] -- Build files have been written to: /home/atr-lab/Desktop/mcp_approach/build/turtlebot3_gazebo
[3.891s] Invoked command in '/home/atr-lab/Desktop/mcp_approach/build/turtlebot3_gazebo' returned '0': CMAKE_PREFIX_PATH=${CMAKE_PREFIX_PATH}:/opt/ros/jazzy DEBUGINFOD_URLS=https://debuginfod.ubuntu.com /usr/bin/cmake /home/atr-lab/Desktop/mcp_approach/src/turtlebot3_simulations/turtlebot3_gazebo -DAMENT_CMAKE_SYMLINK_INSTALL=1 -DCMAKE_INSTALL_PREFIX=/home/atr-lab/Desktop/mcp_approach/install/turtlebot3_gazebo
[3.892s] Invoking command in '/home/atr-lab/Desktop/mcp_approach/build/turtlebot3_gazebo': CMAKE_PREFIX_PATH=${CMAKE_PREFIX_PATH}:/opt/ros/jazzy DEBUGINFOD_URLS=https://debuginfod.ubuntu.com /usr/bin/cmake --build /home/atr-lab/Desktop/mcp_approach/build/turtlebot3_gazebo -- -j12 -l12
[3.951s] [ 50%] [32mBuilding CXX object CMakeFiles/obstacles.dir/src/obstacles.cpp.o[0m
[3.952s] [ 50%] [32mBuilding CXX object CMakeFiles/obstacle2.dir/src/obstacle2.cpp.o[0m
[3.952s] [ 50%] [32mBuilding CXX object CMakeFiles/obstacle1.dir/src/obstacle1.cpp.o[0m
[3.952s] [ 50%] [32mBuilding CXX object CMakeFiles/turtlebot3_drive.dir/src/turtlebot3_drive.cpp.o[0m
[6.524s] [ 62%] [32m[1mLinking CXX shared library libobstacle1.so[0m
[6.539s] [ 75%] [32m[1mLinking CXX shared library libobstacle2.so[0m
[6.825s] [ 75%] Built target obstacle1
[6.848s] [ 75%] Built target obstacle2
[6.908s] [ 87%] [32m[1mLinking CXX shared library libobstacles.so[0m
[7.133s] [ 87%] Built target obstacles
[14.749s] [100%] [32m[1mLinking CXX executable turtlebot3_drive[0m
[15.133s] [100%] Built target turtlebot3_drive
[15.146s] Invoked command in '/home/atr-lab/Desktop/mcp_approach/build/turtlebot3_gazebo' returned '0': CMAKE_PREFIX_PATH=${CMAKE_PREFIX_PATH}:/opt/ros/jazzy DEBUGINFOD_URLS=https://debuginfod.ubuntu.com /usr/bin/cmake --build /home/atr-lab/Desktop/mcp_approach/build/turtlebot3_gazebo -- -j12 -l12
[15.148s] Invoking command in '/home/atr-lab/Desktop/mcp_approach/build/turtlebot3_gazebo': CMAKE_PREFIX_PATH=${CMAKE_PREFIX_PATH}:/opt/ros/jazzy DEBUGINFOD_URLS=https://debuginfod.ubuntu.com /usr/bin/cmake --install /home/atr-lab/Desktop/mcp_approach/build/turtlebot3_gazebo
[15.157s] -- Install configuration: ""
[15.157s] -- Execute custom install script
[15.158s] -- Symlinking: /home/atr-lab/Desktop/mcp_approach/install/turtlebot3_gazebo/lib/turtlebot3_gazebo/turtlebot3_drive
[15.167s] -- Symlinking: /home/atr-lab/Desktop/mcp_approach/install/turtlebot3_gazebo/lib/turtlebot3_gazebo/libobstacles.so
[15.176s] -- Symlinking: /home/atr-lab/Desktop/mcp_approach/install/turtlebot3_gazebo/lib/turtlebot3_gazebo/libobstacle1.so
[15.186s] -- Symlinking: /home/atr-lab/Desktop/mcp_approach/install/turtlebot3_gazebo/lib/turtlebot3_gazebo/libobstacle2.so
[15.196s] -- Symlinking: /home/atr-lab/Desktop/mcp_approach/install/turtlebot3_gazebo/share/turtlebot3_gazebo//launch/empty_world.launch.py
[15.205s] -- Symlinking: /home/atr-lab/Desktop/mcp_approach/install/turtlebot3_gazebo/share/turtlebot3_gazebo//launch/robot_state_publisher.launch.py
[15.215s] -- Symlinking: /home/atr-lab/Desktop/mcp_approach/install/turtlebot3_gazebo/share/turtlebot3_gazebo//launch/spawn_turtlebot3.launch.py
[15.225s] -- Symlinking: /home/atr-lab/Desktop/mcp_approach/install/turtlebot3_gazebo/share/turtlebot3_gazebo//launch/turtlebot3_dqn_stage1.launch.py
[15.234s] -- Symlinking: /home/atr-lab/Desktop/mcp_approach/install/turtlebot3_gazebo/share/turtlebot3_gazebo//launch/turtlebot3_dqn_stage2.launch.py
[15.244s] -- Symlinking: /home/atr-lab/Desktop/mcp_approach/install/turtlebot3_gazebo/share/turtlebot3_gazebo//launch/turtlebot3_dqn_stage3.launch.py
[15.253s] -- Symlinking: /home/atr-lab/Desktop/mcp_approach/install/turtlebot3_gazebo/share/turtlebot3_gazebo//launch/turtlebot3_dqn_stage4.launch.py
[15.263s] -- Symlinking: /home/atr-lab/Desktop/mcp_approach/install/turtlebot3_gazebo/share/turtlebot3_gazebo//launch/turtlebot3_house.launch.py
[15.272s] -- Symlinking: /home/atr-lab/Desktop/mcp_approach/install/turtlebot3_gazebo/share/turtlebot3_gazebo//launch/turtlebot3_world.launch.py
[15.283s] -- Symlinking: /home/atr-lab/Desktop/mcp_approach/install/turtlebot3_gazebo/share/turtlebot3_gazebo//models/turtlebot3_burger/model-1_4.sdf
[15.292s] -- Symlinking: /home/atr-lab/Desktop/mcp_approach/install/turtlebot3_gazebo/share/turtlebot3_gazebo//models/turtlebot3_burger/model.config
[15.301s] -- Symlinking: /home/atr-lab/Desktop/mcp_approach/install/turtlebot3_gazebo/share/turtlebot3_gazebo//models/turtlebot3_burger/model.sdf
[15.310s] -- Symlinking: /home/atr-lab/Desktop/mcp_approach/install/turtlebot3_gazebo/share/turtlebot3_gazebo//models/turtlebot3_burger_cam/model-1_4.sdf
[15.320s] -- Symlinking: /home/atr-lab/Desktop/mcp_approach/install/turtlebot3_gazebo/share/turtlebot3_gazebo//models/turtlebot3_burger_cam/model.config
[15.329s] -- Symlinking: /home/atr-lab/Desktop/mcp_approach/install/turtlebot3_gazebo/share/turtlebot3_gazebo//models/turtlebot3_burger_cam/model.sdf
[15.340s] -- Symlinking: /home/atr-lab/Desktop/mcp_approach/install/turtlebot3_gazebo/share/turtlebot3_gazebo//models/turtlebot3_common/meshes/bases/burger_base.stl
[15.350s] -- Symlinking: /home/atr-lab/Desktop/mcp_approach/install/turtlebot3_gazebo/share/turtlebot3_gazebo//models/turtlebot3_common/meshes/bases/waffle_base.stl
[15.360s] -- Symlinking: /home/atr-lab/Desktop/mcp_approach/install/turtlebot3_gazebo/share/turtlebot3_gazebo//models/turtlebot3_common/meshes/bases/waffle_pi_base.stl
[15.369s] -- Symlinking: /home/atr-lab/Desktop/mcp_approach/install/turtlebot3_gazebo/share/turtlebot3_gazebo//models/turtlebot3_common/meshes/burger_base.dae
[15.379s] -- Symlinking: /home/atr-lab/Desktop/mcp_approach/install/turtlebot3_gazebo/share/turtlebot3_gazebo//models/turtlebot3_common/meshes/lds.dae
[15.389s] -- Symlinking: /home/atr-lab/Desktop/mcp_approach/install/turtlebot3_gazebo/share/turtlebot3_gazebo//models/turtlebot3_common/meshes/r200.dae
[15.399s] -- Symlinking: /home/atr-lab/Desktop/mcp_approach/install/turtlebot3_gazebo/share/turtlebot3_gazebo//models/turtlebot3_common/meshes/sensors/astra.dae
[15.408s] -- Symlinking: /home/atr-lab/Desktop/mcp_approach/install/turtlebot3_gazebo/share/turtlebot3_gazebo//models/turtlebot3_common/meshes/sensors/astra.jpg
[15.417s] -- Symlinking: /home/atr-lab/Desktop/mcp_approach/install/turtlebot3_gazebo/share/turtlebot3_gazebo//models/turtlebot3_common/meshes/sensors/lds.stl
[15.427s] -- Symlinking: /home/atr-lab/Desktop/mcp_approach/install/turtlebot3_gazebo/share/turtlebot3_gazebo//models/turtlebot3_common/meshes/sensors/r200.dae
[15.436s] -- Symlinking: /home/atr-lab/Desktop/mcp_approach/install/turtlebot3_gazebo/share/turtlebot3_gazebo//models/turtlebot3_common/meshes/sensors/r200.jpg
[15.446s] -- Symlinking: /home/atr-lab/Desktop/mcp_approach/install/turtlebot3_gazebo/share/turtlebot3_gazebo//models/turtlebot3_common/meshes/tire.dae
[15.455s] -- Symlinking: /home/atr-lab/Desktop/mcp_approach/install/turtlebot3_gazebo/share/turtlebot3_gazebo//models/turtlebot3_common/meshes/waffle_base.dae
[15.465s] -- Symlinking: /home/atr-lab/Desktop/mcp_approach/install/turtlebot3_gazebo/share/turtlebot3_gazebo//models/turtlebot3_common/meshes/waffle_pi_base.dae
[15.474s] -- Symlinking: /home/atr-lab/Desktop/mcp_approach/install/turtlebot3_gazebo/share/turtlebot3_gazebo//models/turtlebot3_common/meshes/wheels/left_tire.stl
[15.483s] -- Symlinking: /home/atr-lab/Desktop/mcp_approach/install/turtlebot3_gazebo/share/turtlebot3_gazebo//models/turtlebot3_common/meshes/wheels/right_tire.stl
[15.493s] -- Symlinking: /home/atr-lab/Desktop/mcp_approach/install/turtlebot3_gazebo/share/turtlebot3_gazebo//models/turtlebot3_common/model.config
[15.502s] -- Symlinking: /home/atr-lab/Desktop/mcp_approach/install/turtlebot3_gazebo/share/turtlebot3_gazebo//models/turtlebot3_dqn_world/goal_box/model.config
[15.511s] -- Symlinking: /home/atr-lab/Desktop/mcp_approach/install/turtlebot3_gazebo/share/turtlebot3_gazebo//models/turtlebot3_dqn_world/goal_box/model.sdf
[15.520s] -- Symlinking: /home/atr-lab/Desktop/mcp_approach/install/turtlebot3_gazebo/share/turtlebot3_gazebo//models/turtlebot3_dqn_world/inner_walls/model.config
[15.529s] -- Symlinking: /home/atr-lab/Desktop/mcp_approach/install/turtlebot3_gazebo/share/turtlebot3_gazebo//models/turtlebot3_dqn_world/inner_walls/model.sdf
[15.539s] -- Symlinking: /home/atr-lab/Desktop/mcp_approach/install/turtlebot3_gazebo/share/turtlebot3_gazebo//models/turtlebot3_dqn_world/inner_walls/textures/wood.png
[15.549s] -- Symlinking: /home/atr-lab/Desktop/mcp_approach/install/turtlebot3_gazebo/share/turtlebot3_gazebo//models/turtlebot3_dqn_world/model.config
[15.560s] -- Symlinking: /home/atr-lab/Desktop/mcp_approach/install/turtlebot3_gazebo/share/turtlebot3_gazebo//models/turtlebot3_dqn_world/model.sdf
[15.569s] -- Symlinking: /home/atr-lab/Desktop/mcp_approach/install/turtlebot3_gazebo/share/turtlebot3_gazebo//models/turtlebot3_dqn_world/obstacle1/model.config
[15.578s] -- Symlinking: /home/atr-lab/Desktop/mcp_approach/install/turtlebot3_gazebo/share/turtlebot3_gazebo//models/turtlebot3_dqn_world/obstacle1/model.sdf
[15.588s] -- Symlinking: /home/atr-lab/Desktop/mcp_approach/install/turtlebot3_gazebo/share/turtlebot3_gazebo//models/turtlebot3_dqn_world/obstacle2/model.config
[15.597s] -- Symlinking: /home/atr-lab/Desktop/mcp_approach/install/turtlebot3_gazebo/share/turtlebot3_gazebo//models/turtlebot3_dqn_world/obstacle2/model.sdf
[15.611s] -- Symlinking: /home/atr-lab/Desktop/mcp_approach/install/turtlebot3_gazebo/share/turtlebot3_gazebo//models/turtlebot3_dqn_world/obstacles/model.config
[15.620s] -- Symlinking: /home/atr-lab/Desktop/mcp_approach/install/turtlebot3_gazebo/share/turtlebot3_gazebo//models/turtlebot3_dqn_world/obstacles/model.sdf
[15.630s] -- Symlinking: /home/atr-lab/Desktop/mcp_approach/install/turtlebot3_gazebo/share/turtlebot3_gazebo//models/turtlebot3_dqn_world/textures/wood.png
[15.639s] -- Symlinking: /home/atr-lab/Desktop/mcp_approach/install/turtlebot3_gazebo/share/turtlebot3_gazebo//models/turtlebot3_house/cafe_table/materials/textures/Maple.jpg
[15.650s] -- Symlinking: /home/atr-lab/Desktop/mcp_approach/install/turtlebot3_gazebo/share/turtlebot3_gazebo//models/turtlebot3_house/cafe_table/materials/textures/Wood_Floor_Dark.jpg
[15.660s] -- Symlinking: /home/atr-lab/Desktop/mcp_approach/install/turtlebot3_gazebo/share/turtlebot3_gazebo//models/turtlebot3_house/cafe_table/meshes/cafe_table.dae
[15.669s] -- Symlinking: /home/atr-lab/Desktop/mcp_approach/install/turtlebot3_gazebo/share/turtlebot3_gazebo//models/turtlebot3_house/cafe_table/model-1_4.sdf
[15.678s] -- Symlinking: /home/atr-lab/Desktop/mcp_approach/install/turtlebot3_gazebo/share/turtlebot3_gazebo//models/turtlebot3_house/cafe_table/model.config
[15.688s] -- Symlinking: /home/atr-lab/Desktop/mcp_approach/install/turtlebot3_gazebo/share/turtlebot3_gazebo//models/turtlebot3_house/cafe_table/model.sdf
[15.698s] -- Symlinking: /home/atr-lab/Desktop/mcp_approach/install/turtlebot3_gazebo/share/turtlebot3_gazebo//models/turtlebot3_house/first_2015_trash_can/meshes/trash_can.dae
[15.707s] -- Symlinking: /home/atr-lab/Desktop/mcp_approach/install/turtlebot3_gazebo/share/turtlebot3_gazebo//models/turtlebot3_house/first_2015_trash_can/model.config
[15.716s] -- Symlinking: /home/atr-lab/Desktop/mcp_approach/install/turtlebot3_gazebo/share/turtlebot3_gazebo//models/turtlebot3_house/first_2015_trash_can/model.sdf
[15.726s] -- Symlinking: /home/atr-lab/Desktop/mcp_approach/install/turtlebot3_gazebo/share/turtlebot3_gazebo//models/turtlebot3_house/mailbox/materials/scripts/mailbox.material
[15.735s] -- Symlinking: /home/atr-lab/Desktop/mcp_approach/install/turtlebot3_gazebo/share/turtlebot3_gazebo//models/turtlebot3_house/mailbox/materials/textures/Mailbox_Diffuse.png
[15.747s] -- Symlinking: /home/atr-lab/Desktop/mcp_approach/install/turtlebot3_gazebo/share/turtlebot3_gazebo//models/turtlebot3_house/mailbox/materials/textures/Mailbox_Diffuse.tga.orig
[15.757s] -- Symlinking: /home/atr-lab/Desktop/mcp_approach/install/turtlebot3_gazebo/share/turtlebot3_gazebo//models/turtlebot3_house/mailbox/materials/textures/Mailbox_Spec.png
[15.766s] -- Symlinking: /home/atr-lab/Desktop/mcp_approach/install/turtlebot3_gazebo/share/turtlebot3_gazebo//models/turtlebot3_house/mailbox/meshes/mailbox.dae
[15.775s] -- Symlinking: /home/atr-lab/Desktop/mcp_approach/install/turtlebot3_gazebo/share/turtlebot3_gazebo//models/turtlebot3_house/mailbox/model-1_3.sdf
[15.785s] -- Symlinking: /home/atr-lab/Desktop/mcp_approach/install/turtlebot3_gazebo/share/turtlebot3_gazebo//models/turtlebot3_house/mailbox/model-1_4.sdf
[15.795s] -- Symlinking: /home/atr-lab/Desktop/mcp_approach/install/turtlebot3_gazebo/share/turtlebot3_gazebo//models/turtlebot3_house/mailbox/model.config
[15.804s] -- Symlinking: /home/atr-lab/Desktop/mcp_approach/install/turtlebot3_gazebo/share/turtlebot3_gazebo//models/turtlebot3_house/mailbox/model.sdf
[15.814s] -- Symlinking: /home/atr-lab/Desktop/mcp_approach/install/turtlebot3_gazebo/share/turtlebot3_gazebo//models/turtlebot3_house/model.config
[15.823s] -- Symlinking: /home/atr-lab/Desktop/mcp_approach/install/turtlebot3_gazebo/share/turtlebot3_gazebo//models/turtlebot3_house/model.sdf
[15.833s] -- Symlinking: /home/atr-lab/Desktop/mcp_approach/install/turtlebot3_gazebo/share/turtlebot3_gazebo//models/turtlebot3_house/table_marble/materials/scripts/table_lightmap.material
[15.844s] -- Symlinking: /home/atr-lab/Desktop/mcp_approach/install/turtlebot3_gazebo/share/turtlebot3_gazebo//models/turtlebot3_house/table_marble/materials/textures/marble.png
[15.854s] -- Symlinking: /home/atr-lab/Desktop/mcp_approach/install/turtlebot3_gazebo/share/turtlebot3_gazebo//models/turtlebot3_house/table_marble/materials/textures/table_lightmap.png
[15.863s] -- Symlinking: /home/atr-lab/Desktop/mcp_approach/install/turtlebot3_gazebo/share/turtlebot3_gazebo//models/turtlebot3_house/table_marble/meshes/table_lightmap.dae
[15.872s] -- Symlinking: /home/atr-lab/Desktop/mcp_approach/install/turtlebot3_gazebo/share/turtlebot3_gazebo//models/turtlebot3_house/table_marble/model-1_4.sdf
[15.882s] -- Symlinking: /home/atr-lab/Desktop/mcp_approach/install/turtlebot3_gazebo/share/turtlebot3_gazebo//models/turtlebot3_house/table_marble/model.config
[15.892s] -- Symlinking: /home/atr-lab/Desktop/mcp_approach/install/turtlebot3_gazebo/share/turtlebot3_gazebo//models/turtlebot3_house/table_marble/model.sdf
[15.903s] -- Symlinking: /home/atr-lab/Desktop/mcp_approach/install/turtlebot3_gazebo/share/turtlebot3_gazebo//models/turtlebot3_house/textures/bricks.png
[15.912s] -- Symlinking: /home/atr-lab/Desktop/mcp_approach/install/turtlebot3_gazebo/share/turtlebot3_gazebo//models/turtlebot3_house/textures/wood.png
[15.922s] -- Symlinking: /home/atr-lab/Desktop/mcp_approach/install/turtlebot3_gazebo/share/turtlebot3_gazebo//models/turtlebot3_waffle/model-1_4.sdf
[15.931s] -- Symlinking: /home/atr-lab/Desktop/mcp_approach/install/turtlebot3_gazebo/share/turtlebot3_gazebo//models/turtlebot3_waffle/model.config
[15.943s] -- Symlinking: /home/atr-lab/Desktop/mcp_approach/install/turtlebot3_gazebo/share/turtlebot3_gazebo//models/turtlebot3_waffle/model.sdf
[15.952s] -- Symlinking: /home/atr-lab/Desktop/mcp_approach/install/turtlebot3_gazebo/share/turtlebot3_gazebo//models/turtlebot3_waffle_pi/model-1_4_.sdf
[15.961s] -- Symlinking: /home/atr-lab/Desktop/mcp_approach/install/turtlebot3_gazebo/share/turtlebot3_gazebo//models/turtlebot3_waffle_pi/model.config
[15.971s] -- Symlinking: /home/atr-lab/Desktop/mcp_approach/install/turtlebot3_gazebo/share/turtlebot3_gazebo//models/turtlebot3_waffle_pi/model.sdf
[15.982s] -- Symlinking: /home/atr-lab/Desktop/mcp_approach/install/turtlebot3_gazebo/share/turtlebot3_gazebo//models/turtlebot3_world/meshes/hexagon.dae
[15.992s] -- Symlinking: /home/atr-lab/Desktop/mcp_approach/install/turtlebot3_gazebo/share/turtlebot3_gazebo//models/turtlebot3_world/meshes/wall.dae
[16.001s] -- Symlinking: /home/atr-lab/Desktop/mcp_approach/install/turtlebot3_gazebo/share/turtlebot3_gazebo//models/turtlebot3_world/model-1_4.sdf
[16.012s] -- Symlinking: /home/atr-lab/Desktop/mcp_approach/install/turtlebot3_gazebo/share/turtlebot3_gazebo//models/turtlebot3_world/model.config
[16.021s] -- Symlinking: /home/atr-lab/Desktop/mcp_approach/install/turtlebot3_gazebo/share/turtlebot3_gazebo//models/turtlebot3_world/model.sdf
[16.031s] -- Symlinking: /home/atr-lab/Desktop/mcp_approach/install/turtlebot3_gazebo/share/turtlebot3_gazebo//params/turtlebot3_burger_bridge.yaml
[16.041s] -- Symlinking: /home/atr-lab/Desktop/mcp_approach/install/turtlebot3_gazebo/share/turtlebot3_gazebo//params/turtlebot3_burger_cam_bridge.yaml
[16.050s] -- Symlinking: /home/atr-lab/Desktop/mcp_approach/install/turtlebot3_gazebo/share/turtlebot3_gazebo//params/turtlebot3_waffle_bridge.yaml
[16.060s] -- Symlinking: /home/atr-lab/Desktop/mcp_approach/install/turtlebot3_gazebo/share/turtlebot3_gazebo//params/turtlebot3_waffle_pi_bridge.yaml
[16.070s] -- Symlinking: /home/atr-lab/Desktop/mcp_approach/install/turtlebot3_gazebo/share/turtlebot3_gazebo//rviz/tb3_gazebo.rviz
[16.079s] -- Symlinking: /home/atr-lab/Desktop/mcp_approach/install/turtlebot3_gazebo/share/turtlebot3_gazebo//urdf/common_properties.urdf
[16.088s] -- Symlinking: /home/atr-lab/Desktop/mcp_approach/install/turtlebot3_gazebo/share/turtlebot3_gazebo//urdf/turtlebot3_burger.urdf
[16.098s] -- Symlinking: /home/atr-lab/Desktop/mcp_approach/install/turtlebot3_gazebo/share/turtlebot3_gazebo//urdf/turtlebot3_burger_cam.urdf
[16.107s] -- Symlinking: /home/atr-lab/Desktop/mcp_approach/install/turtlebot3_gazebo/share/turtlebot3_gazebo//urdf/turtlebot3_waffle.urdf
[16.116s] -- Symlinking: /home/atr-lab/Desktop/mcp_approach/install/turtlebot3_gazebo/share/turtlebot3_gazebo//urdf/turtlebot3_waffle_pi.urdf
[16.126s] -- Symlinking: /home/atr-lab/Desktop/mcp_approach/install/turtlebot3_gazebo/share/turtlebot3_gazebo//worlds/empty_world.world
[16.135s] -- Symlinking: /home/atr-lab/Desktop/mcp_approach/install/turtlebot3_gazebo/share/turtlebot3_gazebo//worlds/turtlebot3_autorace_2020.world
[16.145s] -- Symlinking: /home/atr-lab/Desktop/mcp_approach/install/turtlebot3_gazebo/share/turtlebot3_gazebo//worlds/turtlebot3_dqn_stage1.world
[16.155s] -- Symlinking: /home/atr-lab/Desktop/mcp_approach/install/turtlebot3_gazebo/share/turtlebot3_gazebo//worlds/turtlebot3_dqn_stage2.world
[16.164s] -- Symlinking: /home/atr-lab/Desktop/mcp_approach/install/turtlebot3_gazebo/share/turtlebot3_gazebo//worlds/turtlebot3_dqn_stage3.world
[16.173s] -- Symlinking: /home/atr-lab/Desktop/mcp_approach/install/turtlebot3_gazebo/share/turtlebot3_gazebo//worlds/turtlebot3_dqn_stage4.world
[16.182s] -- Symlinking: /home/atr-lab/Desktop/mcp_approach/install/turtlebot3_gazebo/share/turtlebot3_gazebo//worlds/turtlebot3_house.world
[16.192s] -- Symlinking: /home/atr-lab/Desktop/mcp_approach/install/turtlebot3_gazebo/share/turtlebot3_gazebo//worlds/turtlebot3_world.world
[16.202s] -- Symlinking: /home/atr-lab/Desktop/mcp_approach/install/turtlebot3_gazebo/include//turtlebot3_gazebo/obstacle1.hpp
[16.211s] -- Symlinking: /home/atr-lab/Desktop/mcp_approach/install/turtlebot3_gazebo/include//turtlebot3_gazebo/obstacle2.hpp
[16.220s] -- Symlinking: /home/atr-lab/Desktop/mcp_approach/install/turtlebot3_gazebo/include//turtlebot3_gazebo/obstacles.hpp
[16.229s] -- Symlinking: /home/atr-lab/Desktop/mcp_approach/install/turtlebot3_gazebo/include//turtlebot3_gazebo/traffic_bar_plugin.hpp
[16.239s] -- Symlinking: /home/atr-lab/Desktop/mcp_approach/install/turtlebot3_gazebo/include//turtlebot3_gazebo/traffic_light_plugin.hpp
[16.250s] -- Symlinking: /home/atr-lab/Desktop/mcp_approach/install/turtlebot3_gazebo/include//turtlebot3_gazebo/turtlebot3_drive.hpp
[16.261s] -- Symlinking: /home/atr-lab/Desktop/mcp_approach/install/turtlebot3_gazebo/share/ament_index/resource_index/package_run_dependencies/turtlebot3_gazebo
[16.271s] -- Symlinking: /home/atr-lab/Desktop/mcp_approach/install/turtlebot3_gazebo/share/ament_index/resource_index/parent_prefix_path/turtlebot3_gazebo
[16.280s] -- Symlinking: /home/atr-lab/Desktop/mcp_approach/install/turtlebot3_gazebo/share/turtlebot3_gazebo/environment/ament_prefix_path.sh
[16.289s] -- Symlinking: /home/atr-lab/Desktop/mcp_approach/install/turtlebot3_gazebo/share/turtlebot3_gazebo/environment/ament_prefix_path.dsv
[16.300s] -- Symlinking: /home/atr-lab/Desktop/mcp_approach/install/turtlebot3_gazebo/share/turtlebot3_gazebo/environment/path.sh
[16.309s] -- Symlinking: /home/atr-lab/Desktop/mcp_approach/install/turtlebot3_gazebo/share/turtlebot3_gazebo/environment/path.dsv
[16.319s] -- Symlinking: /home/atr-lab/Desktop/mcp_approach/install/turtlebot3_gazebo/share/turtlebot3_gazebo/local_setup.bash
[16.328s] -- Symlinking: /home/atr-lab/Desktop/mcp_approach/install/turtlebot3_gazebo/share/turtlebot3_gazebo/local_setup.sh
[16.338s] -- Symlinking: /home/atr-lab/Desktop/mcp_approach/install/turtlebot3_gazebo/share/turtlebot3_gazebo/local_setup.zsh
[16.348s] -- Symlinking: /home/atr-lab/Desktop/mcp_approach/install/turtlebot3_gazebo/share/turtlebot3_gazebo/local_setup.dsv
[16.357s] -- Symlinking: /home/atr-lab/Desktop/mcp_approach/install/turtlebot3_gazebo/share/turtlebot3_gazebo/package.dsv
[16.367s] -- Symlinking: /home/atr-lab/Desktop/mcp_approach/install/turtlebot3_gazebo/share/ament_index/resource_index/packages/turtlebot3_gazebo
[16.376s] -- Symlinking: /home/atr-lab/Desktop/mcp_approach/install/turtlebot3_gazebo/share/turtlebot3_gazebo/cmake/ament_cmake_export_include_directories-extras.cmake
[16.385s] -- Symlinking: /home/atr-lab/Desktop/mcp_approach/install/turtlebot3_gazebo/share/turtlebot3_gazebo/cmake/ament_cmake_export_dependencies-extras.cmake
[16.395s] -- Symlinking: /home/atr-lab/Desktop/mcp_approach/install/turtlebot3_gazebo/share/turtlebot3_gazebo/cmake/turtlebot3_gazeboConfig.cmake
[16.405s] -- Symlinking: /home/atr-lab/Desktop/mcp_approach/install/turtlebot3_gazebo/share/turtlebot3_gazebo/cmake/turtlebot3_gazeboConfig-version.cmake
[16.414s] -- Symlinking: /home/atr-lab/Desktop/mcp_approach/install/turtlebot3_gazebo/share/turtlebot3_gazebo/package.xml
[16.426s] Invoked command in '/home/atr-lab/Desktop/mcp_approach/build/turtlebot3_gazebo' returned '0': CMAKE_PREFIX_PATH=${CMAKE_PREFIX_PATH}:/opt/ros/jazzy DEBUGINFOD_URLS=https://debuginfod.ubuntu.com /usr/bin/cmake --install /home/atr-lab/Desktop/mcp_approach/build/turtlebot3_gazebo
