running egg_info
writing ../../build/custom_turtlebot_nodes/custom_turtlebot_nodes.egg-info/PKG-INFO
writing dependency_links to ../../build/custom_turtlebot_nodes/custom_turtlebot_nodes.egg-info/dependency_links.txt
writing entry points to ../../build/custom_turtlebot_nodes/custom_turtlebot_nodes.egg-info/entry_points.txt
writing requirements to ../../build/custom_turtlebot_nodes/custom_turtlebot_nodes.egg-info/requires.txt
writing top-level names to ../../build/custom_turtlebot_nodes/custom_turtlebot_nodes.egg-info/top_level.txt
reading manifest file '../../build/custom_turtlebot_nodes/custom_turtlebot_nodes.egg-info/SOURCES.txt'
writing manifest file '../../build/custom_turtlebot_nodes/custom_turtlebot_nodes.egg-info/SOURCES.txt'
running build
running build_py
copying custom_turtlebot_nodes/joystick_teleop.py -> /home/atr-lab/Desktop/main_workstation/ROS_autonomous_delivery/build/custom_turtlebot_nodes/build/lib/custom_turtlebot_nodes
running install
running install_lib
copying /home/atr-lab/Desktop/main_workstation/ROS_autonomous_delivery/build/custom_turtlebot_nodes/build/lib/custom_turtlebot_nodes/joystick_teleop.py -> /home/atr-lab/Desktop/main_workstation/ROS_autonomous_delivery/install/custom_turtlebot_nodes/lib/python3.12/site-packages/custom_turtlebot_nodes
byte-compiling /home/atr-lab/Desktop/main_workstation/ROS_autonomous_delivery/install/custom_turtlebot_nodes/lib/python3.12/site-packages/custom_turtlebot_nodes/joystick_teleop.py to joystick_teleop.cpython-312.pyc
running install_data
copying launch/joystick_teleop.launch.py -> /home/atr-lab/Desktop/main_workstation/ROS_autonomous_delivery/install/custom_turtlebot_nodes/share/custom_turtlebot_nodes/launch
running install_egg_info
removing '/home/atr-lab/Desktop/main_workstation/ROS_autonomous_delivery/install/custom_turtlebot_nodes/lib/python3.12/site-packages/custom_turtlebot_nodes-0.0.0-py3.12.egg-info' (and everything under it)
Copying ../../build/custom_turtlebot_nodes/custom_turtlebot_nodes.egg-info to /home/atr-lab/Desktop/main_workstation/ROS_autonomous_delivery/install/custom_turtlebot_nodes/lib/python3.12/site-packages/custom_turtlebot_nodes-0.0.0-py3.12.egg-info
running install_scripts
Installing joystick_teleop script to /home/atr-lab/Desktop/main_workstation/ROS_autonomous_delivery/install/custom_turtlebot_nodes/lib/custom_turtlebot_nodes
writing list of installed files to '/home/atr-lab/Desktop/main_workstation/ROS_autonomous_delivery/build/custom_turtlebot_nodes/install.log'
