[0.011s] Invoking command in '/home/atr-lab/Desktop/main_workstation/ROS_autonomous_delivery/build/turtlebot3_fake_node': CMAKE_PREFIX_PATH=${CMAKE_PREFIX_PATH}:/opt/ros/jazzy DEBUGINFOD_URLS=https://debuginfod.ubuntu.com /usr/bin/cmake /home/atr-lab/Desktop/main_workstation/ROS_autonomous_delivery/src/turtlebot3_simulations/turtlebot3_fake_node -DCMAKE_INSTALL_PREFIX=/home/atr-lab/Desktop/main_workstation/ROS_autonomous_delivery/install/turtlebot3_fake_node
[0.125s] -- The C compiler identification is GNU 13.3.0
[0.221s] -- The CXX compiler identification is GNU 13.3.0
[0.236s] -- Detecting C compiler ABI info
[0.312s] -- Detecting C compiler ABI info - done
[0.321s] -- Check for working C compiler: /usr/bin/cc - skipped
[0.323s] -- Detecting C compile features
[0.324s] -- Detecting C compile features - done
[0.333s] -- Detecting CXX compiler ABI info
[0.413s] -- Detecting CXX compiler ABI info - done
[0.425s] -- Check for working CXX compiler: /usr/bin/c++ - skipped
[0.425s] -- Detecting CXX compile features
[0.425s] -- Detecting CXX compile features - done
[0.434s] -- Found ament_cmake: 2.5.4 (/opt/ros/jazzy/share/ament_cmake/cmake)
[0.558s] -- Found Python3: /usr/bin/python3 (found version "3.12.3") found components: Interpreter 
[0.680s] -- Found geometry_msgs: 5.3.6 (/opt/ros/jazzy/share/geometry_msgs/cmake)
[0.743s] -- Found rosidl_generator_c: 4.6.5 (/opt/ros/jazzy/share/rosidl_generator_c/cmake)
[0.763s] -- Found rosidl_generator_cpp: 4.6.5 (/opt/ros/jazzy/share/rosidl_generator_cpp/cmake)
[0.786s] -- Using all available rosidl_typesupport_c: rosidl_typesupport_fastrtps_c;rosidl_typesupport_introspection_c
[0.813s] -- Using all available rosidl_typesupport_cpp: rosidl_typesupport_fastrtps_cpp;rosidl_typesupport_introspection_cpp
[0.870s] -- Found nav_msgs: 5.3.6 (/opt/ros/jazzy/share/nav_msgs/cmake)
[0.902s] -- Found rclcpp: 28.1.10 (/opt/ros/jazzy/share/rclcpp/cmake)
[0.942s] -- Found rmw_implementation_cmake: 7.3.2 (/opt/ros/jazzy/share/rmw_implementation_cmake/cmake)
[0.945s] -- Found rmw_fastrtps_cpp: 8.4.2 (/opt/ros/jazzy/share/rmw_fastrtps_cpp/cmake)
[1.014s] -- Found OpenSSL: /usr/lib/x86_64-linux-gnu/libcrypto.so (found version "3.0.13")  
[1.029s] -- Found FastRTPS: /opt/ros/jazzy/include (Required is at least version "2.13") 
[1.049s] -- Using RMW implementation 'rmw_fastrtps_cpp' as default
[1.103s] -- Found sensor_msgs: 5.3.6 (/opt/ros/jazzy/share/sensor_msgs/cmake)
[1.124s] -- Found tf2: 0.36.12 (/opt/ros/jazzy/share/tf2/cmake)
[1.129s] -- Found tf2_msgs: 0.36.12 (/opt/ros/jazzy/share/tf2_msgs/cmake)
[1.183s] -- Found turtlebot3_msgs: 2.4.0 (/opt/ros/jazzy/share/turtlebot3_msgs/cmake)
[1.272s] -- Configuring done (1.2s)
[1.281s] -- Generating done (0.0s)
[1.285s] -- Build files have been written to: /home/atr-lab/Desktop/main_workstation/ROS_autonomous_delivery/build/turtlebot3_fake_node
[1.292s] Invoked command in '/home/atr-lab/Desktop/main_workstation/ROS_autonomous_delivery/build/turtlebot3_fake_node' returned '0': CMAKE_PREFIX_PATH=${CMAKE_PREFIX_PATH}:/opt/ros/jazzy DEBUGINFOD_URLS=https://debuginfod.ubuntu.com /usr/bin/cmake /home/atr-lab/Desktop/main_workstation/ROS_autonomous_delivery/src/turtlebot3_simulations/turtlebot3_fake_node -DCMAKE_INSTALL_PREFIX=/home/atr-lab/Desktop/main_workstation/ROS_autonomous_delivery/install/turtlebot3_fake_node
[1.293s] Invoking command in '/home/atr-lab/Desktop/main_workstation/ROS_autonomous_delivery/build/turtlebot3_fake_node': CMAKE_PREFIX_PATH=${CMAKE_PREFIX_PATH}:/opt/ros/jazzy DEBUGINFOD_URLS=https://debuginfod.ubuntu.com /usr/bin/cmake --build /home/atr-lab/Desktop/main_workstation/ROS_autonomous_delivery/build/turtlebot3_fake_node -- -j8 -l8
[1.336s] [ 50%] [32mBuilding CXX object CMakeFiles/turtlebot3_fake_node.dir/src/turtlebot3_fake_node.cpp.o[0m
[7.898s] [100%] [32m[1mLinking CXX executable turtlebot3_fake_node[0m
[8.271s] [100%] Built target turtlebot3_fake_node
[8.279s] Invoked command in '/home/atr-lab/Desktop/main_workstation/ROS_autonomous_delivery/build/turtlebot3_fake_node' returned '0': CMAKE_PREFIX_PATH=${CMAKE_PREFIX_PATH}:/opt/ros/jazzy DEBUGINFOD_URLS=https://debuginfod.ubuntu.com /usr/bin/cmake --build /home/atr-lab/Desktop/main_workstation/ROS_autonomous_delivery/build/turtlebot3_fake_node -- -j8 -l8
[8.286s] Invoking command in '/home/atr-lab/Desktop/main_workstation/ROS_autonomous_delivery/build/turtlebot3_fake_node': CMAKE_PREFIX_PATH=${CMAKE_PREFIX_PATH}:/opt/ros/jazzy DEBUGINFOD_URLS=https://debuginfod.ubuntu.com /usr/bin/cmake --install /home/atr-lab/Desktop/main_workstation/ROS_autonomous_delivery/build/turtlebot3_fake_node
[8.292s] -- Install configuration: ""
[8.292s] -- Installing: /home/atr-lab/Desktop/main_workstation/ROS_autonomous_delivery/install/turtlebot3_fake_node/lib/turtlebot3_fake_node/turtlebot3_fake_node
[8.295s] -- Set non-toolchain portion of runtime path of "/home/atr-lab/Desktop/main_workstation/ROS_autonomous_delivery/install/turtlebot3_fake_node/lib/turtlebot3_fake_node/turtlebot3_fake_node" to ""
[8.295s] -- Installing: /home/atr-lab/Desktop/main_workstation/ROS_autonomous_delivery/install/turtlebot3_fake_node/share/turtlebot3_fake_node/launch
[8.295s] -- Installing: /home/atr-lab/Desktop/main_workstation/ROS_autonomous_delivery/install/turtlebot3_fake_node/share/turtlebot3_fake_node/launch/turtlebot3_fake_node.launch.py
[8.295s] -- Installing: /home/atr-lab/Desktop/main_workstation/ROS_autonomous_delivery/install/turtlebot3_fake_node/share/turtlebot3_fake_node/launch/rviz2.launch.py
[8.295s] -- Installing: /home/atr-lab/Desktop/main_workstation/ROS_autonomous_delivery/install/turtlebot3_fake_node/share/turtlebot3_fake_node/param
[8.295s] -- Installing: /home/atr-lab/Desktop/main_workstation/ROS_autonomous_delivery/install/turtlebot3_fake_node/share/turtlebot3_fake_node/param/burger.yaml
[8.295s] -- Installing: /home/atr-lab/Desktop/main_workstation/ROS_autonomous_delivery/install/turtlebot3_fake_node/share/turtlebot3_fake_node/param/waffle_pi.yaml
[8.295s] -- Installing: /home/atr-lab/Desktop/main_workstation/ROS_autonomous_delivery/install/turtlebot3_fake_node/share/turtlebot3_fake_node/param/waffle.yaml
[8.296s] -- Installing: /home/atr-lab/Desktop/main_workstation/ROS_autonomous_delivery/install/turtlebot3_fake_node/include/
[8.296s] -- Installing: /home/atr-lab/Desktop/main_workstation/ROS_autonomous_delivery/install/turtlebot3_fake_node/include//turtlebot3_fake_node
[8.296s] -- Installing: /home/atr-lab/Desktop/main_workstation/ROS_autonomous_delivery/install/turtlebot3_fake_node/include//turtlebot3_fake_node/turtlebot3_fake_node.hpp
[8.296s] -- Installing: /home/atr-lab/Desktop/main_workstation/ROS_autonomous_delivery/install/turtlebot3_fake_node/share/ament_index/resource_index/package_run_dependencies/turtlebot3_fake_node
[8.296s] -- Installing: /home/atr-lab/Desktop/main_workstation/ROS_autonomous_delivery/install/turtlebot3_fake_node/share/ament_index/resource_index/parent_prefix_path/turtlebot3_fake_node
[8.296s] -- Installing: /home/atr-lab/Desktop/main_workstation/ROS_autonomous_delivery/install/turtlebot3_fake_node/share/turtlebot3_fake_node/environment/ament_prefix_path.sh
[8.296s] -- Installing: /home/atr-lab/Desktop/main_workstation/ROS_autonomous_delivery/install/turtlebot3_fake_node/share/turtlebot3_fake_node/environment/ament_prefix_path.dsv
[8.296s] -- Installing: /home/atr-lab/Desktop/main_workstation/ROS_autonomous_delivery/install/turtlebot3_fake_node/share/turtlebot3_fake_node/environment/path.sh
[8.296s] -- Installing: /home/atr-lab/Desktop/main_workstation/ROS_autonomous_delivery/install/turtlebot3_fake_node/share/turtlebot3_fake_node/environment/path.dsv
[8.296s] -- Installing: /home/atr-lab/Desktop/main_workstation/ROS_autonomous_delivery/install/turtlebot3_fake_node/share/turtlebot3_fake_node/local_setup.bash
[8.296s] -- Installing: /home/atr-lab/Desktop/main_workstation/ROS_autonomous_delivery/install/turtlebot3_fake_node/share/turtlebot3_fake_node/local_setup.sh
[8.297s] -- Installing: /home/atr-lab/Desktop/main_workstation/ROS_autonomous_delivery/install/turtlebot3_fake_node/share/turtlebot3_fake_node/local_setup.zsh
[8.297s] -- Installing: /home/atr-lab/Desktop/main_workstation/ROS_autonomous_delivery/install/turtlebot3_fake_node/share/turtlebot3_fake_node/local_setup.dsv
[8.298s] -- Installing: /home/atr-lab/Desktop/main_workstation/ROS_autonomous_delivery/install/turtlebot3_fake_node/share/turtlebot3_fake_node/package.dsv
[8.298s] -- Installing: /home/atr-lab/Desktop/main_workstation/ROS_autonomous_delivery/install/turtlebot3_fake_node/share/ament_index/resource_index/packages/turtlebot3_fake_node
[8.298s] -- Installing: /home/atr-lab/Desktop/main_workstation/ROS_autonomous_delivery/install/turtlebot3_fake_node/share/turtlebot3_fake_node/cmake/ament_cmake_export_include_directories-extras.cmake
[8.298s] -- Installing: /home/atr-lab/Desktop/main_workstation/ROS_autonomous_delivery/install/turtlebot3_fake_node/share/turtlebot3_fake_node/cmake/ament_cmake_export_dependencies-extras.cmake
[8.298s] -- Installing: /home/atr-lab/Desktop/main_workstation/ROS_autonomous_delivery/install/turtlebot3_fake_node/share/turtlebot3_fake_node/cmake/turtlebot3_fake_nodeConfig.cmake
[8.298s] -- Installing: /home/atr-lab/Desktop/main_workstation/ROS_autonomous_delivery/install/turtlebot3_fake_node/share/turtlebot3_fake_node/cmake/turtlebot3_fake_nodeConfig-version.cmake
[8.298s] -- Installing: /home/atr-lab/Desktop/main_workstation/ROS_autonomous_delivery/install/turtlebot3_fake_node/share/turtlebot3_fake_node/package.xml
[8.299s] Invoked command in '/home/atr-lab/Desktop/main_workstation/ROS_autonomous_delivery/build/turtlebot3_fake_node' returned '0': CMAKE_PREFIX_PATH=${CMAKE_PREFIX_PATH}:/opt/ros/jazzy DEBUGINFOD_URLS=https://debuginfod.ubuntu.com /usr/bin/cmake --install /home/atr-lab/Desktop/main_workstation/ROS_autonomous_delivery/build/turtlebot3_fake_node
