[0.018s] Invoking command in '/home/atr-lab/Desktop/main_workstation/ROS_autonomous_delivery/build/turtlebot3_fake_node': CMAKE_PREFIX_PATH=${CMAKE_PREFIX_PATH}:/home/atr-lab/Desktop/main_workstation/ROS_autonomous_delivery/install/custom_turtlebot_nodes:/opt/ros/jazzy DEBUGINFOD_URLS=https://debuginfod.ubuntu.com /usr/bin/cmake --build /home/atr-lab/Desktop/main_workstation/ROS_autonomous_delivery/build/turtlebot3_fake_node -- -j8 -l8
[0.066s] [100%] Built target turtlebot3_fake_node
[0.177s] Invoked command in '/home/atr-lab/Desktop/main_workstation/ROS_autonomous_delivery/build/turtlebot3_fake_node' returned '0': CMAKE_PREFIX_PATH=${CMAKE_PREFIX_PATH}:/home/atr-lab/Desktop/main_workstation/ROS_autonomous_delivery/install/custom_turtlebot_nodes:/opt/ros/jazzy DEBUGINFOD_URLS=https://debuginfod.ubuntu.com /usr/bin/cmake --build /home/atr-lab/Desktop/main_workstation/ROS_autonomous_delivery/build/turtlebot3_fake_node -- -j8 -l8
[0.186s] Invoking command in '/home/atr-lab/Desktop/main_workstation/ROS_autonomous_delivery/build/turtlebot3_fake_node': CMAKE_PREFIX_PATH=${CMAKE_PREFIX_PATH}:/home/atr-lab/Desktop/main_workstation/ROS_autonomous_delivery/install/custom_turtlebot_nodes:/opt/ros/jazzy DEBUGINFOD_URLS=https://debuginfod.ubuntu.com /usr/bin/cmake --install /home/atr-lab/Desktop/main_workstation/ROS_autonomous_delivery/build/turtlebot3_fake_node
[0.194s] -- Install configuration: ""
[0.194s] -- Up-to-date: /home/atr-lab/Desktop/main_workstation/ROS_autonomous_delivery/install/turtlebot3_fake_node/lib/turtlebot3_fake_node/turtlebot3_fake_node
[0.194s] -- Up-to-date: /home/atr-lab/Desktop/main_workstation/ROS_autonomous_delivery/install/turtlebot3_fake_node/share/turtlebot3_fake_node/launch
[0.194s] -- Up-to-date: /home/atr-lab/Desktop/main_workstation/ROS_autonomous_delivery/install/turtlebot3_fake_node/share/turtlebot3_fake_node/launch/turtlebot3_fake_node.launch.py
[0.194s] -- Up-to-date: /home/atr-lab/Desktop/main_workstation/ROS_autonomous_delivery/install/turtlebot3_fake_node/share/turtlebot3_fake_node/launch/rviz2.launch.py
[0.198s] -- Up-to-date: /home/atr-lab/Desktop/main_workstation/ROS_autonomous_delivery/install/turtlebot3_fake_node/share/turtlebot3_fake_node/param
[0.198s] -- Up-to-date: /home/atr-lab/Desktop/main_workstation/ROS_autonomous_delivery/install/turtlebot3_fake_node/share/turtlebot3_fake_node/param/burger.yaml
[0.198s] -- Up-to-date: /home/atr-lab/Desktop/main_workstation/ROS_autonomous_delivery/install/turtlebot3_fake_node/share/turtlebot3_fake_node/param/waffle_pi.yaml
[0.198s] -- Up-to-date: /home/atr-lab/Desktop/main_workstation/ROS_autonomous_delivery/install/turtlebot3_fake_node/share/turtlebot3_fake_node/param/waffle.yaml
[0.198s] -- Up-to-date: /home/atr-lab/Desktop/main_workstation/ROS_autonomous_delivery/install/turtlebot3_fake_node/include/
[0.198s] -- Up-to-date: /home/atr-lab/Desktop/main_workstation/ROS_autonomous_delivery/install/turtlebot3_fake_node/include//turtlebot3_fake_node
[0.198s] -- Up-to-date: /home/atr-lab/Desktop/main_workstation/ROS_autonomous_delivery/install/turtlebot3_fake_node/include//turtlebot3_fake_node/turtlebot3_fake_node.hpp
[0.199s] -- Up-to-date: /home/atr-lab/Desktop/main_workstation/ROS_autonomous_delivery/install/turtlebot3_fake_node/share/ament_index/resource_index/package_run_dependencies/turtlebot3_fake_node
[0.199s] -- Up-to-date: /home/atr-lab/Desktop/main_workstation/ROS_autonomous_delivery/install/turtlebot3_fake_node/share/ament_index/resource_index/parent_prefix_path/turtlebot3_fake_node
[0.199s] -- Up-to-date: /home/atr-lab/Desktop/main_workstation/ROS_autonomous_delivery/install/turtlebot3_fake_node/share/turtlebot3_fake_node/environment/ament_prefix_path.sh
[0.199s] -- Up-to-date: /home/atr-lab/Desktop/main_workstation/ROS_autonomous_delivery/install/turtlebot3_fake_node/share/turtlebot3_fake_node/environment/ament_prefix_path.dsv
[0.199s] -- Up-to-date: /home/atr-lab/Desktop/main_workstation/ROS_autonomous_delivery/install/turtlebot3_fake_node/share/turtlebot3_fake_node/environment/path.sh
[0.203s] -- Up-to-date: /home/atr-lab/Desktop/main_workstation/ROS_autonomous_delivery/install/turtlebot3_fake_node/share/turtlebot3_fake_node/environment/path.dsv
[0.204s] -- Up-to-date: /home/atr-lab/Desktop/main_workstation/ROS_autonomous_delivery/install/turtlebot3_fake_node/share/turtlebot3_fake_node/local_setup.bash
[0.204s] -- Up-to-date: /home/atr-lab/Desktop/main_workstation/ROS_autonomous_delivery/install/turtlebot3_fake_node/share/turtlebot3_fake_node/local_setup.sh
[0.204s] -- Up-to-date: /home/atr-lab/Desktop/main_workstation/ROS_autonomous_delivery/install/turtlebot3_fake_node/share/turtlebot3_fake_node/local_setup.zsh
[0.204s] -- Up-to-date: /home/atr-lab/Desktop/main_workstation/ROS_autonomous_delivery/install/turtlebot3_fake_node/share/turtlebot3_fake_node/local_setup.dsv
[0.204s] -- Installing: /home/atr-lab/Desktop/main_workstation/ROS_autonomous_delivery/install/turtlebot3_fake_node/share/turtlebot3_fake_node/package.dsv
[0.204s] -- Up-to-date: /home/atr-lab/Desktop/main_workstation/ROS_autonomous_delivery/install/turtlebot3_fake_node/share/ament_index/resource_index/packages/turtlebot3_fake_node
[0.204s] -- Up-to-date: /home/atr-lab/Desktop/main_workstation/ROS_autonomous_delivery/install/turtlebot3_fake_node/share/turtlebot3_fake_node/cmake/ament_cmake_export_include_directories-extras.cmake
[0.205s] -- Up-to-date: /home/atr-lab/Desktop/main_workstation/ROS_autonomous_delivery/install/turtlebot3_fake_node/share/turtlebot3_fake_node/cmake/ament_cmake_export_dependencies-extras.cmake
[0.205s] -- Up-to-date: /home/atr-lab/Desktop/main_workstation/ROS_autonomous_delivery/install/turtlebot3_fake_node/share/turtlebot3_fake_node/cmake/turtlebot3_fake_nodeConfig.cmake
[0.205s] -- Up-to-date: /home/atr-lab/Desktop/main_workstation/ROS_autonomous_delivery/install/turtlebot3_fake_node/share/turtlebot3_fake_node/cmake/turtlebot3_fake_nodeConfig-version.cmake
[0.205s] -- Up-to-date: /home/atr-lab/Desktop/main_workstation/ROS_autonomous_delivery/install/turtlebot3_fake_node/share/turtlebot3_fake_node/package.xml
[0.212s] Invoked command in '/home/atr-lab/Desktop/main_workstation/ROS_autonomous_delivery/build/turtlebot3_fake_node' returned '0': CMAKE_PREFIX_PATH=${CMAKE_PREFIX_PATH}:/home/atr-lab/Desktop/main_workstation/ROS_autonomous_delivery/install/custom_turtlebot_nodes:/opt/ros/jazzy DEBUGINFOD_URLS=https://debuginfod.ubuntu.com /usr/bin/cmake --install /home/atr-lab/Desktop/main_workstation/ROS_autonomous_delivery/build/turtlebot3_fake_node
