[0.009s] Invoking command in '/home/atr-lab/Desktop/mcp_approach/build/turtlebot3_simulations': AMENT_PREFIX_PATH=/home/atr-lab/Desktop/mcp_approach/install/turtlebot3_gazebo:/home/atr-lab/Desktop/mcp_approach/install/turtlebot3_fake_node:${AMENT_PREFIX_PATH} CMAKE_PREFIX_PATH=/home/atr-lab/Desktop/mcp_approach/install/turtlebot3_gazebo:/home/atr-lab/Desktop/mcp_approach/install/turtlebot3_fake_node:/opt/ros/jazzy/opt/gz_sim_vendor:/opt/ros/jazzy/opt/gz_sensors_vendor:/opt/ros/jazzy/opt/gz_physics_vendor:/opt/ros/jazzy/opt/sdformat_vendor:/opt/ros/jazzy/opt/gz_gui_vendor:/opt/ros/jazzy/opt/gz_transport_vendor:/opt/ros/jazzy/opt/gz_rendering_vendor:/opt/ros/jazzy/opt/gz_plugin_vendor:/opt/ros/jazzy/opt/gz_fuel_tools_vendor:/opt/ros/jazzy/opt/gz_msgs_vendor:/opt/ros/jazzy/opt/gz_common_vendor:/opt/ros/jazzy/opt/gz_math_vendor:/opt/ros/jazzy/opt/gz_utils_vendor:/opt/ros/jazzy/opt/gz_tools_vendor:/opt/ros/jazzy/opt/gz_ogre_next_vendor:/opt/ros/jazzy/opt/gz_dartsim_vendor:/opt/ros/jazzy/opt/gz_cmake_vendor:/opt/ros/jazzy DEBUGINFOD_URLS=https://debuginfod.ubuntu.com /usr/bin/cmake /home/atr-lab/Desktop/mcp_approach/src/turtlebot3_simulations/turtlebot3_simulations -DAMENT_CMAKE_SYMLINK_INSTALL=1 -DCMAKE_INSTALL_PREFIX=/home/atr-lab/Desktop/mcp_approach/install/turtlebot3_simulations
[0.070s] -- The C compiler identification is GNU 13.3.0
[0.127s] -- The CXX compiler identification is GNU 13.3.0
[0.143s] -- Detecting C compiler ABI info
[0.233s] -- Detecting C compiler ABI info - done
[0.243s] -- Check for working C compiler: /usr/bin/cc - skipped
[0.243s] -- Detecting C compile features
[0.244s] -- Detecting C compile features - done
[0.254s] -- Detecting CXX compiler ABI info
[0.358s] -- Detecting CXX compiler ABI info - done
[0.368s] -- Check for working CXX compiler: /usr/bin/c++ - skipped
[0.368s] -- Detecting CXX compile features
[0.369s] -- Detecting CXX compile features - done
[0.373s] -- Found ament_cmake: 2.5.6 (/opt/ros/jazzy/share/ament_cmake/cmake)
[0.548s] -- Found Python3: /usr/bin/python3 (found version "3.12.3") found components: Interpreter 
[0.642s] -- Override CMake install command with custom implementation using symlinks instead of copying resources
[0.800s] -- Configuring done (0.8s)
[0.803s] -- Generating done (0.0s)
[0.805s] -- Build files have been written to: /home/atr-lab/Desktop/mcp_approach/build/turtlebot3_simulations
[0.812s] Invoked command in '/home/atr-lab/Desktop/mcp_approach/build/turtlebot3_simulations' returned '0': AMENT_PREFIX_PATH=/home/atr-lab/Desktop/mcp_approach/install/turtlebot3_gazebo:/home/atr-lab/Desktop/mcp_approach/install/turtlebot3_fake_node:${AMENT_PREFIX_PATH} CMAKE_PREFIX_PATH=/home/atr-lab/Desktop/mcp_approach/install/turtlebot3_gazebo:/home/atr-lab/Desktop/mcp_approach/install/turtlebot3_fake_node:/opt/ros/jazzy/opt/gz_sim_vendor:/opt/ros/jazzy/opt/gz_sensors_vendor:/opt/ros/jazzy/opt/gz_physics_vendor:/opt/ros/jazzy/opt/sdformat_vendor:/opt/ros/jazzy/opt/gz_gui_vendor:/opt/ros/jazzy/opt/gz_transport_vendor:/opt/ros/jazzy/opt/gz_rendering_vendor:/opt/ros/jazzy/opt/gz_plugin_vendor:/opt/ros/jazzy/opt/gz_fuel_tools_vendor:/opt/ros/jazzy/opt/gz_msgs_vendor:/opt/ros/jazzy/opt/gz_common_vendor:/opt/ros/jazzy/opt/gz_math_vendor:/opt/ros/jazzy/opt/gz_utils_vendor:/opt/ros/jazzy/opt/gz_tools_vendor:/opt/ros/jazzy/opt/gz_ogre_next_vendor:/opt/ros/jazzy/opt/gz_dartsim_vendor:/opt/ros/jazzy/opt/gz_cmake_vendor:/opt/ros/jazzy DEBUGINFOD_URLS=https://debuginfod.ubuntu.com /usr/bin/cmake /home/atr-lab/Desktop/mcp_approach/src/turtlebot3_simulations/turtlebot3_simulations -DAMENT_CMAKE_SYMLINK_INSTALL=1 -DCMAKE_INSTALL_PREFIX=/home/atr-lab/Desktop/mcp_approach/install/turtlebot3_simulations
[0.812s] Invoking command in '/home/atr-lab/Desktop/mcp_approach/build/turtlebot3_simulations': AMENT_PREFIX_PATH=/home/atr-lab/Desktop/mcp_approach/install/turtlebot3_gazebo:/home/atr-lab/Desktop/mcp_approach/install/turtlebot3_fake_node:${AMENT_PREFIX_PATH} CMAKE_PREFIX_PATH=/home/atr-lab/Desktop/mcp_approach/install/turtlebot3_gazebo:/home/atr-lab/Desktop/mcp_approach/install/turtlebot3_fake_node:/opt/ros/jazzy/opt/gz_sim_vendor:/opt/ros/jazzy/opt/gz_sensors_vendor:/opt/ros/jazzy/opt/gz_physics_vendor:/opt/ros/jazzy/opt/sdformat_vendor:/opt/ros/jazzy/opt/gz_gui_vendor:/opt/ros/jazzy/opt/gz_transport_vendor:/opt/ros/jazzy/opt/gz_rendering_vendor:/opt/ros/jazzy/opt/gz_plugin_vendor:/opt/ros/jazzy/opt/gz_fuel_tools_vendor:/opt/ros/jazzy/opt/gz_msgs_vendor:/opt/ros/jazzy/opt/gz_common_vendor:/opt/ros/jazzy/opt/gz_math_vendor:/opt/ros/jazzy/opt/gz_utils_vendor:/opt/ros/jazzy/opt/gz_tools_vendor:/opt/ros/jazzy/opt/gz_ogre_next_vendor:/opt/ros/jazzy/opt/gz_dartsim_vendor:/opt/ros/jazzy/opt/gz_cmake_vendor:/opt/ros/jazzy DEBUGINFOD_URLS=https://debuginfod.ubuntu.com /usr/bin/cmake --build /home/atr-lab/Desktop/mcp_approach/build/turtlebot3_simulations -- -j12 -l12
[0.853s] Invoked command in '/home/atr-lab/Desktop/mcp_approach/build/turtlebot3_simulations' returned '0': AMENT_PREFIX_PATH=/home/atr-lab/Desktop/mcp_approach/install/turtlebot3_gazebo:/home/atr-lab/Desktop/mcp_approach/install/turtlebot3_fake_node:${AMENT_PREFIX_PATH} CMAKE_PREFIX_PATH=/home/atr-lab/Desktop/mcp_approach/install/turtlebot3_gazebo:/home/atr-lab/Desktop/mcp_approach/install/turtlebot3_fake_node:/opt/ros/jazzy/opt/gz_sim_vendor:/opt/ros/jazzy/opt/gz_sensors_vendor:/opt/ros/jazzy/opt/gz_physics_vendor:/opt/ros/jazzy/opt/sdformat_vendor:/opt/ros/jazzy/opt/gz_gui_vendor:/opt/ros/jazzy/opt/gz_transport_vendor:/opt/ros/jazzy/opt/gz_rendering_vendor:/opt/ros/jazzy/opt/gz_plugin_vendor:/opt/ros/jazzy/opt/gz_fuel_tools_vendor:/opt/ros/jazzy/opt/gz_msgs_vendor:/opt/ros/jazzy/opt/gz_common_vendor:/opt/ros/jazzy/opt/gz_math_vendor:/opt/ros/jazzy/opt/gz_utils_vendor:/opt/ros/jazzy/opt/gz_tools_vendor:/opt/ros/jazzy/opt/gz_ogre_next_vendor:/opt/ros/jazzy/opt/gz_dartsim_vendor:/opt/ros/jazzy/opt/gz_cmake_vendor:/opt/ros/jazzy DEBUGINFOD_URLS=https://debuginfod.ubuntu.com /usr/bin/cmake --build /home/atr-lab/Desktop/mcp_approach/build/turtlebot3_simulations -- -j12 -l12
[0.854s] Invoking command in '/home/atr-lab/Desktop/mcp_approach/build/turtlebot3_simulations': AMENT_PREFIX_PATH=/home/atr-lab/Desktop/mcp_approach/install/turtlebot3_gazebo:/home/atr-lab/Desktop/mcp_approach/install/turtlebot3_fake_node:${AMENT_PREFIX_PATH} CMAKE_PREFIX_PATH=/home/atr-lab/Desktop/mcp_approach/install/turtlebot3_gazebo:/home/atr-lab/Desktop/mcp_approach/install/turtlebot3_fake_node:/opt/ros/jazzy/opt/gz_sim_vendor:/opt/ros/jazzy/opt/gz_sensors_vendor:/opt/ros/jazzy/opt/gz_physics_vendor:/opt/ros/jazzy/opt/sdformat_vendor:/opt/ros/jazzy/opt/gz_gui_vendor:/opt/ros/jazzy/opt/gz_transport_vendor:/opt/ros/jazzy/opt/gz_rendering_vendor:/opt/ros/jazzy/opt/gz_plugin_vendor:/opt/ros/jazzy/opt/gz_fuel_tools_vendor:/opt/ros/jazzy/opt/gz_msgs_vendor:/opt/ros/jazzy/opt/gz_common_vendor:/opt/ros/jazzy/opt/gz_math_vendor:/opt/ros/jazzy/opt/gz_utils_vendor:/opt/ros/jazzy/opt/gz_tools_vendor:/opt/ros/jazzy/opt/gz_ogre_next_vendor:/opt/ros/jazzy/opt/gz_dartsim_vendor:/opt/ros/jazzy/opt/gz_cmake_vendor:/opt/ros/jazzy DEBUGINFOD_URLS=https://debuginfod.ubuntu.com /usr/bin/cmake --install /home/atr-lab/Desktop/mcp_approach/build/turtlebot3_simulations
[0.862s] -- Install configuration: ""
[0.862s] -- Execute custom install script
[0.862s] -- Symlinking: /home/atr-lab/Desktop/mcp_approach/install/turtlebot3_simulations/share/ament_index/resource_index/package_run_dependencies/turtlebot3_simulations
[0.872s] -- Symlinking: /home/atr-lab/Desktop/mcp_approach/install/turtlebot3_simulations/share/ament_index/resource_index/parent_prefix_path/turtlebot3_simulations
[0.881s] -- Symlinking: /home/atr-lab/Desktop/mcp_approach/install/turtlebot3_simulations/share/turtlebot3_simulations/environment/ament_prefix_path.sh
[0.891s] -- Symlinking: /home/atr-lab/Desktop/mcp_approach/install/turtlebot3_simulations/share/turtlebot3_simulations/environment/ament_prefix_path.dsv
[0.902s] -- Symlinking: /home/atr-lab/Desktop/mcp_approach/install/turtlebot3_simulations/share/turtlebot3_simulations/environment/path.sh
[0.912s] -- Symlinking: /home/atr-lab/Desktop/mcp_approach/install/turtlebot3_simulations/share/turtlebot3_simulations/environment/path.dsv
[0.922s] -- Symlinking: /home/atr-lab/Desktop/mcp_approach/install/turtlebot3_simulations/share/turtlebot3_simulations/local_setup.bash
[0.932s] -- Symlinking: /home/atr-lab/Desktop/mcp_approach/install/turtlebot3_simulations/share/turtlebot3_simulations/local_setup.sh
[0.942s] -- Symlinking: /home/atr-lab/Desktop/mcp_approach/install/turtlebot3_simulations/share/turtlebot3_simulations/local_setup.zsh
[0.953s] -- Symlinking: /home/atr-lab/Desktop/mcp_approach/install/turtlebot3_simulations/share/turtlebot3_simulations/local_setup.dsv
[0.962s] -- Symlinking: /home/atr-lab/Desktop/mcp_approach/install/turtlebot3_simulations/share/turtlebot3_simulations/package.dsv
[0.972s] -- Symlinking: /home/atr-lab/Desktop/mcp_approach/install/turtlebot3_simulations/share/ament_index/resource_index/packages/turtlebot3_simulations
[0.982s] -- Symlinking: /home/atr-lab/Desktop/mcp_approach/install/turtlebot3_simulations/share/turtlebot3_simulations/cmake/turtlebot3_simulationsConfig.cmake
[0.991s] -- Symlinking: /home/atr-lab/Desktop/mcp_approach/install/turtlebot3_simulations/share/turtlebot3_simulations/cmake/turtlebot3_simulationsConfig-version.cmake
[1.002s] -- Symlinking: /home/atr-lab/Desktop/mcp_approach/install/turtlebot3_simulations/share/turtlebot3_simulations/package.xml
[1.014s] Invoked command in '/home/atr-lab/Desktop/mcp_approach/build/turtlebot3_simulations' returned '0': AMENT_PREFIX_PATH=/home/atr-lab/Desktop/mcp_approach/install/turtlebot3_gazebo:/home/atr-lab/Desktop/mcp_approach/install/turtlebot3_fake_node:${AMENT_PREFIX_PATH} CMAKE_PREFIX_PATH=/home/atr-lab/Desktop/mcp_approach/install/turtlebot3_gazebo:/home/atr-lab/Desktop/mcp_approach/install/turtlebot3_fake_node:/opt/ros/jazzy/opt/gz_sim_vendor:/opt/ros/jazzy/opt/gz_sensors_vendor:/opt/ros/jazzy/opt/gz_physics_vendor:/opt/ros/jazzy/opt/sdformat_vendor:/opt/ros/jazzy/opt/gz_gui_vendor:/opt/ros/jazzy/opt/gz_transport_vendor:/opt/ros/jazzy/opt/gz_rendering_vendor:/opt/ros/jazzy/opt/gz_plugin_vendor:/opt/ros/jazzy/opt/gz_fuel_tools_vendor:/opt/ros/jazzy/opt/gz_msgs_vendor:/opt/ros/jazzy/opt/gz_common_vendor:/opt/ros/jazzy/opt/gz_math_vendor:/opt/ros/jazzy/opt/gz_utils_vendor:/opt/ros/jazzy/opt/gz_tools_vendor:/opt/ros/jazzy/opt/gz_ogre_next_vendor:/opt/ros/jazzy/opt/gz_dartsim_vendor:/opt/ros/jazzy/opt/gz_cmake_vendor:/opt/ros/jazzy DEBUGINFOD_URLS=https://debuginfod.ubuntu.com /usr/bin/cmake --install /home/atr-lab/Desktop/mcp_approach/build/turtlebot3_simulations
